python3: can't open file 'inbede_for.py': [Errno 2] No such file or directory
sys:1: DtypeWarning: Columns (3) have mixed types.Specify dtype option on import or set low_memory=False.
sys:1: DtypeWarning: Columns (6) have mixed types.Specify dtype option on import or set low_memory=False.
Traceback (most recent call last):
  File "inbede_for_1min.py", line 132, in <module>
    df1_minu=df1_day[(df1_day["lpep_pickup_datetime"] > set_time)& (df1_day["lpep_pickup_datetime"] < after_1min)]
NameError: name 'after_1min' is not defined
sys:1: DtypeWarning: Columns (3) have mixed types.Specify dtype option on import or set low_memory=False.
sys:1: DtypeWarning: Columns (6) have mixed types.Specify dtype option on import or set low_memory=False.
83 29
0
80 67
5
89 65
10
76 80
15
92 88
20
80 98
25
81 86
30
101 101
35
105 82
40
114 109
45
127 107
50
108 120
55
102 108
60
104 105
65
110 98
70
111 112
75
104 111
80
91 92
85
97 99
90
114 123
95
124 123
100
122 126
105
116 131
110
118 121
115
112 99
120
114 121
125
89 119
130
126 123
135
116 120
140
131 121
145
105 126
150
110 119
155
126 129
160
124 136
165
117 135
170
137 128
175
135 114
180
114 128
185
146 125
190
121 139
195
116 124
200
119 103
205
112 122
210
113 108
215
110 113
220
139 112
225
145 111
230
131 130
235
120 124
240
129 118
245
116 130
250
138 124
255
116 107
260
120 116
265
120 130
270
127 120
275
128 118
280
143 152
285
116 123
290
134 120
295
110 152
300
122 114
305
125 127
310
122 132
315
128 117
320
116 140
325
124 110
330
126 123
335
131 109
340
148 131
345
134 131
350
135 128
355
115 127
360
122 141
365
131 130
370
127 140
375
122 137
380
113 121
385
126 119
390
119 128
395
119 108
400
131 145
405
137 130
410
130 141
415
132 137
420
134 118
425
137 127
430
137 129
435
124 107
440
107 137
445
104 109
450
122 141
455
122 146
460
131 111
465
149 127
470
158 136
475
127 124
480
131 150
485
138 141
490
132 129
495
142 115
500
136 157
505
134 143
510
129 126
515
124 120
520
152 154
525
129 140
530
141 133
535
153 122
540
147 127
545
126 124
550
133 140
555
127 119
560
130 126
565
151 125
570
99 137
575
135 121
580
93 119
585
97 128
590
130 124
595
66 22
0
79 45
5
74 55
10
74 61
15
86 67
20
92 84
25
85 83
30
91 83
35
127 103
40
150 120
45
168 114
50
133 143
55
130 129
60
145 113
65
143 105
70
134 118
75
140 135
80
129 151
85
141 121
90
140 123
95
153 132
100
122 122
105
144 133
110
128 122
115
114 116
120
142 135
125
130 119
130
133 135
135
157 122
140
144 133
145
140 137
150
167 148
155
155 177
160
125 144
165
111 133
170
131 121
175
104 118
180
81 123
185
104 98
190
121 107
195
91 116
200
94 105
205
114 100
210
102 99
215
100 90
220
118 101
225
114 115
230
114 129
235
100 105
240
130 112
245
128 114
250
112 119
255
126 129
260
119 121
265
174 116
270
167 157
275
171 168
280
182 161
285
176 161
290
156 199
295
159 198
300
146 168
305
114 145
310
135 129
315
129 126
320
109 110
325
110 123
330
123 108
335
112 111
340
112 120
345
142 119
350
123 145
355
136 108
360
132 97
365
103 113
370
96 120
375
123 111
380
92 110
385
105 124
390
101 110
395
111 90
400
132 96
405
148 112
410
136 134
415
131 131
420
118 133
425
109 122
430
120 140
435
111 106
440
108 136
445
120 128
450
96 120
455
123 101
460
110 114
465
120 113
470
149 121
475
120 139
480
117 103
485
125 131
490
135 127
495
116 130
500
110 130
505
111 113
510
109 106
515
114 105
520
129 137
525
141 133
530
124 126
535
127 125
540
123 131
545
127 136
550
143 117
555
124 117
560
114 135
565
110 111
570
122 151
575
121 105
580
125 118
585
115 118
590
100 130
595
161 27
0
143 55
5
153 103
10
138 133
15
138 128
20
155 156
25
156 138
30
159 142
35
155 124
40
162 159
45
149 154
50
154 174
55
174 154
60
173 168
65
156 132
70
180 143
75
136 166
80
142 151
85
140 172
90
141 153
95
154 132
100
168 157
105
164 159
110
176 179
115
139 153
120
131 140
125
165 137
130
167 152
135
155 162
140
157 166
145
156 165
150
171 171
155
158 131
160
159 154
165
146 133
170
157 163
175
134 176
180
171 148
185
161 147
190
149 149
195
159 181
200
145 160
205
152 152
210
176 145
215
182 141
220
181 157
225
160 145
230
140 184
235
147 186
240
156 166
245
171 166
250
167 166
255
168 171
260
166 154
265
180 179
270
155 157
275
155 182
280
172 164
285
177 176
290
183 170
295
166 177
300
148 168
305
157 178
310
157 168
315
156 160
320
166 171
325
148 180
330
164 156
335
187 175
340
151 151
345
170 172
350
149 175
355
190 167
360
171 166
365
171 167
370
184 131
375
156 156
380
141 164
385
158 169
390
157 172
395
163 183
400
146 133
405
191 181
410
166 183
415
160 178
420
188 162
425
176 160
430
176 186
435
187 175
440
195 185
445
193 174
450
181 166
455
229 172
460
215 186
465
208 207
470
191 195
475
195 201
480
195 182
485
218 176
490
258 187
495
238 239
500
202 225
505
219 216
510
213 228
515
223 216
520
201 230
525
254 250
530
200 232
535
203 239
540
228 217
545
211 235
550
210 229
555
204 226
560
205 228
565
188 234
570
190 197
575
169 195
580
192 204
585
204 184
590
188 172
595
192 19
0
209 82
5
185 111
10
182 142
15
175 151
20
189 162
25
168 150
30
180 186
35
211 167
40
184 190
45
199 201
50
174 180
55
158 188
60
164 178
65
181 146
70
179 171
75
188 168
80
180 188
85
191 178
90
174 171
95
190 164
100
200 189
105
180 175
110
183 198
115
203 210
120
212 184
125
187 178
130
187 191
135
176 173
140
190 198
145
172 187
150
203 206
155
171 191
160
209 184
165
203 175
170
206 197
175
163 205
180
167 196
185
192 173
190
188 190
195
201 190
200
196 188
205
175 176
210
197 193
215
180 194
220
184 209
225
203 203
230
190 203
235
208 190
240
197 196
245
176 176
250
201 176
255
201 177
260
200 184
265
202 189
270
178 184
275
225 178
280
204 195
285
205 184
290
199 232
295
217 231
300
184 200
305
206 180
310
216 187
315
220 201
320
201 212
325
212 209
330
201 211
335
188 185
340
180 203
345
194 187
350
186 179
355
195 211
360
179 203
365
181 197
370
209 182
375
210 193
380
157 201
385
171 187
390
145 166
395
190 180
400
162 167
405
176 157
410
171 182
415
165 179
420
179 196
425
200 174
430
218 179
435
202 173
440
189 205
445
202 188
450
220 184
455
225 220
460
227 222
465
213 218
470
239 224
475
229 205
480
237 230
485
215 220
490
247 236
495
238 253
500
248 259
505
217 234
510
224 230
515
258 260
520
225 264
525
235 238
530
261 264
535
226 249
540
230 260
545
221 205
550
215 210
555
229 230
560
221 260
565
212 236
570
218 220
575
224 210
580
231 234
585
207 234
590
211 220
595
153 26
0
164 58
5
178 95
10
169 162
15
178 137
20
170 159
25
170 179
30
163 170
35
193 161
40
195 195
45
194 167
50
178 184
55
179 167
60
157 163
65
181 185
70
171 160
75
177 145
80
157 184
85
193 168
90
176 178
95
194 167
100
199 186
105
179 176
110
160 202
115
183 165
120
178 198
125
202 172
130
226 163
135
172 211
140
179 217
145
196 190
150
185 207
155
180 177
160
186 180
165
197 207
170
163 188
175
170 222
180
198 193
185
162 211
190
193 171
195
167 159
200
176 188
205
197 193
210
196 211
215
191 203
220
193 186
225
203 197
230
178 211
235
212 187
240
186 194
245
214 192
250
182 201
255
190 182
260
188 200
265
183 221
270
195 192
275
188 196
280
222 203
285
206 188
290
230 223
295
207 204
300
207 207
305
206 224
310
192 238
315
215 217
320
197 223
325
196 196
330
187 186
335
203 200
340
198 194
345
176 208
350
203 183
355
186 191
360
178 189
365
171 186
370
175 182
375
174 169
380
157 185
385
173 169
390
153 144
395
168 172
400
169 186
405
182 176
410
157 170
415
190 179
420
203 153
425
186 160
430
204 191
435
218 177
440
199 187
445
231 197
450
212 211
455
234 213
460
259 198
465
234 212
470
235 235
475
249 250
480
229 238
485
248 218
490
280 236
495
265 250
500
255 250
505
239 232
510
249 234
515
264 248
520
249 265
525
222 303
530
252 250
535
281 259
540
254 260
545
261 232
550
271 266
555
242 233
560
245 229
565
235 265
570
220 224
575
219 252
580
243 270
585
236 231
590
240 275
595
160 27
0
158 65
5
181 101
10
173 133
15
180 148
20
165 145
25
188 146
30
177 157
35
171 190
40
159 151
45
173 170
50
182 192
55
164 184
60
158 196
65
166 167
70
163 177
75
157 162
80
160 165
85
189 171
90
170 159
95
150 172
100
158 167
105
191 168
110
200 189
115
188 184
120
196 183
125
170 164
130
200 176
135
176 162
140
214 175
145
203 201
150
198 185
155
221 160
160
201 181
165
191 200
170
208 209
175
174 178
180
212 207
185
210 187
190
195 205
195
186 198
200
179 230
205
181 188
210
205 209
215
193 185
220
177 182
225
190 213
230
177 176
235
188 169
240
175 200
245
172 183
250
206 191
255
189 188
260
201 188
265
214 192
270
192 197
275
214 212
280
216 214
285
203 197
290
188 234
295
219 244
300
230 220
305
234 187
310
229 253
315
210 243
320
219 238
325
217 237
330
231 222
335
212 212
340
223 219
345
222 218
350
195 221
355
195 171
360
181 223
365
199 199
370
181 201
375
188 180
380
181 159
385
178 160
390
164 177
395
186 178
400
173 181
405
183 176
410
164 199
415
175 174
420
160 171
425
205 161
430
176 174
435
181 183
440
211 217
445
188 196
450
216 203
455
175 192
460
198 177
465
214 191
470
212 225
475
195 202
480
232 219
485
201 212
490
209 227
495
216 212
500
232 204
505
242 218
510
213 266
515
237 208
520
269 244
525
237 249
530
263 253
535
266 253
540
264 282
545
248 294
550
259 269
555
251 259
560
232 250
565
219 259
570
224 257
575
219 232
580
222 231
585
197 219
590
224 204
595
130 35
0
121 77
5
138 101
10
131 106
15
136 98
20
140 114
25
156 134
30
147 130
35
159 119
40
151 118
45
145 142
50
151 147
55
145 155
60
139 146
65
137 146
70
156 131
75
140 133
80
126 167
85
168 156
90
146 141
95
169 142
100
151 152
105
161 138
110
149 163
115
156 162
120
157 176
125
172 161
130
157 163
135
155 142
140
127 155
145
183 163
150
154 167
155
165 159
160
157 154
165
159 162
170
162 170
175
175 167
180
197 185
185
168 179
190
186 172
195
170 146
200
166 155
205
176 175
210
161 181
215
175 167
220
157 143
225
170 177
230
166 150
235
170 161
240
190 162
245
160 167
250
155 180
255
161 176
260
188 143
265
157 162
270
165 162
275
169 174
280
170 169
285
162 153
290
171 163
295
194 187
300
183 177
305
169 162
310
178 200
315
186 169
320
186 178
325
176 168
330
167 195
335
168 152
340
187 194
345
186 165
350
192 176
355
187 169
360
191 195
365
206 196
370
163 185
375
166 191
380
198 192
385
174 192
390
179 187
395
157 177
400
186 154
405
164 171
410
163 182
415
167 199
420
165 169
425
229 174
430
187 198
435
202 187
440
184 174
445
150 174
450
181 214
455
183 190
460
199 183
465
218 168
470
177 193
475
186 198
480
198 193
485
193 218
490
220 210
495
224 213
500
188 192
505
202 174
510
205 200
515
200 166
520
200 191
525
228 197
530
224 211
535
198 193
540
193 216
545
221 176
550
215 199
555
204 202
560
229 223
565
190 200
570
185 215
575
202 176
580
204 186
585
199 203
590
198 205
595
116 45
0
105 70
5
120 95
10
130 103
15
136 133
20
131 104
25
117 140
30
106 102
35
120 120
40
151 119
45
171 122
50
169 144
55
153 142
60
156 148
65
150 135
70
138 137
75
150 131
80
167 150
85
135 163
90
150 139
95
154 155
100
181 139
105
185 157
110
173 136
115
175 153
120
167 176
125
166 157
130
177 183
135
177 136
140
152 182
145
170 161
150
172 154
155
165 171
160
184 176
165
197 148
170
185 166
175
170 178
180
192 192
185
178 175
190
185 183
195
175 164
200
142 158
205
148 150
210
164 150
215
160 161
220
197 149
225
190 182
230
176 200
235
159 177
240
176 181
245
153 191
250
161 148
255
151 165
260
157 166
265
174 140
270
174 164
275
186 171
280
180 167
285
179 151
290
165 160
295
156 186
300
152 163
305
158 146
310
162 170
315
140 147
320
161 153
325
160 144
330
163 144
335
176 154
340
178 143
345
159 122
350
159 148
355
182 179
360
168 168
365
182 137
370
167 170
375
169 180
380
176 185
385
158 172
390
148 162
395
151 157
400
141 175
405
154 169
410
176 116
415
139 174
420
153 128
425
141 171
430
163 151
435
160 171
440
152 174
445
164 155
450
152 154
455
158 160
460
157 158
465
180 173
470
172 144
475
173 182
480
170 173
485
174 160
490
171 173
495
179 179
500
177 179
505
150 165
510
143 168
515
158 157
520
159 180
525
183 156
530
163 171
535
161 169
540
144 162
545
149 174
550
143 144
555
135 154
560
150 152
565
184 150
570
151 159
575
153 168
580
141 144
585
153 151
590
135 161
595
147 26
0
148 58
5
152 114
10
162 137
15
153 145
20
157 136
25
139 136
30
158 156
35
161 158
40
163 185
45
160 137
50
181 168
55
147 162
60
145 135
65
175 165
70
149 128
75
146 161
80
142 140
85
153 175
90
155 155
95
153 133
100
164 152
105
163 168
110
150 170
115
144 177
120
170 162
125
179 130
130
167 142
135
189 169
140
146 159
145
161 143
150
156 177
155
179 157
160
161 164
165
160 164
170
168 161
175
162 181
180
156 166
185
166 152
190
178 143
195
158 157
200
163 155
205
166 155
210
181 151
215
199 161
220
156 181
225
176 169
230
174 174
235
149 171
240
148 163
245
158 159
250
167 154
255
199 162
260
163 165
265
184 175
270
201 154
275
196 171
280
202 193
285
187 181
290
199 210
295
188 200
300
181 192
305
187 175
310
207 181
315
185 218
320
205 218
325
190 194
330
193 220
335
177 196
340
197 201
345
155 200
350
195 198
355
184 178
360
165 175
365
200 159
370
160 179
375
190 173
380
191 173
385
171 182
390
179 150
395
191 189
400
177 168
405
184 204
410
159 216
415
182 163
420
217 162
425
197 200
430
220 195
435
225 174
440
182 226
445
182 190
450
225 219
455
224 199
460
241 210
465
221 237
470
234 218
475
226 233
480
230 208
485
208 228
490
220 232
495
221 204
500
225 223
505
205 241
510
233 220
515
234 231
520
250 211
525
225 222
530
224 273
535
210 244
540
234 243
545
196 224
550
203 217
555
234 230
560
222 228
565
223 225
570
223 204
575
195 234
580
209 222
585
233 221
590
208 222
595
181 30
0
173 70
5
170 88
10
156 121
15
173 150
20
159 163
25
166 162
30
178 175
35
165 176
40
203 185
45
187 195
50
190 180
55
173 188
60
152 172
65
181 154
70
169 175
75
172 177
80
171 180
85
175 183
90
162 169
95
200 170
100
207 159
105
199 180
110
182 191
115
203 179
120
182 225
125
187 165
130
197 184
135
190 195
140
169 158
145
195 177
150
188 158
155
196 188
160
215 202
165
215 191
170
179 202
175
166 203
180
160 174
185
173 196
190
177 166
195
174 171
200
182 195
205
165 169
210
160 164
215
202 204
220
191 166
225
166 189
230
178 186
235
173 182
240
175 193
245
185 187
250
194 195
255
203 187
260
180 163
265
201 167
270
193 168
275
210 174
280
206 193
285
213 185
290
202 213
295
202 220
300
204 194
305
202 204
310
235 185
315
185 201
320
183 176
325
204 213
330
194 187
335
225 214
340
198 194
345
196 210
350
195 219
355
198 198
360
194 186
365
181 198
370
177 192
375
168 182
380
174 200
385
177 198
390
187 194
395
158 154
400
217 197
405
178 179
410
176 188
415
217 192
420
182 197
425
210 179
430
200 215
435
184 207
440
213 196
445
166 214
450
211 224
455
229 217
460
215 180
465
255 196
470
203 228
475
237 215
480
238 231
485
231 237
490
268 233
495
246 248
500
255 255
505
256 275
510
279 286
515
247 266
520
244 268
525
295 269
530
223 252
535
250 266
540
269 262
545
248 239
550
257 281
555
230 234
560
241 260
565
230 215
570
234 266
575
256 248
580
254 234
585
261 232
590
248 245
595
178 21
0
176 65
5
176 107
10
190 123
15
174 150
20
173 176
25
147 158
30
167 160
35
194 178
40
178 184
45
178 175
50
166 163
55
147 211
60
167 181
65
186 164
70
178 137
75
184 153
80
159 170
85
179 168
90
152 168
95
195 171
100
174 155
105
190 151
110
158 168
115
194 194
120
214 189
125
211 195
130
188 179
135
177 205
140
181 188
145
173 194
150
184 166
155
192 196
160
208 200
165
185 201
170
173 200
175
162 213
180
222 184
185
168 172
190
183 175
195
190 195
200
182 185
205
187 177
210
221 192
215
184 180
220
195 185
225
169 178
230
193 193
235
189 203
240
206 191
245
211 213
250
217 204
255
192 202
260
215 189
265
206 197
270
201 197
275
229 222
280
237 220
285
223 217
290
206 247
295
222 218
300
229 194
305
220 199
310
222 215
315
196 216
320
194 203
325
208 218
330
183 232
335
179 173
340
228 214
345
236 225
350
208 218
355
183 233
360
183 184
365
202 197
370
201 212
375
179 190
380
174 215
385
177 220
390
177 208
395
175 168
400
165 181
405
190 168
410
198 195
415
205 201
420
240 186
425
189 183
430
204 192
435
220 207
440
225 214
445
211 237
450
231 208
455
227 221
460
244 220
465
211 265
470
225 216
475
266 248
480
266 240
485
258 236
490
284 256
495
259 280
500
259 244
505
257 258
510
253 279
515
265 244
520
259 289
525
251 267
530
272 297
535
250 275
540
268 255
545
275 269
550
249 229
555
252 254
560
237 255
565
246 245
570
283 234
575
279 230
580
239 270
585
235 268
590
224 224
595
186 34
0
190 86
5
170 94
10
188 136
15
211 148
20
198 166
25
201 204
30
188 163
35
198 196
40
173 191
45
190 164
50
171 194
55
190 172
60
170 175
65
181 189
70
183 165
75
196 166
80
177 189
85
212 181
90
208 201
95
180 183
100
211 196
105
205 208
110
181 204
115
210 190
120
199 199
125
180 185
130
189 176
135
211 196
140
186 199
145
180 188
150
197 200
155
221 196
160
212 189
165
219 195
170
194 183
175
212 227
180
224 231
185
205 198
190
183 204
195
209 201
200
245 202
205
240 218
210
203 185
215
201 232
220
207 236
225
201 207
230
171 222
235
190 216
240
213 201
245
198 178
250
204 218
255
195 195
260
211 183
265
195 217
270
204 204
275
214 194
280
195 195
285
220 208
290
206 238
295
197 202
300
216 197
305
228 189
310
249 165
315
225 214
320
225 218
325
203 246
330
202 203
335
212 225
340
171 259
345
206 198
350
196 195
355
195 184
360
164 203
365
204 179
370
177 197
375
201 175
380
185 163
385
192 206
390
177 174
395
157 166
400
177 174
405
170 160
410
181 178
415
190 210
420
206 180
425
201 164
430
232 216
435
223 226
440
219 184
445
234 200
450
241 216
455
246 214
460
274 221
465
251 233
470
286 264
475
242 259
480
255 281
485
274 267
490
324 283
495
257 280
500
258 264
505
268 273
510
278 272
515
280 268
520
262 268
525
251 281
530
310 274
535
313 291
540
259 286
545
297 303
550
311 294
555
289 279
560
296 297
565
312 315
570
279 318
575
279 294
580
302 273
585
297 295
590
305 321
595
174 25
0
142 60
5
155 86
10
174 116
15
149 142
20
171 140
25
161 162
30
168 152
35
141 168
40
178 183
45
169 172
50
171 187
55
171 178
60
142 164
65
180 168
70
167 171
75
166 144
80
158 167
85
160 140
90
159 162
95
183 163
100
183 146
105
185 189
110
191 178
115
184 212
120
184 159
125
206 174
130
188 162
135
163 210
140
199 194
145
178 172
150
162 149
155
174 192
160
197 202
165
209 182
170
164 189
175
176 181
180
152 170
185
161 188
190
173 168
195
154 150
200
161 172
205
171 173
210
182 183
215
165 161
220
207 173
225
184 177
230
197 197
235
180 187
240
168 174
245
181 179
250
214 190
255
199 183
260
197 192
265
197 193
270
207 167
275
206 173
280
197 185
285
194 178
290
210 201
295
200 231
300
203 179
305
201 234
310
206 196
315
194 210
320
191 214
325
190 176
330
183 199
335
186 198
340
175 214
345
200 202
350
172 198
355
166 217
360
170 191
365
188 165
370
200 180
375
190 178
380
176 171
385
168 175
390
189 180
395
165 159
400
182 158
405
167 173
410
167 174
415
197 192
420
191 188
425
201 189
430
194 171
435
210 199
440
209 186
445
192 196
450
214 211
455
217 177
460
206 203
465
208 233
470
249 220
475
208 218
480
244 231
485
223 220
490
263 242
495
238 230
500
268 236
505
228 261
510
255 261
515
256 232
520
256 243
525
256 272
530
263 288
535
235 261
540
287 260
545
266 286
550
286 244
555
250 240
560
240 239
565
268 259
570
265 259
575
245 241
580
270 313
585
239 234
590
275 249
595
136 39
0
142 98
5
145 139
10
138 137
15
151 133
20
155 169
25
143 132
30
154 146
35
162 140
40
161 129
45
170 160
50
141 154
55
160 152
60
168 148
65
153 128
70
182 148
75
153 164
80
149 172
85
154 162
90
210 174
95
164 154
100
183 185
105
175 191
110
168 177
115
196 185
120
178 184
125
189 180
130
210 193
135
178 193
140
182 190
145
176 192
150
173 167
155
199 179
160
186 173
165
206 188
170
196 190
175
190 208
180
170 193
185
187 209
190
185 175
195
224 179
200
198 172
205
179 188
210
187 208
215
180 206
220
195 170
225
191 219
230
181 207
235
164 229
240
161 176
245
179 180
250
187 188
255
177 178
260
154 199
265
195 196
270
199 182
275
189 198
280
178 179
285
220 178
290
193 184
295
183 190
300
173 190
305
194 182
310
194 165
315
183 175
320
185 189
325
191 188
330
186 187
335
199 171
340
204 197
345
183 178
350
186 200
355
181 182
360
179 171
365
176 174
370
200 162
375
164 180
380
161 180
385
206 217
390
164 167
395
179 167
400
188 177
405
198 179
410
202 198
415
188 185
420
189 175
425
198 165
430
197 185
435
191 187
440
222 191
445
193 200
450
202 192
455
190 204
460
186 167
465
220 205
470
192 194
475
193 217
480
185 190
485
215 217
490
200 192
495
211 204
500
215 203
505
226 208
510
199 195
515
214 211
520
208 209
525
225 226
530
201 222
535
233 228
540
199 203
545
222 211
550
222 210
555
221 215
560
218 192
565
208 214
570
208 241
575
209 220
580
206 196
585
194 199
590
179 191
595
116 39
0
136 79
5
116 98
10
130 111
15
151 106
20
133 136
25
141 129
30
139 112
35
128 139
40
174 162
45
155 156
50
159 169
55
165 181
60
154 168
65
186 154
70
184 153
75
146 155
80
169 160
85
156 148
90
155 145
95
153 147
100
175 153
105
200 146
110
165 167
115
182 155
120
163 157
125
184 169
130
178 158
135
170 179
140
180 181
145
175 188
150
180 166
155
195 163
160
179 179
165
185 165
170
175 188
175
156 192
180
161 212
185
185 170
190
153 186
195
180 155
200
183 182
205
163 155
210
159 192
215
172 163
220
179 155
225
149 172
230
162 176
235
182 155
240
175 161
245
177 154
250
167 175
255
169 180
260
180 157
265
171 186
270
151 166
275
161 156
280
168 178
285
184 166
290
172 191
295
172 185
300
150 150
305
189 155
310
172 162
315
154 170
320
191 153
325
171 168
330
191 166
335
169 181
340
150 171
345
174 192
350
157 176
355
160 159
360
162 163
365
149 170
370
186 169
375
143 166
380
185 162
385
167 186
390
181 181
395
174 179
400
200 168
405
189 160
410
215 187
415
167 184
420
166 168
425
163 188
430
172 174
435
177 172
440
182 160
445
187 173
450
206 172
455
174 165
460
154 174
465
180 188
470
183 206
475
192 199
480
194 207
485
189 171
490
195 157
495
193 187
500
161 190
505
168 187
510
163 162
515
172 156
520
181 174
525
167 186
530
185 167
535
152 143
540
175 173
545
142 156
550
185 171
555
175 148
560
155 187
565
141 136
570
145 156
575
179 155
580
167 158
585
155 158
590
149 171
595
151 29
0
161 60
5
161 96
10
151 119
15
177 145
20
158 145
25
167 174
30
157 161
35
183 160
40
162 158
45
181 168
50
152 163
55
171 157
60
147 139
65
152 161
70
146 136
75
152 139
80
162 146
85
136 161
90
162 147
95
166 133
100
174 167
105
194 167
110
173 177
115
158 195
120
166 171
125
159 181
130
159 175
135
176 154
140
161 152
145
176 156
150
162 163
155
188 159
160
197 171
165
173 200
170
176 168
175
181 187
180
194 189
185
178 155
190
155 162
195
174 194
200
158 190
205
171 166
210
190 175
215
168 179
220
157 175
225
173 181
230
177 200
235
169 173
240
172 165
245
186 155
250
154 192
255
153 188
260
181 163
265
172 171
270
177 165
275
189 171
280
189 154
285
180 208
290
205 194
295
191 191
300
171 192
305
210 168
310
199 177
315
231 181
320
191 174
325
202 170
330
183 186
335
201 200
340
184 196
345
172 191
350
172 198
355
173 201
360
182 202
365
173 160
370
168 168
375
186 162
380
182 198
385
194 192
390
217 192
395
182 183
400
193 209
405
206 169
410
179 193
415
192 179
420
194 185
425
228 200
430
213 195
435
205 194
440
204 205
445
207 220
450
236 210
455
230 205
460
239 228
465
263 225
470
229 243
475
250 245
480
292 219
485
250 234
490
241 243
495
254 242
500
216 235
505
224 218
510
232 275
515
237 209
520
239 210
525
239 247
530
202 230
535
223 246
540
239 254
545
225 246
550
206 218
555
226 225
560
217 236
565
207 229
570
207 239
575
203 197
580
195 196
585
214 194
590
224 219
595
163 29
0
189 83
5
174 110
10
141 142
15
176 138
20
172 152
25
161 168
30
172 145
35
184 165
40
191 167
45
187 180
50
175 197
55
167 177
60
183 174
65
158 173
70
170 154
75
141 151
80
177 160
85
149 176
90
190 163
95
166 156
100
184 186
105
190 168
110
173 160
115
179 166
120
193 189
125
213 167
130
183 187
135
176 161
140
172 153
145
177 183
150
161 162
155
199 160
160
162 174
165
175 157
170
170 159
175
154 165
180
191 197
185
144 174
190
158 184
195
162 152
200
150 160
205
185 170
210
166 162
215
190 147
220
178 165
225
210 172
230
191 206
235
170 177
240
187 208
245
183 160
250
205 174
255
192 197
260
173 172
265
186 194
270
205 186
275
214 181
280
220 194
285
194 220
290
218 192
295
196 201
300
196 185
305
200 186
310
191 200
315
182 223
320
215 178
325
194 204
330
192 215
335
196 204
340
196 193
345
185 219
350
190 191
355
181 212
360
193 189
365
207 191
370
169 220
375
141 179
380
157 178
385
175 200
390
189 175
395
199 183
400
193 186
405
208 179
410
177 186
415
193 178
420
213 185
425
219 175
430
202 206
435
223 223
440
234 200
445
228 210
450
214 214
455
240 235
460
241 228
465
278 247
470
260 245
475
249 266
480
248 249
485
236 220
490
286 261
495
246 262
500
257 287
505
262 269
510
230 261
515
247 286
520
258 278
525
244 260
530
228 271
535
234 245
540
232 253
545
236 245
550
252 255
555
219 257
560
240 248
565
242 246
570
214 240
575
252 226
580
244 232
585
238 252
590
188 230
595
175 27
0
158 66
5
165 108
10
181 122
15
189 176
20
208 157
25
173 174
30
175 177
35
171 216
40
169 183
45
173 199
50
214 180
55
176 200
60
162 162
65
180 160
70
179 162
75
168 168
80
149 198
85
181 159
90
198 175
95
200 164
100
187 172
105
189 201
110
180 186
115
185 188
120
187 184
125
214 181
130
218 185
135
175 170
140
207 204
145
181 190
150
183 184
155
187 184
160
175 202
165
198 197
170
196 204
175
180 195
180
177 193
185
187 183
190
182 173
195
194 190
200
177 189
205
183 176
210
203 197
215
186 175
220
211 164
225
194 197
230
201 186
235
178 183
240
201 200
245
201 197
250
175 215
255
185 171
260
198 191
265
213 183
270
197 172
275
195 182
280
176 199
285
215 194
290
203 209
295
187 190
300
213 193
305
224 222
310
221 176
315
194 179
320
184 205
325
178 221
330
194 201
335
211 199
340
195 198
345
211 189
350
190 200
355
184 186
360
208 182
365
185 181
370
195 199
375
188 172
380
182 184
385
173 218
390
189 187
395
167 170
400
150 167
405
185 191
410
182 163
415
186 186
420
200 176
425
200 183
430
207 195
435
218 208
440
219 205
445
239 208
450
240 184
455
261 216
460
251 230
465
204 224
470
245 234
475
233 239
480
235 244
485
249 247
490
268 244
495
277 249
500
247 236
505
244 239
510
295 263
515
251 253
520
248 227
525
254 262
530
252 300
535
261 261
540
262 256
545
242 256
550
281 262
555
277 263
560
216 242
565
240 246
570
240 256
575
242 247
580
252 239
585
273 259
590
228 256
595
192 22
0
172 79
5
184 99
10
194 138
15
164 162
20
177 146
25
178 186
30
164 166
35
174 184
40
177 171
45
183 169
50
176 199
55
184 174
60
162 163
65
183 180
70
178 165
75
168 193
80
178 158
85
194 170
90
183 185
95
193 186
100
189 170
105
207 163
110
213 213
115
187 198
120
183 195
125
218 173
130
190 190
135
180 198
140
171 195
145
174 196
150
183 176
155
180 198
160
195 183
165
186 213
170
172 168
175
183 192
180
187 191
185
178 194
190
172 175
195
161 209
200
181 184
205
189 187
210
180 163
215
213 157
220
202 194
225
206 192
230
188 192
235
180 224
240
180 177
245
213 181
250
175 196
255
174 170
260
193 192
265
223 189
270
183 205
275
215 194
280
228 164
285
189 194
290
185 210
295
223 194
300
199 207
305
217 179
310
181 216
315
215 184
320
183 208
325
183 204
330
199 206
335
210 192
340
213 183
345
184 203
350
204 195
355
181 200
360
162 205
365
209 172
370
177 167
375
180 220
380
178 192
385
150 172
390
185 188
395
177 167
400
185 201
405
179 164
410
183 193
415
181 198
420
189 163
425
218 183
430
220 169
435
207 195
440
225 221
445
241 230
450
191 219
455
221 234
460
230 225
465
232 258
470
234 230
475
229 258
480
265 224
485
264 255
490
239 266
495
256 239
500
235 257
505
247 266
510
275 295
515
247 290
520
270 274
525
290 268
530
236 298
535
248 320
540
240 245
545
258 248
550
254 270
555
250 281
560
257 270
565
269 254
570
260 264
575
287 252
580
249 255
585
269 256
590
234 294
595
147 26
0
161 64
5
128 89
10
168 127
15
170 106
20
193 140
25
158 126
30
169 152
35
166 165
40
160 168
45
173 144
50
161 179
55
134 186
60
155 173
65
178 160
70
146 164
75
164 153
80
186 166
85
177 147
90
172 151
95
163 168
100
185 173
105
180 152
110
193 181
115
185 205
120
160 188
125
154 175
130
185 160
135
173 181
140
157 182
145
169 193
150
177 178
155
174 145
160
191 158
165
158 182
170
167 202
175
154 171
180
170 163
185
175 184
190
165 172
195
180 161
200
159 197
205
186 151
210
205 184
215
183 170
220
165 166
225
182 181
230
172 179
235
163 180
240
193 182
245
184 171
250
169 180
255
191 173
260
178 167
265
211 186
270
194 189
275
215 189
280
190 197
285
182 185
290
189 190
295
227 194
300
208 201
305
185 198
310
216 188
315
203 225
320
184 182
325
209 205
330
180 183
335
178 205
340
193 196
345
180 180
350
181 190
355
166 202
360
190 161
365
187 179
370
196 166
375
179 156
380
155 183
385
182 204
390
194 182
395
188 147
400
193 162
405
167 165
410
184 176
415
187 174
420
199 177
425
200 156
430
192 177
435
159 203
440
210 205
445
223 202
450
193 219
455
201 213
460
229 208
465
246 223
470
240 241
475
235 204
480
257 232
485
266 232
490
273 228
495
255 242
500
221 246
505
275 240
510
239 275
515
261 232
520
302 243
525
246 273
530
231 267
535
253 255
540
233 257
545
242 262
550
263 241
555
280 246
560
292 253
565
247 265
570
245 272
575
256 250
580
240 261
585
231 253
590
214 284
595
147 42
0
150 105
5
142 97
10
153 151
15
141 142
20
159 140
25
168 171
30
172 145
35
168 143
40
159 170
45
179 179
50
186 160
55
168 144
60
171 166
65
165 160
70
179 177
75
179 158
80
156 150
85
158 144
90
192 163
95
198 152
100
196 182
105
194 179
110
187 185
115
165 183
120
164 190
125
195 181
130
184 178
135
180 195
140
197 187
145
188 190
150
180 196
155
179 172
160
199 178
165
212 185
170
187 207
175
179 174
180
193 187
185
211 161
190
159 182
195
204 172
200
177 183
205
196 192
210
187 180
215
202 182
220
182 200
225
222 206
230
188 197
235
185 158
240
184 196
245
227 156
250
167 162
255
194 224
260
180 201
265
181 194
270
189 183
275
219 190
280
180 202
285
186 202
290
203 173
295
179 191
300
187 206
305
211 208
310
188 171
315
186 204
320
189 181
325
193 176
330
193 167
335
192 172
340
188 178
345
202 189
350
195 178
355
225 203
360
154 179
365
196 202
370
201 202
375
188 212
380
176 206
385
184 183
390
191 158
395
174 200
400
189 193
405
197 209
410
159 194
415
173 190
420
188 176
425
194 177
430
188 203
435
187 205
440
223 192
445
214 221
450
208 186
455
241 202
460
196 223
465
221 216
470
241 198
475
232 204
480
254 234
485
195 210
490
228 228
495
232 204
500
242 225
505
214 208
510
216 224
515
226 223
520
240 231
525
210 244
530
221 211
535
216 220
540
200 210
545
222 201
550
264 193
555
250 212
560
242 255
565
251 229
570
253 214
575
238 248
580
207 257
585
237 223
590
196 210
595
150 27
0
141 78
5
133 87
10
122 101
15
133 104
20
162 123
25
146 152
30
119 136
35
159 139
40
166 152
45
176 158
50
166 178
55
157 163
60
177 161
65
135 148
70
162 149
75
152 152
80
154 166
85
142 160
90
177 162
95
169 146
100
180 163
105
181 135
110
164 164
115
175 178
120
177 181
125
188 182
130
209 160
135
180 184
140
161 164
145
174 174
150
165 164
155
179 190
160
174 153
165
201 192
170
185 201
175
176 185
180
168 175
185
164 174
190
202 179
195
171 178
200
182 171
205
189 176
210
187 197
215
181 162
220
197 180
225
188 172
230
178 175
235
181 167
240
177 190
245
176 162
250
179 164
255
170 184
260
173 139
265
187 192
270
183 208
275
190 164
280
172 183
285
200 184
290
200 170
295
169 200
300
176 204
305
184 172
310
177 191
315
188 173
320
166 154
325
162 150
330
158 154
335
168 165
340
167 153
345
174 162
350
181 179
355
161 153
360
189 188
365
172 189
370
177 171
375
205 177
380
153 162
385
170 199
390
167 168
395
189 180
400
179 170
405
210 196
410
170 175
415
169 166
420
161 179
425
154 149
430
189 165
435
157 164
440
175 190
445
160 195
450
181 189
455
176 181
460
173 156
465
183 172
470
198 162
475
164 170
480
181 186
485
172 194
490
206 172
495
184 190
500
161 189
505
155 200
510
201 176
515
150 175
520
171 186
525
177 179
530
143 172
535
175 176
540
151 150
545
163 167
550
182 147
555
161 166
560
143 163
565
162 150
570
158 163
575
135 157
580
177 141
585
174 160
590
130 157
595
172 30
0
139 57
5
136 64
10
144 91
15
159 121
20
128 127
25
129 128
30
136 139
35
134 126
40
117 121
45
123 137
50
129 129
55
153 145
60
135 147
65
139 124
70
144 138
75
112 152
80
142 123
85
141 148
90
131 115
95
130 127
100
138 127
105
142 151
110
134 156
115
142 143
120
130 119
125
132 136
130
130 136
135
126 122
140
125 130
145
141 136
150
135 123
155
135 139
160
146 148
165
145 148
170
118 137
175
141 145
180
147 119
185
134 138
190
132 135
195
113 148
200
144 138
205
128 143
210
135 140
215
145 126
220
157 131
225
161 136
230
147 144
235
143 167
240
145 129
245
143 136
250
170 151
255
181 153
260
163 145
265
163 150
270
154 147
275
164 179
280
186 180
285
158 165
290
153 167
295
164 156
300
160 148
305
155 151
310
174 151
315
152 175
320
158 167
325
158 182
330
175 171
335
155 170
340
182 185
345
142 165
350
198 174
355
140 181
360
161 151
365
151 142
370
166 163
375
152 151
380
136 181
385
163 137
390
162 160
395
164 152
400
166 160
405
156 163
410
150 168
415
173 163
420
157 141
425
180 154
430
181 157
435
167 176
440
164 181
445
142 187
450
191 192
455
192 194
460
204 181
465
194 188
470
192 173
475
172 215
480
211 181
485
160 182
490
203 178
495
189 216
500
197 186
505
220 187
510
185 188
515
203 190
520
170 200
525
194 183
530
194 217
535
201 192
540
195 211
545
177 203
550
177 197
555
189 175
560
177 194
565
188 193
570
198 183
575
174 200
580
212 197
585
168 168
590
197 195
595
158 31
0
132 53
5
159 86
10
134 115
15
140 119
20
122 139
25
150 129
30
132 128
35
156 143
40
157 135
45
130 143
50
150 132
55
154 136
60
152 160
65
136 125
70
152 150
75
147 127
80
154 143
85
142 154
90
124 146
95
130 152
100
152 161
105
173 160
110
168 174
115
151 153
120
137 148
125
175 124
130
168 142
135
164 151
140
132 166
145
167 158
150
139 183
155
162 156
160
136 154
165
137 150
170
154 149
175
131 158
180
146 139
185
142 129
190
147 156
195
152 148
200
154 129
205
182 188
210
146 142
215
170 146
220
162 140
225
177 161
230
179 152
235
159 166
240
156 129
245
174 148
250
155 154
255
153 179
260
158 165
265
169 137
270
168 149
275
176 163
280
154 148
285
167 171
290
162 170
295
193 153
300
151 175
305
169 153
310
171 177
315
164 191
320
129 178
325
180 165
330
168 158
335
173 171
340
161 158
345
139 147
350
160 168
355
170 136
360
156 182
365
159 176
370
142 137
375
198 150
380
132 163
385
141 169
390
151 153
395
130 152
400
122 143
405
161 136
410
148 164
415
148 166
420
197 126
425
194 174
430
193 157
435
196 179
440
166 210
445
187 189
450
215 196
455
180 194
460
204 200
465
205 197
470
199 224
475
201 202
480
220 241
485
212 207
490
241 198
495
201 227
500
230 238
505
217 231
510
205 229
515
218 225
520
205 215
525
252 215
530
201 230
535
213 203
540
228 217
545
215 216
550
201 202
555
240 235
560
200 224
565
215 250
570
210 223
575
220 204
580
201 189
585
245 216
590
200 214
595
157 23
0
127 53
5
151 77
10
152 94
15
162 93
20
152 132
25
128 143
30
140 127
35
143 116
40
172 128
45
155 150
50
138 154
55
151 155
60
122 140
65
147 146
70
136 116
75
135 133
80
154 144
85
152 156
90
154 141
95
139 139
100
173 145
105
172 141
110
157 147
115
127 160
120
186 161
125
167 155
130
146 163
135
154 145
140
160 148
145
166 171
150
155 186
155
155 148
160
169 155
165
151 158
170
151 151
175
140 166
180
150 157
185
160 158
190
159 156
195
164 153
200
168 138
205
179 148
210
141 144
215
175 147
220
163 150
225
162 175
230
162 169
235
154 163
240
151 143
245
181 157
250
190 159
255
185 171
260
155 170
265
170 171
270
171 188
275
191 144
280
179 171
285
177 185
290
172 206
295
157 177
300
178 173
305
176 173
310
193 174
315
175 174
320
170 178
325
149 188
330
180 167
335
169 158
340
172 183
345
131 173
350
148 157
355
154 168
360
141 162
365
173 156
370
144 174
375
139 165
380
136 159
385
161 153
390
168 147
395
159 153
400
152 149
405
172 172
410
155 170
415
150 157
420
178 150
425
167 158
430
175 185
435
152 173
440
176 170
445
165 147
450
176 172
455
186 180
460
210 198
465
205 204
470
191 178
475
194 232
480
204 184
485
194 187
490
195 205
495
235 207
500
205 205
505
199 221
510
189 239
515
215 217
520
234 204
525
211 232
530
198 206
535
179 246
540
207 217
545
223 219
550
226 238
555
224 232
560
226 242
565
237 231
570
235 230
575
211 214
580
202 244
585
215 215
590
232 211
595
132 23
0
158 54
5
123 87
10
159 99
15
160 113
20
137 111
25
152 151
30
148 134
35
146 132
40
164 132
45
161 150
50
149 137
55
141 172
60
142 151
65
152 143
70
154 129
75
142 154
80
155 142
85
143 115
90
156 137
95
167 133
100
140 136
105
164 139
110
170 178
115
152 175
120
159 163
125
178 159
130
165 166
135
175 161
140
148 168
145
171 156
150
154 182
155
162 154
160
183 140
165
175 142
170
148 178
175
149 175
180
161 174
185
174 172
190
153 179
195
170 157
200
176 146
205
157 173
210
156 152
215
190 167
220
158 156
225
186 179
230
188 177
235
178 165
240
202 205
245
172 177
250
201 185
255
185 169
260
192 189
265
185 217
270
195 182
275
199 191
280
208 213
285
227 188
290
218 194
295
233 214
300
235 227
305
187 185
310
198 233
315
199 233
320
200 196
325
200 213
330
216 186
335
224 207
340
198 192
345
198 209
350
185 201
355
192 205
360
183 184
365
149 169
370
195 167
375
190 186
380
212 160
385
209 199
390
202 209
395
233 213
400
218 184
405
209 206
410
186 194
415
192 200
420
228 195
425
247 207
430
213 239
435
235 213
440
195 227
445
203 216
450
221 218
455
228 220
460
224 227
465
220 203
470
231 222
475
222 244
480
249 249
485
236 233
490
217 243
495
233 243
500
240 239
505
218 252
510
211 272
515
225 243
520
222 241
525
223 272
530
232 262
535
229 239
540
242 268
545
263 229
550
245 287
555
203 249
560
215 235
565
230 230
570
228 251
575
251 223
580
242 217
585
251 231
590
260 275
595
161 35
0
171 69
5
135 102
10
167 120
15
167 134
20
154 135
25
166 167
30
152 159
35
143 153
40
155 149
45
162 157
50
140 179
55
159 169
60
169 155
65
162 154
70
143 163
75
177 158
80
166 131
85
153 166
90
158 142
95
151 149
100
150 147
105
186 169
110
164 181
115
179 177
120
174 189
125
156 159
130
163 164
135
155 164
140
170 158
145
177 180
150
157 166
155
172 158
160
190 161
165
164 168
170
167 180
175
160 181
180
165 153
185
156 148
190
146 181
195
180 138
200
143 153
205
161 158
210
148 163
215
159 165
220
157 171
225
200 181
230
174 165
235
169 200
240
190 162
245
167 158
250
192 177
255
191 193
260
175 181
265
192 184
270
201 179
275
201 199
280
194 181
285
190 179
290
197 189
295
196 198
300
186 165
305
183 187
310
188 179
315
189 191
320
170 215
325
189 185
330
195 190
335
191 172
340
167 179
345
161 177
350
170 181
355
192 171
360
178 158
365
157 154
370
172 196
375
164 162
380
159 184
385
165 167
390
167 166
395
168 151
400
172 163
405
142 173
410
174 175
415
196 177
420
179 173
425
177 158
430
199 149
435
155 173
440
201 188
445
208 201
450
228 194
455
210 176
460
238 204
465
225 228
470
247 206
475
253 243
480
224 237
485
224 220
490
228 216
495
233 247
500
208 232
505
237 252
510
238 251
515
252 224
520
233 282
525
257 238
530
235 228
535
275 245
540
264 251
545
283 258
550
275 253
555
249 275
560
278 244
565
265 251
570
230 271
575
220 249
580
221 237
585
236 275
590
208 235
595
140 31
0
149 97
5
141 111
10
150 122
15
138 142
20
157 151
25
166 140
30
166 157
35
171 164
40
155 161
45
162 187
50
154 156
55
171 152
60
163 142
65
171 139
70
175 143
75
169 154
80
168 146
85
186 161
90
160 163
95
154 170
100
173 218
105
187 176
110
165 205
115
154 190
120
195 181
125
195 153
130
201 153
135
182 166
140
200 184
145
179 183
150
173 191
155
196 170
160
187 196
165
215 173
170
188 191
175
199 188
180
200 194
185
195 170
190
192 166
195
226 178
200
191 173
205
191 198
210
181 194
215
172 207
220
202 181
225
216 207
230
167 208
235
181 187
240
199 194
245
195 173
250
176 175
255
168 185
260
183 179
265
195 166
270
187 186
275
178 195
280
171 211
285
192 203
290
194 191
295
185 191
300
184 191
305
201 176
310
185 183
315
203 169
320
210 193
325
212 206
330
170 178
335
205 204
340
202 197
345
192 183
350
199 193
355
228 174
360
199 219
365
226 188
370
215 208
375
177 188
380
207 187
385
160 180
390
204 178
395
189 174
400
192 170
405
196 163
410
194 167
415
187 192
420
181 189
425
185 208
430
209 206
435
181 196
440
209 208
445
189 216
450
236 209
455
198 199
460
232 229
465
221 212
470
201 230
475
220 194
480
209 195
485
225 201
490
234 214
495
210 233
500
237 217
505
215 222
510
240 218
515
213 229
520
246 214
525
226 224
530
218 222
535
230 216
540
235 210
545
218 225
550
243 226
555
218 236
560
220 201
565
221 237
570
239 261
575
235 219
580
215 217
585
224 220
590
200 230
595
121 41
0
129 87
5
134 86
10
132 111
15
134 129
20
143 115
25
112 116
30
149 117
35
160 119
40
163 142
45
172 156
50
148 151
55
142 150
60
148 142
65
160 163
70
168 158
75
142 146
80
154 155
85
154 147
90
141 139
95
152 136
100
167 186
105
166 159
110
174 200
115
183 167
120
184 150
125
186 143
130
161 167
135
183 174
140
179 162
145
172 162
150
182 195
155
167 170
160
181 163
165
185 183
170
174 178
175
164 210
180
146 189
185
190 153
190
183 145
195
155 158
200
175 158
205
188 152
210
149 175
215
172 165
220
163 163
225
155 171
230
185 150
235
174 169
240
165 166
245
173 162
250
170 168
255
167 180
260
180 181
265
153 176
270
155 162
275
162 175
280
182 151
285
154 187
290
134 167
295
157 148
300
155 187
305
154 167
310
156 163
315
166 174
320
182 164
325
151 155
330
138 140
335
184 142
340
170 171
345
169 166
350
163 181
355
166 177
360
155 156
365
142 145
370
162 140
375
146 180
380
140 139
385
157 181
390
147 188
395
175 171
400
177 145
405
172 184
410
172 190
415
181 142
420
182 190
425
177 169
430
174 190
435
197 180
440
193 202
445
167 162
450
192 170
455
173 193
460
187 170
465
192 181
470
168 206
475
176 202
480
191 175
485
179 164
490
180 197
495
180 167
500
168 228
505
171 171
510
180 207
515
187 178
520
179 181
525
171 177
530
152 187
535
152 165
540
142 165
545
143 147
550
150 152
555
171 171
560
167 168
565
144 184
570
165 149
575
132 155
580
162 160
585
177 138
590
135 187
595
142 23
0
171 82
5
136 121
10
143 131
15
169 118
20
154 130
25
144 147
30
124 133
35
155 119
40
135 145
45
148 142
50
136 157
55
137 132
60
122 130
65
132 133
70
141 117
75
149 144
80
154 144
85
143 152
90
131 136
95
139 124
100
143 144
105
156 144
110
184 157
115
136 152
120
143 133
125
142 149
130
148 152
135
162 133
140
141 145
145
149 139
150
156 136
155
144 142
160
159 165
165
149 157
170
153 170
175
148 169
180
148 156
185
161 141
190
152 154
195
157 141
200
155 142
205
162 150
210
124 150
215
130 173
220
149 154
225
183 162
230
152 144
235
156 168
240
171 151
245
168 150
250
172 144
255
179 138
260
143 165
265
168 154
270
177 123
275
152 173
280
170 160
285
152 165
290
180 192
295
161 160
300
159 140
305
162 138
310
157 139
315
194 146
320
160 145
325
156 182
330
155 164
335
173 168
340
146 159
345
151 173
350
155 165
355
175 175
360
163 166
365
134 164
370
163 142
375
166 153
380
161 163
385
169 136
390
134 157
395
183 168
400
158 176
405
170 161
410
149 172
415
161 177
420
153 138
425
178 141
430
167 155
435
191 164
440
166 165
445
164 185
450
180 188
455
185 177
460
169 203
465
192 164
470
192 173
475
224 190
480
200 188
485
213 217
490
190 205
495
205 193
500
195 185
505
176 200
510
193 160
515
209 176
520
202 192
525
210 182
530
212 181
535
190 220
540
166 186
545
175 175
550
168 182
555
178 197
560
169 190
565
189 157
570
183 159
575
179 172
580
151 163
585
142 168
590
175 156
595
