sys:1: DtypeWarning: Columns (3) have mixed types.Specify dtype option on import or set low_memory=False.
sys:1: DtypeWarning: Columns (6) have mixed types.Specify dtype option on import or set low_memory=False.
18 0
0
25 3
5
22 17
10
21 10
15
24 20
20
28 15
25
23 13
30
22 23
35
21 24
40
27 23
45
23 25
50
26 28
55
36 27
60
24 27
65
21 30
70
25 21
75
17 18
80
20 19
85
29 20
90
19 24
95
19 22
100
24 23
105
26 23
110
24 26
115
25 15
120
30 26
125
24 18
130
18 40
135
29 27
140
23 20
145
35 23
150
35 22
155
27 20
160
32 32
165
29 27
170
27 22
175
27 35
180
29 27
185
29 26
190
18 26
195
19 33
200
20 25
205
21 29
210
31 16
215
28 27
220
26 23
225
22 22
230
28 28
235
28 25
240
32 30
245
29 28
250
36 27
255
21 23
260
24 30
265
27 34
270
25 27
275
24 23
280
35 22
285
24 21
290
19 28
295
30 27
300
23 36
305
32 31
310
27 24
315
21 25
320
21 20
325
22 31
330
15 28
335
27 21
340
28 22
345
25 27
350
25 21
355
30 26
360
24 30
365
27 25
370
29 23
375
16 32
380
25 23
385
24 27
390
23 28
395
23 16
400
29 18
405
18 33
410
26 21
415
30 21
420
18 21
425
25 28
430
18 25
435
20 29
440
22 22
445
29 19
450
32 25
455
21 25
460
24 23
465
27 26
470
28 21
475
18 30
480
23 26
485
18 16
490
15 24
495
21 26
500
21 22
505
24 10
510
12 17
515
29 15
520
23 25
525
18 23
530
19 20
535
19 24
540
29 20
545
26 28
550
28 20
555
29 23
560
21 21
565
27 27
570
23 26
575
20 18
580
19 27
585
23 17
590
20 24
595
9 0
0
8 1
5
10 5
10
8 6
15
11 11
20
11 7
25
11 6
30
10 8
35
15 9
40
7 11
45
8 11
50
15 11
55
14 15
60
11 12
65
21 17
70
19 10
75
16 16
80
23 21
85
21 23
90
15 12
95
22 27
100
17 20
105
14 14
110
15 16
115
10 11
120
21 15
125
13 17
130
13 17
135
22 7
140
18 24
145
17 17
150
14 15
155
15 19
160
9 14
165
24 14
170
13 15
175
15 12
180
9 11
185
9 16
190
17 14
195
13 15
200
18 12
205
9 9
210
13 13
215
13 16
220
13 12
225
14 14
230
15 13
235
8 20
240
9 10
245
11 9
250
13 9
255
26 10
260
11 12
265
22 15
270
22 21
275
22 21
280
21 18
285
17 15
290
21 28
295
19 17
300
22 19
305
25 20
310
17 15
315
27 16
320
17 21
325
12 24
330
18 21
335
17 14
340
14 18
345
21 16
350
16 23
355
10 17
360
15 12
365
8 10
370
22 12
375
13 15
380
12 13
385
10 17
390
14 11
395
13 21
400
14 9
405
12 17
410
18 11
415
10 20
420
14 9
425
16 19
430
18 10
435
21 22
440
14 21
445
14 17
450
12 20
455
21 9
460
15 16
465
14 16
470
16 11
475
13 19
480
21 11
485
19 16
490
14 18
495
15 14
500
16 12
505
21 15
510
24 23
515
24 21
520
13 25
525
17 18
530
16 18
535
19 11
540
10 22
545
13 9
550
10 8
555
12 21
560
12 16
565
19 9
570
16 17
575
14 18
580
15 14
585
22 16
590
12 12
595
18 0
0
19 4
5
18 4
10
29 10
15
21 11
20
24 24
25
22 15
30
15 27
35
28 15
40
27 18
45
21 27
50
24 24
55
26 18
60
22 26
65
24 29
70
26 21
75
27 25
80
28 19
85
21 24
90
25 25
95
20 23
100
22 19
105
28 25
110
28 27
115
26 26
120
24 28
125
31 29
130
21 16
135
18 22
140
30 27
145
20 27
150
22 23
155
21 26
160
21 18
165
17 32
170
22 22
175
36 22
180
24 18
185
30 28
190
27 26
195
25 33
200
26 30
205
27 22
210
29 20
215
20 30
220
16 22
225
16 23
230
17 30
235
24 23
240
20 18
245
27 17
250
23 18
255
31 23
260
23 26
265
27 24
270
20 20
275
21 27
280
18 22
285
31 19
290
20 26
295
27 27
300
22 22
305
23 17
310
19 22
315
21 30
320
35 11
325
32 19
330
25 34
335
21 32
340
31 36
345
20 15
350
21 23
355
38 20
360
25 21
365
24 17
370
19 32
375
23 19
380
13 26
385
17 29
390
27 20
395
19 15
400
21 23
405
25 24
410
28 17
415
28 21
420
23 12
425
27 26
430
18 29
435
22 17
440
23 20
445
26 30
450
31 27
455
15 19
460
31 25
465
25 30
470
22 27
475
27 30
480
32 22
485
23 26
490
29 30
495
22 25
500
15 28
505
37 29
510
33 29
515
31 25
520
37 32
525
44 38
530
34 38
535
26 31
540
31 34
545
38 37
550
32 33
555
25 23
560
29 34
565
27 36
570
19 31
575
28 37
580
18 24
585
24 29
590
24 22
595
23 0
0
28 3
5
31 6
10
22 11
15
28 19
20
27 17
25
22 23
30
30 23
35
25 35
40
26 22
45
31 15
50
20 29
55
34 21
60
23 20
65
28 29
70
23 29
75
13 21
80
21 20
85
30 15
90
20 28
95
30 34
100
29 17
105
30 26
110
27 29
115
32 23
120
29 20
125
33 30
130
26 22
135
34 37
140
20 23
145
31 34
150
30 34
155
34 26
160
23 35
165
22 20
170
33 29
175
32 32
180
22 20
185
24 24
190
32 32
195
23 30
200
31 28
205
23 19
210
27 38
215
29 32
220
27 31
225
21 26
230
27 26
235
33 30
240
28 21
245
31 22
250
21 37
255
24 29
260
33 23
265
16 26
270
21 22
275
27 29
280
27 23
285
32 26
290
21 24
295
37 24
300
28 28
305
31 26
310
34 38
315
32 33
320
26 20
325
29 29
330
32 21
335
26 34
340
26 27
345
28 29
350
23 17
355
24 27
360
28 24
365
32 29
370
35 26
375
33 33
380
35 28
385
26 27
390
23 23
395
29 33
400
29 31
405
25 31
410
18 26
415
30 19
420
28 23
425
23 34
430
34 17
435
32 28
440
24 32
445
24 29
450
23 22
455
22 30
460
24 28
465
30 23
470
33 26
475
31 25
480
28 38
485
23 31
490
24 38
495
30 26
500
36 25
505
24 27
510
30 32
515
44 29
520
25 36
525
29 35
530
43 42
535
32 35
540
33 29
545
28 34
550
32 35
555
30 28
560
22 41
565
33 29
570
29 28
575
26 27
580
26 33
585
31 40
590
23 29
595
35 1
0
22 6
5
27 10
10
25 14
15
27 14
20
29 21
25
28 23
30
26 29
35
29 21
40
23 21
45
29 33
50
28 31
55
22 31
60
32 21
65
30 22
70
24 27
75
18 26
80
30 28
85
20 26
90
25 23
95
32 28
100
29 23
105
27 28
110
26 21
115
31 29
120
14 30
125
30 15
130
29 32
135
31 17
140
28 35
145
28 29
150
13 36
155
25 19
160
28 22
165
22 24
170
28 22
175
30 32
180
23 34
185
26 25
190
23 21
195
18 22
200
25 25
205
32 33
210
28 28
215
29 15
220
20 20
225
34 25
230
28 27
235
20 25
240
26 34
245
24 27
250
31 29
255
27 23
260
25 31
265
26 22
270
30 23
275
20 31
280
29 19
285
26 25
290
26 24
295
25 30
300
24 21
305
25 18
310
26 24
315
21 25
320
19 23
325
23 22
330
28 20
335
24 20
340
19 26
345
25 18
350
34 27
355
34 31
360
28 30
365
35 21
370
32 32
375
25 25
380
17 31
385
34 21
390
33 27
395
22 24
400
22 31
405
25 26
410
25 23
415
34 34
420
30 22
425
28 19
430
33 26
435
26 30
440
24 30
445
24 26
450
29 33
455
42 28
460
28 38
465
26 26
470
35 36
475
37 26
480
31 35
485
38 39
490
31 34
495
45 39
500
21 37
505
35 28
510
28 33
515
41 35
520
37 44
525
32 40
530
30 35
535
26 45
540
26 27
545
31 22
550
30 28
555
32 35
560
37 27
565
35 31
570
15 34
575
24 37
580
35 25
585
29 26
590
33 32
595
21 0
0
17 2
5
28 7
10
21 18
15
24 17
20
18 13
25
20 21
30
27 22
35
27 12
40
17 20
45
30 20
50
15 20
55
25 30
60
26 18
65
23 14
70
20 25
75
18 29
80
27 27
85
23 28
90
17 19
95
22 17
100
26 14
105
30 30
110
29 22
115
23 34
120
21 21
125
21 23
130
25 29
135
21 14
140
20 25
145
28 18
150
23 19
155
25 25
160
31 28
165
28 30
170
23 23
175
27 26
180
22 24
185
24 20
190
28 20
195
23 25
200
15 21
205
25 21
210
24 20
215
16 19
220
16 18
225
19 28
230
18 27
235
26 14
240
27 21
245
26 21
250
22 22
255
26 13
260
35 30
265
25 20
270
28 34
275
30 33
280
30 26
285
36 31
290
29 24
295
28 23
300
36 31
305
22 28
310
33 38
315
28 24
320
20 21
325
36 24
330
38 23
335
25 32
340
40 15
345
30 32
350
26 34
355
32 27
360
35 44
365
37 31
370
27 38
375
28 25
380
32 29
385
27 30
390
33 26
395
27 33
400
32 33
405
26 32
410
43 35
415
29 26
420
32 32
425
38 22
430
27 39
435
26 34
440
24 28
445
21 27
450
34 31
455
27 25
460
25 28
465
40 25
470
35 34
475
26 35
480
28 42
485
36 36
490
42 33
495
34 38
500
46 39
505
45 43
510
41 45
515
44 44
520
37 41
525
49 40
530
33 46
535
47 49
540
35 40
545
40 52
550
51 41
555
31 36
560
28 37
565
41 43
570
31 36
575
31 26
580
29 31
585
38 35
590
30 39
595
23 2
0
20 2
5
16 6
10
32 13
15
19 16
20
17 24
25
33 27
30
19 17
35
20 17
40
31 23
45
23 13
50
23 29
55
25 23
60
24 31
65
28 17
70
31 29
75
27 24
80
23 30
85
27 18
90
30 18
95
29 33
100
19 27
105
19 20
110
33 25
115
34 27
120
19 25
125
29 32
130
27 28
135
32 21
140
28 28
145
19 22
150
27 25
155
19 17
160
24 27
165
29 45
170
28 29
175
22 20
180
24 21
185
25 28
190
30 15
195
24 23
200
29 28
205
31 30
210
20 30
215
31 27
220
28 34
225
23 25
230
23 21
235
39 25
240
31 21
245
29 31
250
34 41
255
37 22
260
28 27
265
27 36
270
31 26
275
28 23
280
26 28
285
42 34
290
22 24
295
26 35
300
28 34
305
34 20
310
27 29
315
35 33
320
22 23
325
27 34
330
28 25
335
32 23
340
27 37
345
24 24
350
32 32
355
37 27
360
46 22
365
34 37
370
26 38
375
29 37
380
28 21
385
44 37
390
31 28
395
24 47
400
31 38
405
36 30
410
24 26
415
34 33
420
30 23
425
31 29
430
25 28
435
37 35
440
35 33
445
28 41
450
27 27
455
40 29
460
29 35
465
35 30
470
35 33
475
36 29
480
25 30
485
32 43
490
43 29
495
43 35
500
43 32
505
32 37
510
35 42
515
40 27
520
40 35
525
42 43
530
31 31
535
33 47
540
38 34
545
35 34
550
33 34
555
33 40
560
22 36
565
33 43
570
22 29
575
26 28
580
35 27
585
32 18
590
32 47
595
28 0
0
26 4
5
21 13
10
33 17
15
26 15
20
32 28
25
22 23
30
21 34
35
26 25
40
28 26
45
25 23
50
21 24
55
27 18
60
24 27
65
25 23
70
35 24
75
23 34
80
29 26
85
15 26
90
21 16
95
23 22
100
30 33
105
21 31
110
31 24
115
23 23
120
28 27
125
23 14
130
29 22
135
21 30
140
31 29
145
31 24
150
25 19
155
25 25
160
25 26
165
30 20
170
28 26
175
30 28
180
23 24
185
26 35
190
26 27
195
21 16
200
27 24
205
19 27
210
27 18
215
22 26
220
27 24
225
22 26
230
28 28
235
27 25
240
34 18
245
29 33
250
27 32
255
35 34
260
37 21
265
31 34
270
29 30
275
37 34
280
33 33
285
34 28
290
34 28
295
22 41
300
23 30
305
30 27
310
37 29
315
23 26
320
26 37
325
34 24
330
21 27
335
31 26
340
23 30
345
28 26
350
29 32
355
29 29
360
27 25
365
28 27
370
30 31
375
23 22
380
35 26
385
27 29
390
21 31
395
17 32
400
29 24
405
19 24
410
19 32
415
32 17
420
30 23
425
25 28
430
26 28
435
28 22
440
22 34
445
25 25
450
24 24
455
24 23
460
32 20
465
19 35
470
21 30
475
31 35
480
15 18
485
23 20
490
28 18
495
34 19
500
30 38
505
22 31
510
29 26
515
19 28
520
28 23
525
24 17
530
23 25
535
25 26
540
19 23
545
15 27
550
28 25
555
25 15
560
20 19
565
30 29
570
29 27
575
29 28
580
25 31
585
20 15
590
22 30
595
17 0
0
29 2
5
31 5
10
22 19
15
26 15
20
21 21
25
24 23
30
23 19
35
19 19
40
20 25
45
21 16
50
17 26
55
27 22
60
25 25
65
21 18
70
32 26
75
23 16
80
24 24
85
25 21
90
28 32
95
24 21
100
19 25
105
21 28
110
28 25
115
20 21
120
25 15
125
28 34
130
30 31
135
25 18
140
23 24
145
21 32
150
25 23
155
26 24
160
21 21
165
25 29
170
28 26
175
21 20
180
24 22
185
20 31
190
26 16
195
33 24
200
25 30
205
22 17
210
26 25
215
31 31
220
23 31
225
20 27
230
28 23
235
27 28
240
29 33
245
22 22
250
37 29
255
22 22
260
24 26
265
29 26
270
29 22
275
20 26
280
21 35
285
34 21
290
28 34
295
28 19
300
34 28
305
26 28
310
30 21
315
17 22
320
24 26
325
38 26
330
20 23
335
35 32
340
20 26
345
24 32
350
33 30
355
31 21
360
26 30
365
29 30
370
32 20
375
24 25
380
25 39
385
28 19
390
30 28
395
23 29
400
22 35
405
22 19
410
26 24
415
27 27
420
25 21
425
30 23
430
30 30
435
27 27
440
24 28
445
32 22
450
30 29
455
27 28
460
35 41
465
26 31
470
23 35
475
30 24
480
36 33
485
38 28
490
23 40
495
23 30
500
34 29
505
31 31
510
32 22
515
32 34
520
36 38
525
30 29
530
31 34
535
29 31
540
34 27
545
34 32
550
21 35
555
25 34
560
22 28
565
22 36
570
29 22
575
27 26
580
23 33
585
19 25
590
23 17
595
31 3
0
14 3
5
31 12
10
27 11
15
23 17
20
34 19
25
28 17
30
28 20
35
24 28
40
21 30
45
24 21
50
23 32
55
22 20
60
27 24
65
23 22
70
17 24
75
20 29
80
33 30
85
23 17
90
19 18
95
26 31
100
30 17
105
26 22
110
29 34
115
30 20
120
15 30
125
34 23
130
15 21
135
28 23
140
25 28
145
27 22
150
24 32
155
30 24
160
25 23
165
28 24
170
18 31
175
22 16
180
34 28
185
22 22
190
27 28
195
26 21
200
19 33
205
26 26
210
27 25
215
26 26
220
28 25
225
22 15
230
22 34
235
27 25
240
27 22
245
29 26
250
25 30
255
25 16
260
18 25
265
30 28
270
28 25
275
27 20
280
23 23
285
21 24
290
20 26
295
23 31
300
35 32
305
22 16
310
23 24
315
22 24
320
13 25
325
20 26
330
27 25
335
20 14
340
19 21
345
18 25
350
34 19
355
26 25
360
29 18
365
32 16
370
25 30
375
30 33
380
21 25
385
25 28
390
28 28
395
25 23
400
22 19
405
25 39
410
22 30
415
22 25
420
26 23
425
28 28
430
33 24
435
25 31
440
17 21
445
39 29
450
36 23
455
19 26
460
28 27
465
27 29
470
24 23
475
26 39
480
25 25
485
37 26
490
38 31
495
35 27
500
32 28
505
34 39
510
41 35
515
40 41
520
29 39
525
29 42
530
25 38
535
34 28
540
35 28
545
34 34
550
35 31
555
35 30
560
23 39
565
27 33
570
26 35
575
26 25
580
27 30
585
28 25
590
33 30
595
25 0
0
28 4
5
28 9
10
31 15
15
22 21
20
26 19
25
18 22
30
25 19
35
22 15
40
24 20
45
29 22
50
33 31
55
28 18
60
23 27
65
29 28
70
30 23
75
20 26
80
30 36
85
22 22
90
35 23
95
23 24
100
27 31
105
18 22
110
22 29
115
27 17
120
34 31
125
23 31
130
25 26
135
23 22
140
14 27
145
24 24
150
27 22
155
23 27
160
24 19
165
23 29
170
25 26
175
17 25
180
29 22
185
27 24
190
34 25
195
20 18
200
35 31
205
22 27
210
23 24
215
22 24
220
28 23
225
21 26
230
21 26
235
24 24
240
38 27
245
24 19
250
23 19
255
30 24
260
24 24
265
22 21
270
31 32
275
25 35
280
15 25
285
25 21
290
30 26
295
32 24
300
27 30
305
28 29
310
29 30
315
22 26
320
30 32
325
33 21
330
21 24
335
21 34
340
17 26
345
25 19
350
27 18
355
31 29
360
30 21
365
24 27
370
24 24
375
15 30
380
30 24
385
33 30
390
28 17
395
19 26
400
24 26
405
23 29
410
23 30
415
35 22
420
40 25
425
35 35
430
32 24
435
26 25
440
39 37
445
32 28
450
24 26
455
31 31
460
33 43
465
25 36
470
29 32
475
29 33
480
32 31
485
28 36
490
32 26
495
33 24
500
31 32
505
37 39
510
42 35
515
38 41
520
45 33
525
30 35
530
25 48
535
27 35
540
29 39
545
46 32
550
36 25
555
31 45
560
34 35
565
33 39
570
25 31
575
26 19
580
32 32
585
41 31
590
27 40
595
29 2
0
20 2
5
19 3
10
27 9
15
33 19
20
32 15
25
23 28
30
19 22
35
22 30
40
17 23
45
30 17
50
37 33
55
23 21
60
17 26
65
34 19
70
26 25
75
24 27
80
22 27
85
21 25
90
23 17
95
26 29
100
26 21
105
25 25
110
26 25
115
30 22
120
33 25
125
26 31
130
26 26
135
26 31
140
27 23
145
26 26
150
21 25
155
20 26
160
19 23
165
21 23
170
28 23
175
21 25
180
19 11
185
24 19
190
32 31
195
32 29
200
25 28
205
31 28
210
21 24
215
27 23
220
26 12
225
24 27
230
24 26
235
35 31
240
34 26
245
34 23
250
27 38
255
30 25
260
31 34
265
33 32
270
25 28
275
27 24
280
26 40
285
27 25
290
33 24
295
19 31
300
31 22
305
24 18
310
34 33
315
26 30
320
32 33
325
28 28
330
25 27
335
27 23
340
16 32
345
21 27
350
21 28
355
22 25
360
36 23
365
24 21
370
27 29
375
21 35
380
36 20
385
25 27
390
25 22
395
34 25
400
26 34
405
30 23
410
38 38
415
18 35
420
35 16
425
34 27
430
30 28
435
23 22
440
34 31
445
28 26
450
28 38
455
34 30
460
39 35
465
36 45
470
39 43
475
43 36
480
37 23
485
40 40
490
44 39
495
42 42
500
38 43
505
53 41
510
47 39
515
36 55
520
29 46
525
44 47
530
37 30
535
35 45
540
34 37
545
37 46
550
36 52
555
29 27
560
31 32
565
30 33
570
39 39
575
29 28
580
42 26
585
38 32
590
37 47
595
16 1
0
33 3
5
28 3
10
25 11
15
26 15
20
21 23
25
30 20
30
30 20
35
27 21
40
15 16
45
23 23
50
31 30
55
18 36
60
27 19
65
28 30
70
20 20
75
23 24
80
26 14
85
22 28
90
26 23
95
25 31
100
27 24
105
24 27
110
17 26
115
26 19
120
16 26
125
15 15
130
22 25
135
25 18
140
21 23
145
21 27
150
15 23
155
25 20
160
20 18
165
21 20
170
30 21
175
21 24
180
21 19
185
22 30
190
19 20
195
22 15
200
14 14
205
25 31
210
16 17
215
24 22
220
21 23
225
20 24
230
28 18
235
23 20
240
26 25
245
25 16
250
27 23
255
28 27
260
26 22
265
30 23
270
19 29
275
20 25
280
19 29
285
29 24
290
30 34
295
34 22
300
30 24
305
18 20
310
23 30
315
22 21
320
29 23
325
24 22
330
31 29
335
27 26
340
19 35
345
28 27
350
28 29
355
35 19
360
22 24
365
22 21
370
17 23
375
27 27
380
22 25
385
34 26
390
34 18
395
24 38
400
26 29
405
35 24
410
25 28
415
30 35
420
34 31
425
32 22
430
21 35
435
28 29
440
37 21
445
37 28
450
41 23
455
47 33
460
36 30
465
31 43
470
35 40
475
35 44
480
39 45
485
43 38
490
27 40
495
32 40
500
38 35
505
33 33
510
33 34
515
41 42
520
37 48
525
38 38
530
28 38
535
41 31
540
44 57
545
37 37
550
32 33
555
30 36
560
36 39
565
29 34
570
36 34
575
47 38
580
40 41
585
35 38
590
31 46
595
15 1
0
23 2
5
20 7
10
23 15
15
20 21
20
19 16
25
10 15
30
23 14
35
20 15
40
24 19
45
19 25
50
29 25
55
22 12
60
21 21
65
21 24
70
24 21
75
16 28
80
21 14
85
22 30
90
14 20
95
32 18
100
25 25
105
22 18
110
20 19
115
17 31
120
25 26
125
22 12
130
26 23
135
22 27
140
19 28
145
21 18
150
29 26
155
39 22
160
36 26
165
27 32
170
31 26
175
27 31
180
38 32
185
26 33
190
21 19
195
28 27
200
28 24
205
25 37
210
23 27
215
25 28
220
30 21
225
28 31
230
30 31
235
40 28
240
25 28
245
30 33
250
40 23
255
17 18
260
34 25
265
25 31
270
25 29
275
36 27
280
32 31
285
25 40
290
30 29
295
24 30
300
31 27
305
30 19
310
32 31
315
35 34
320
30 21
325
38 29
330
23 31
335
27 40
340
32 34
345
20 26
350
30 31
355
32 30
360
34 33
365
30 21
370
29 37
375
34 23
380
21 33
385
24 39
390
29 24
395
26 38
400
28 21
405
35 28
410
30 29
415
26 33
420
32 27
425
27 33
430
33 25
435
33 25
440
28 30
445
41 26
450
23 25
455
24 39
460
35 33
465
40 31
470
33 40
475
44 32
480
23 29
485
31 18
490
26 35
495
26 30
500
33 32
505
32 33
510
41 34
515
37 39
520
30 48
525
36 23
530
30 27
535
31 27
540
34 34
545
34 29
550
27 57
555
37 31
560
32 25
565
32 29
570
32 31
575
46 32
580
37 38
585
30 46
590
19 29
595
22 1
0
26 6
5
25 9
10
24 8
15
27 14
20
28 26
25
25 29
30
20 26
35
29 23
40
32 25
45
31 22
50
36 28
55
22 37
60
33 30
65
18 26
70
16 18
75
26 23
80
36 17
85
22 28
90
18 29
95
13 29
100
23 22
105
22 14
110
22 20
115
17 18
120
17 22
125
22 13
130
24 17
135
25 23
140
27 23
145
22 21
150
24 23
155
39 21
160
34 24
165
18 33
170
29 33
175
29 21
180
25 36
185
29 19
190
30 25
195
26 21
200
29 31
205
26 35
210
28 36
215
30 37
220
29 14
225
23 22
230
26 27
235
29 37
240
32 23
245
29 22
250
36 30
255
37 34
260
38 37
265
26 36
270
23 28
275
27 32
280
38 27
285
31 19
290
33 32
295
32 35
300
24 33
305
24 31
310
38 30
315
30 34
320
28 28
325
19 25
330
25 25
335
33 28
340
32 27
345
28 26
350
28 37
355
22 41
360
30 17
365
38 34
370
18 20
375
30 25
380
23 38
385
31 28
390
31 22
395
30 26
400
31 31
405
23 27
410
24 22
415
26 37
420
28 16
425
28 21
430
27 32
435
20 28
440
28 21
445
33 34
450
29 30
455
39 25
460
33 26
465
24 32
470
30 35
475
39 30
480
28 20
485
26 36
490
41 23
495
20 36
500
21 35
505
39 24
510
20 27
515
29 37
520
22 17
525
29 27
530
23 27
535
19 29
540
28 22
545
16 21
550
23 21
555
25 27
560
26 30
565
22 19
570
32 27
575
32 21
580
22 30
585
21 22
590
22 33
595
28 0
0
26 1
5
30 9
10
31 15
15
27 20
20
26 20
25
28 17
30
23 26
35
28 21
40
19 29
45
22 18
50
24 28
55
24 27
60
22 21
65
26 33
70
22 21
75
20 26
80
28 21
85
25 21
90
20 18
95
22 19
100
26 33
105
21 30
110
27 28
115
21 24
120
21 24
125
22 23
130
25 26
135
21 15
140
20 20
145
13 29
150
20 21
155
29 17
160
27 34
165
24 28
170
21 28
175
26 25
180
19 24
185
29 18
190
23 25
195
24 16
200
20 24
205
28 29
210
25 18
215
20 15
220
22 24
225
24 25
230
30 28
235
20 19
240
26 32
245
20 17
250
26 20
255
31 33
260
26 29
265
18 24
270
23 20
275
20 28
280
27 27
285
33 21
290
29 23
295
27 30
300
28 19
305
25 21
310
19 23
315
20 25
320
22 27
325
23 21
330
22 24
335
20 26
340
22 26
345
25 22
350
32 25
355
39 23
360
21 21
365
21 19
370
21 32
375
25 28
380
29 20
385
23 18
390
16 17
395
21 34
400
21 25
405
24 21
410
28 27
415
25 36
420
32 16
425
35 25
430
32 19
435
28 25
440
31 35
445
24 40
450
25 27
455
34 25
460
26 28
465
33 38
470
32 27
475
23 39
480
43 36
485
34 35
490
33 23
495
22 34
500
36 33
505
30 28
510
39 30
515
29 48
520
27 34
525
25 26
530
33 36
535
24 33
540
28 21
545
35 28
550
22 34
555
33 26
560
33 31
565
27 30
570
29 33
575
22 29
580
24 27
585
29 23
590
20 26
595
23 0
0
37 6
5
22 3
10
19 10
15
16 19
20
28 20
25
23 21
30
28 20
35
26 23
40
26 23
45
29 31
50
19 14
55
31 21
60
17 24
65
24 22
70
25 28
75
23 30
80
23 19
85
26 24
90
26 26
95
25 34
100
17 19
105
20 20
110
29 23
115
21 29
120
27 23
125
20 21
130
20 23
135
19 35
140
22 13
145
25 24
150
15 16
155
27 19
160
14 20
165
20 22
170
24 20
175
24 20
180
19 27
185
20 19
190
24 21
195
21 21
200
20 18
205
33 25
210
29 20
215
23 27
220
16 22
225
31 25
230
24 26
235
21 29
240
24 18
245
19 20
250
35 27
255
20 20
260
28 29
265
20 25
270
25 26
275
26 27
280
21 25
285
27 18
290
22 33
295
15 22
300
28 19
305
25 16
310
30 18
315
26 32
320
13 23
325
24 18
330
21 22
335
20 20
340
24 27
345
22 19
350
30 20
355
28 16
360
28 23
365
22 26
370
33 28
375
24 21
380
24 24
385
25 25
390
24 24
395
26 21
400
23 24
405
20 20
410
29 36
415
16 24
420
32 27
425
21 22
430
27 18
435
19 25
440
25 26
445
26 25
450
21 26
455
24 16
460
26 25
465
20 27
470
37 31
475
30 27
480
33 34
485
36 30
490
41 32
495
29 27
500
24 28
505
25 37
510
34 35
515
32 35
520
33 39
525
47 29
530
33 38
535
30 47
540
27 38
545
38 41
550
29 26
555
27 31
560
25 29
565
31 29
570
14 33
575
37 33
580
28 30
585
30 25
590
21 25
595
22 0
0
31 7
5
22 11
10
22 15
15
26 13
20
24 14
25
21 18
30
19 20
35
23 22
40
32 32
45
29 21
50
21 24
55
24 19
60
26 22
65
12 17
70
25 28
75
22 24
80
21 12
85
24 26
90
28 27
95
23 31
100
30 18
105
28 28
110
26 27
115
27 22
120
23 26
125
21 27
130
25 20
135
20 32
140
32 23
145
21 18
150
30 30
155
29 28
160
19 33
165
21 28
170
29 34
175
20 20
180
20 31
185
19 21
190
24 23
195
22 17
200
27 26
205
30 20
210
25 20
215
25 19
220
23 23
225
30 29
230
26 24
235
17 18
240
31 19
245
26 35
250
30 30
255
31 27
260
32 37
265
24 21
270
21 19
275
25 32
280
30 19
285
26 32
290
33 15
295
29 29
300
32 34
305
26 26
310
30 28
315
27 20
320
33 27
325
31 30
330
14 24
335
24 30
340
35 38
345
25 27
350
28 36
355
29 26
360
28 23
365
24 26
370
24 29
375
30 26
380
34 33
385
23 27
390
28 26
395
28 18
400
32 34
405
27 23
410
25 29
415
18 31
420
19 16
425
29 23
430
31 22
435
31 29
440
26 28
445
39 17
450
34 36
455
30 30
460
38 25
465
28 51
470
40 39
475
23 39
480
36 41
485
27 30
490
37 34
495
39 31
500
32 41
505
42 34
510
26 46
515
35 34
520
43 31
525
33 37
530
30 44
535
29 42
540
34 33
545
38 38
550
25 23
555
26 33
560
34 31
565
17 27
570
27 28
575
27 36
580
40 25
585
34 39
590
39 31
595
26 2
0
23 3
5
19 8
10
28 11
15
20 19
20
25 14
25
15 15
30
15 18
35
26 17
40
25 24
45
26 15
50
23 19
55
16 24
60
29 26
65
25 23
70
25 19
75
21 29
80
32 27
85
22 25
90
26 27
95
21 28
100
21 25
105
21 28
110
25 20
115
25 24
120
22 19
125
31 19
130
19 22
135
22 22
140
29 24
145
27 25
150
20 29
155
21 24
160
28 18
165
24 30
170
21 17
175
25 27
180
19 27
185
27 28
190
28 16
195
22 30
200
25 25
205
25 29
210
30 23
215
19 27
220
27 24
225
18 28
230
21 24
235
27 16
240
32 21
245
26 19
250
24 18
255
26 27
260
29 24
265
28 16
270
30 31
275
25 22
280
26 32
285
30 28
290
30 32
295
22 24
300
31 26
305
41 30
310
34 22
315
21 28
320
34 26
325
24 34
330
21 24
335
21 28
340
22 24
345
22 28
350
30 21
355
24 20
360
23 28
365
28 24
370
25 22
375
23 21
380
23 29
385
32 21
390
15 22
395
24 23
400
21 22
405
27 31
410
22 24
415
26 30
420
23 20
425
27 18
430
30 21
435
28 31
440
30 29
445
26 26
450
32 30
455
33 25
460
34 26
465
31 33
470
30 42
475
35 30
480
34 42
485
31 23
490
40 48
495
40 37
500
35 33
505
34 34
510
33 29
515
45 39
520
29 47
525
29 28
530
44 51
535
47 47
540
39 43
545
35 37
550
34 37
555
28 24
560
37 35
565
37 31
570
40 33
575
38 34
580
31 49
585
30 35
590
33 34
595
25 1
0
22 5
5
30 6
10
28 9
15
16 11
20
29 17
25
31 23
30
15 22
35
23 23
40
19 26
45
29 22
50
26 31
55
26 18
60
22 21
65
23 18
70
20 23
75
23 22
80
25 19
85
28 25
90
24 29
95
26 25
100
22 24
105
31 25
110
25 26
115
19 28
120
26 28
125
22 22
130
25 25
135
19 27
140
18 26
145
20 15
150
25 16
155
15 19
160
8 13
165
19 23
170
13 18
175
18 12
180
27 23
185
16 15
190
18 18
195
21 23
200
22 20
205
26 16
210
15 20
215
20 22
220
17 29
225
31 28
230
25 11
235
22 22
240
26 19
245
21 18
250
14 24
255
25 24
260
31 21
265
21 26
270
27 17
275
36 18
280
29 32
285
31 33
290
37 27
295
30 25
300
37 28
305
31 30
310
33 27
315
20 28
320
23 26
325
26 22
330
27 25
335
29 28
340
23 32
345
20 23
350
29 24
355
27 32
360
33 19
365
25 32
370
33 28
375
24 27
380
24 28
385
20 29
390
35 32
395
30 22
400
28 23
405
24 32
410
28 23
415
25 28
420
25 27
425
24 33
430
37 27
435
30 37
440
35 26
445
32 38
450
27 26
455
31 20
460
35 33
465
39 33
470
42 51
475
38 38
480
28 33
485
37 39
490
40 39
495
44 37
500
44 45
505
38 47
510
29 41
515
38 40
520
34 38
525
46 39
530
39 47
535
41 36
540
32 35
545
37 33
550
42 43
555
31 43
560
35 36
565
40 35
570
34 42
575
40 31
580
35 36
585
34 38
590
53 41
595
15 1
0
20 6
5
14 6
10
24 6
15
20 15
20
23 11
25
21 21
30
17 16
35
26 16
40
23 24
45
27 18
50
31 21
55
26 30
60
28 18
65
23 27
70
24 18
75
23 16
80
23 27
85
18 26
90
21 30
95
19 24
100
15 15
105
33 16
110
21 21
115
20 21
120
19 24
125
20 27
130
26 28
135
35 20
140
19 21
145
17 30
150
26 30
155
26 20
160
26 16
165
31 29
170
27 23
175
25 32
180
23 25
185
25 22
190
28 35
195
23 20
200
33 33
205
26 28
210
25 24
215
28 23
220
23 27
225
29 26
230
23 30
235
34 27
240
20 24
245
27 32
250
28 26
255
27 26
260
18 23
265
28 24
270
22 29
275
35 24
280
36 26
285
30 25
290
23 29
295
32 28
300
29 21
305
29 33
310
29 22
315
38 37
320
28 31
325
36 30
330
36 27
335
27 35
340
17 33
345
29 27
350
30 27
355
27 27
360
35 36
365
42 28
370
26 26
375
35 30
380
32 27
385
30 36
390
27 31
395
25 20
400
28 31
405
33 41
410
36 26
415
25 37
420
35 38
425
35 29
430
33 34
435
37 31
440
40 28
445
36 37
450
17 37
455
38 33
460
36 26
465
40 36
470
37 36
475
25 26
480
32 33
485
37 33
490
38 33
495
45 35
500
27 35
505
44 39
510
51 37
515
39 36
520
35 46
525
48 33
530
42 42
535
36 42
540
26 35
545
33 39
550
34 43
555
28 27
560
30 34
565
37 34
570
42 37
575
27 42
580
32 42
585
31 31
590
45 39
595
22 1
0
18 4
5
28 6
10
32 13
15
24 22
20
23 24
25
24 27
30
34 23
35
22 24
40
29 35
45
23 38
50
29 23
55
28 20
60
28 21
65
23 26
70
24 37
75
16 18
80
25 19
85
26 32
90
23 23
95
18 14
100
22 23
105
25 28
110
26 30
115
21 20
120
16 22
125
22 14
130
23 18
135
23 24
140
20 16
145
30 33
150
27 27
155
20 24
160
30 16
165
25 24
170
29 22
175
27 26
180
23 26
185
40 32
190
28 23
195
25 41
200
32 27
205
28 24
210
23 27
215
32 27
220
28 19
225
35 31
230
30 24
235
37 41
240
29 36
245
26 38
250
46 36
255
23 32
260
33 26
265
34 30
270
31 34
275
23 33
280
30 29
285
33 33
290
23 36
295
29 32
300
32 20
305
24 26
310
32 27
315
38 23
320
30 25
325
27 36
330
28 32
335
27 25
340
29 26
345
26 23
350
25 28
355
18 37
360
30 29
365
33 30
370
26 28
375
25 28
380
26 30
385
24 23
390
31 21
395
33 32
400
18 30
405
12 23
410
27 34
415
26 17
420
30 25
425
32 28
430
27 25
435
28 25
440
27 33
445
30 25
450
35 23
455
23 26
460
34 31
465
28 29
470
13 41
475
38 26
480
30 23
485
26 23
490
31 25
495
26 23
500
29 27
505
40 44
510
25 25
515
27 31
520
28 24
525
16 37
530
20 27
535
22 15
540
20 39
545
25 21
550
21 23
555
28 23
560
32 26
565
31 27
570
33 22
575
39 33
580
20 32
585
19 25
590
30 32
595
28 0
0
19 3
5
24 10
10
19 7
15
25 7
20
25 21
25
26 16
30
21 17
35
22 28
40
19 22
45
19 19
50
27 19
55
25 23
60
36 24
65
20 27
70
24 27
75
19 26
80
28 18
85
19 27
90
25 19
95
29 28
100
21 28
105
17 18
110
31 25
115
23 17
120
21 26
125
20 18
130
22 25
135
23 20
140
23 28
145
23 21
150
27 23
155
16 27
160
14 25
165
21 22
170
20 23
175
17 18
180
16 28
185
26 18
190
24 13
195
11 21
200
24 15
205
21 38
210
18 16
215
18 18
220
19 16
225
21 21
230
27 20
235
20 16
240
26 22
245
23 19
250
28 27
255
20 20
260
15 26
265
26 15
270
24 17
275
27 20
280
27 27
285
21 29
290
33 30
295
37 23
300
19 25
305
21 19
310
28 30
315
18 23
320
17 23
325
30 21
330
21 23
335
25 17
340
19 30
345
22 24
350
23 22
355
22 27
360
33 21
365
29 23
370
23 25
375
20 24
380
25 28
385
27 27
390
20 27
395
24 21
400
28 18
405
34 29
410
22 32
415
28 33
420
24 22
425
27 23
430
24 11
435
37 29
440
20 30
445
23 30
450
23 27
455
18 23
460
31 29
465
27 32
470
31 28
475
36 20
480
38 29
485
24 32
490
28 36
495
22 27
500
23 32
505
40 35
510
37 31
515
27 39
520
35 35
525
27 24
530
26 43
535
26 21
540
28 26
545
25 27
550
24 30
555
30 24
560
30 19
565
26 35
570
26 32
575
29 27
580
19 30
585
17 20
590
26 29
595
35 1
0
26 6
5
24 11
10
31 21
15
33 15
20
27 14
25
29 24
30
21 19
35
31 24
40
23 21
45
32 31
50
28 25
55
22 29
60
20 29
65
36 25
70
22 27
75
26 28
80
21 22
85
16 27
90
29 21
95
34 19
100
18 20
105
23 34
110
23 21
115
27 24
120
22 30
125
34 32
130
17 31
135
20 22
140
35 27
145
34 30
150
25 24
155
30 30
160
25 30
165
31 27
170
23 31
175
23 25
180
18 28
185
28 22
190
21 25
195
22 26
200
22 28
205
27 23
210
17 19
215
26 26
220
27 29
225
22 15
230
24 26
235
27 18
240
26 39
245
31 25
250
23 17
255
17 23
260
34 27
265
22 26
270
23 23
275
33 21
280
23 24
285
29 31
290
25 29
295
27 25
300
32 20
305
26 22
310
23 24
315
31 30
320
37 28
325
25 25
330
34 28
335
29 35
340
23 33
345
31 23
350
29 24
355
31 34
360
23 23
365
25 21
370
25 32
375
22 26
380
29 24
385
23 22
390
30 29
395
26 23
400
31 31
405
27 34
410
31 35
415
34 30
420
23 23
425
21 27
430
33 32
435
29 23
440
31 26
445
20 27
450
26 28
455
34 31
460
31 29
465
25 32
470
30 32
475
30 27
480
29 28
485
22 32
490
39 30
495
24 30
500
47 24
505
40 44
510
29 41
515
33 43
520
26 37
525
33 35
530
34 37
535
33 27
540
30 29
545
21 36
550
33 26
555
28 24
560
26 34
565
28 34
570
34 28
575
36 38
580
31 31
585
25 31
590
30 36
595
17 1
0
28 1
5
25 7
10
33 10
15
40 17
20
20 17
25
16 26
30
23 28
35
20 20
40
31 28
45
19 19
50
30 14
55
26 26
60
34 24
65
26 24
70
19 37
75
21 22
80
24 27
85
33 25
90
25 27
95
23 29
100
28 26
105
21 23
110
39 24
115
23 30
120
21 21
125
41 28
130
21 24
135
20 28
140
19 25
145
22 22
150
34 23
155
22 25
160
19 33
165
27 27
170
26 26
175
31 33
180
24 21
185
35 25
190
21 26
195
30 28
200
27 29
205
21 27
210
27 31
215
29 27
220
18 21
225
22 28
230
23 23
235
29 27
240
25 23
245
34 25
250
30 24
255
26 29
260
24 21
265
25 24
270
33 28
275
26 37
280
31 31
285
20 36
290
29 15
295
27 30
300
40 24
305
27 19
310
35 30
315
23 18
320
30 29
325
32 25
330
26 20
335
22 24
340
18 30
345
36 40
350
36 26
355
23 23
360
33 25
365
19 23
370
23 25
375
18 31
380
20 28
385
23 30
390
27 31
395
26 18
400
26 26
405
15 25
410
23 24
415
34 28
420
28 28
425
28 19
430
33 28
435
33 22
440
31 31
445
28 28
450
26 33
455
35 30
460
31 28
465
23 34
470
41 36
475
37 33
480
42 41
485
26 41
490
38 31
495
40 27
500
33 39
505
31 31
510
37 37
515
33 38
520
34 37
525
34 42
530
36 37
535
22 36
540
23 36
545
26 26
550
38 27
555
36 24
560
24 35
565
33 27
570
30 37
575
33 24
580
36 33
585
33 36
590
35 31
595
27 1
0
30 6
5
28 9
10
19 11
15
26 18
20
27 18
25
17 10
30
26 20
35
26 21
40
25 31
45
20 19
50
29 18
55
31 25
60
19 23
65
25 25
70
24 27
75
25 18
80
24 27
85
26 32
90
21 20
95
14 18
100
20 22
105
24 21
110
29 22
115
27 16
120
28 22
125
29 37
130
36 25
135
24 24
140
25 32
145
42 38
150
30 28
155
30 28
160
25 34
165
24 43
170
23 23
175
32 23
180
20 25
185
25 26
190
26 30
195
31 26
200
23 30
205
23 24
210
30 21
215
26 28
220
33 23
225
27 31
230
28 32
235
27 25
240
27 29
245
40 29
250
26 31
255
28 22
260
25 38
265
20 20
270
28 29
275
31 21
280
29 32
285
21 17
290
28 32
295
34 29
300
36 19
305
24 34
310
34 30
315
26 26
320
31 35
325
30 34
330
34 23
335
27 38
340
30 34
345
36 20
350
34 34
355
30 36
360
31 31
365
30 24
370
26 28
375
32 24
380
27 34
385
44 30
390
32 26
395
30 37
400
21 30
405
25 30
410
33 31
415
30 26
420
20 25
425
32 30
430
25 26
435
36 24
440
35 29
445
32 30
450
26 30
455
48 39
460
28 36
465
28 27
470
40 37
475
31 46
480
42 38
485
34 37
490
39 46
495
23 31
500
38 37
505
40 32
510
35 37
515
33 37
520
26 30
525
28 34
530
42 41
535
29 29
540
27 36
545
35 37
550
36 45
555
32 24
560
40 35
565
33 33
570
28 32
575
32 33
580
49 41
585
22 33
590
34 36
595
27 0
0
25 10
5
25 7
10
22 15
15
18 10
20
28 6
25
27 18
30
14 17
35
18 26
40
33 20
45
16 20
50
26 22
55
30 16
60
21 21
65
26 21
70
19 37
75
22 26
80
25 28
85
23 23
90
23 22
95
25 25
100
21 23
105
24 16
110
32 21
115
29 28
120
26 18
125
18 20
130
26 28
135
19 21
140
27 24
145
15 24
150
17 20
155
18 24
160
19 24
165
24 26
170
24 18
175
19 21
180
19 19
185
20 22
190
20 25
195
14 21
200
26 22
205
23 13
210
24 24
215
16 21
220
10 25
225
20 20
230
21 18
235
28 19
240
26 22
245
24 18
250
21 16
255
21 19
260
21 22
265
28 33
270
22 15
275
26 23
280
28 19
285
26 30
290
16 25
295
36 22
300
24 22
305
32 17
310
20 31
315
21 24
320
29 24
325
26 22
330
33 31
335
17 24
340
26 27
345
28 21
350
21 23
355
40 18
360
16 32
365
28 23
370
30 25
375
33 27
380
20 23
385
32 21
390
20 29
395
39 31
400
25 24
405
38 28
410
26 38
415
30 35
420
29 33
425
28 28
430
30 26
435
26 28
440
40 29
445
40 36
450
32 35
455
33 41
460
29 36
465
47 40
470
34 26
475
41 37
480
34 31
485
24 50
490
41 28
495
39 43
500
39 32
505
34 40
510
43 42
515
50 49
520
23 39
525
30 38
530
46 48
535
37 34
540
38 44
545
37 30
550
44 41
555
39 37
560
40 31
565
31 35
570
35 39
575
35 41
580
47 40
585
32 50
590
40 28
595
27 1
0
33 8
5
20 12
10
22 14
15
17 12
20
30 23
25
25 18
30
22 23
35
21 13
40
17 27
45
22 22
50
21 19
55
24 14
60
21 22
65
22 20
70
21 15
75
32 26
80
26 24
85
21 26
90
11 31
95
18 16
100
21 21
105
31 12
110
23 28
115
26 20
120
25 24
125
24 18
130
32 25
135
20 38
140
24 29
145
27 41
150
33 22
155
26 31
160
23 18
165
28 27
170
32 18
175
25 26
180
30 34
185
25 21
190
27 28
195
24 32
200
26 23
205
25 23
210
21 27
215
29 23
220
22 22
225
32 24
230
34 29
235
27 28
240
25 29
245
22 26
250
21 25
255
18 20
260
31 23
265
35 15
270
30 27
275
32 31
280
37 34
285
29 37
290
26 32
295
31 28
300
12 28
305
34 18
310
27 25
315
26 27
320
24 28
325
37 27
330
31 30
335
30 36
340
17 29
345
29 27
350
38 22
355
23 33
360
19 28
365
31 27
370
26 20
375
23 32
380
31 25
385
34 28
390
28 27
395
21 27
400
26 34
405
28 23
410
27 26
415
26 23
420
25 37
425
28 27
430
38 22
435
27 29
440
32 29
445
31 33
450
28 29
455
28 25
460
46 24
465
33 40
470
29 33
475
37 33
480
30 39
485
35 37
490
41 30
495
38 28
500
27 35
505
32 32
510
36 38
515
43 39
520
36 37
525
27 36
530
34 40
535
25 26
540
34 28
545
30 26
550
40 22
555
31 41
560
33 30
565
36 36
570
26 29
575
31 40
580
31 34
585
32 33
590
29 44
595
23 0
0
27 3
5
29 13
10
17 11
15
20 15
20
18 12
25
33 22
30
24 25
35
19 19
40
20 25
45
25 18
50
21 20
55
17 19
60
21 12
65
21 34
70
24 25
75
24 19
80
16 21
85
26 13
90
17 30
95
27 22
100
22 20
105
18 17
110
19 21
115
23 23
120
24 22
125
18 16
130
18 27
135
22 22
140
23 20
145
27 28
150
32 18
155
21 17
160
28 22
165
20 25
170
26 26
175
23 30
180
27 22
185
23 17
190
28 25
195
24 21
200
20 27
205
22 26
210
22 24
215
30 23
220
27 26
225
24 25
230
14 16
235
23 20
240
26 26
245
27 24
250
25 28
255
22 26
260
34 22
265
18 25
270
31 27
275
32 25
280
20 30
285
24 31
290
30 21
295
20 21
300
26 27
305
26 31
310
29 23
315
20 32
320
34 21
325
32 25
330
23 29
335
20 22
340
26 19
345
22 26
350
22 26
355
21 27
360
29 25
365
18 27
370
25 15
375
22 28
380
35 19
385
23 33
390
21 21
395
21 28
400
24 29
405
23 23
410
24 34
415
18 27
420
28 27
425
30 22
430
22 29
435
34 24
440
24 20
445
23 20
450
27 23
455
21 33
460
31 22
465
20 25
470
23 36
475
29 25
480
27 24
485
20 22
490
26 23
495
34 25
500
31 30
505
23 21
510
27 30
515
28 20
520
29 30
525
28 28
530
16 32
535
24 28
540
30 30
545
25 17
550
23 22
555
21 28
560
20 27
565
24 26
570
31 31
575
26 23
580
30 33
585
24 23
590
30 26
595
20 3
0
26 5
5
24 13
10
17 7
15
19 16
20
24 16
25
22 20
30
19 17
35
21 21
40
19 22
45
25 20
50
32 23
55
22 26
60
24 19
65
20 19
70
21 24
75
19 28
80
30 19
85
22 22
90
27 25
95
26 22
100
20 28
105
15 18
110
26 30
115
30 25
120
19 14
125
23 22
130
24 24
135
9 23
140
17 30
145
22 14
150
26 23
155
19 15
160
26 22
165
17 21
170
20 22
175
21 17
180
22 19
185
21 25
190
16 25
195
17 17
200
21 18
205
21 27
210
16 21
215
19 13
220
20 15
225
24 23
230
28 22
235
23 22
240
20 16
245
24 28
250
20 19
255
22 15
260
17 31
265
21 25
270
18 18
275
13 25
280
26 14
285
20 21
290
29 14
295
19 22
300
15 20
305
28 20
310
16 24
315
26 18
320
22 20
325
21 19
330
21 30
335
22 27
340
18 19
345
17 14
350
21 23
355
16 21
360
31 17
365
17 18
370
21 23
375
26 13
380
16 23
385
22 22
390
19 21
395
19 17
400
20 22
405
24 19
410
29 17
415
20 21
420
36 24
425
22 26
430
20 27
435
22 23
440
17 24
445
32 20
450
29 28
455
17 22
460
26 29
465
25 22
470
32 32
475
17 27
480
25 21
485
17 22
490
18 26
495
32 21
500
24 25
505
19 29
510
26 18
515
18 23
520
27 29
525
21 25
530
19 23
535
25 18
540
21 27
545
17 15
550
26 29
555
22 15
560
32 24
565
27 29
570
14 22
575
18 27
580
19 22
585
23 26
590
16 20
595
sys:1: DtypeWarning: Columns (3) have mixed types.Specify dtype option on import or set low_memory=False.
sys:1: DtypeWarning: Columns (6) have mixed types.Specify dtype option on import or set low_memory=False.
62 4
0
57 9
5
61 18
10
47 26
15
42 48
20
66 34
25
56 51
30
61 43
35
65 61
40
57 41
45
66 67
50
70 66
55
65 40
60
74 47
65
69 77
70
64 60
75
48 62
80
59 63
85
58 76
90
69 58
95
69 60
100
47 58
105
72 52
110
55 49
115
48 61
120
63 61
125
68 47
130
40 71
135
70 59
140
73 59
145
69 50
150
72 62
155
64 71
160
75 66
165
61 74
170
65 65
175
67 62
180
76 61
185
94 71
190
94 76
195
81 62
200
78 63
205
62 73
210
58 79
215
84 90
220
84 95
225
94 79
230
89 72
235
64 62
240
76 61
245
59 70
250
81 73
255
91 88
260
83 68
265
89 61
270
85 57
275
102 85
280
87 92
285
86 74
290
88 102
295
83 72
300
89 71
305
89 83
310
95 93
315
104 73
320
76 91
325
88 100
330
124 89
335
106 99
340
124 90
345
102 80
350
102 112
355
100 87
360
95 113
365
97 107
370
100 108
375
94 94
380
80 110
385
77 101
390
100 94
395
82 92
400
89 90
405
86 77
410
92 82
415
96 113
420
97 103
425
113 90
430
94 76
435
115 72
440
108 102
445
97 96
450
100 75
455
103 86
460
84 110
465
90 96
470
86 93
475
76 108
480
98 98
485
84 107
490
101 90
495
93 98
500
98 79
505
89 96
510
100 100
515
94 114
520
88 95
525
96 83
530
82 108
535
83 84
540
71 103
545
98 92
550
67 91
555
90 109
560
94 87
565
94 85
570
69 75
575
70 75
580
90 86
585
82 86
590
63 92
595
86 1
0
58 6
5
53 21
10
48 34
15
55 44
20
59 49
25
82 45
30
57 71
35
81 57
40
68 55
45
73 58
50
59 71
55
63 67
60
58 80
65
81 48
70
84 49
75
62 61
80
51 68
85
49 59
90
47 75
95
59 52
100
63 58
105
57 61
110
55 53
115
68 57
120
55 51
125
70 70
130
57 65
135
87 53
140
91 62
145
76 64
150
56 54
155
71 57
160
76 57
165
84 69
170
104 80
175
71 69
180
96 65
185
68 76
190
72 93
195
76 88
200
56 90
205
60 79
210
82 76
215
85 69
220
79 64
225
98 80
230
115 82
235
104 87
240
102 93
245
101 77
250
104 88
255
83 102
260
103 81
265
77 85
270
119 96
275
93 94
280
100 96
285
86 88
290
110 99
295
86 105
300
87 86
305
76 70
310
111 83
315
68 80
320
69 94
325
85 84
330
76 95
335
68 95
340
83 70
345
77 82
350
69 68
355
81 66
360
88 75
365
110 80
370
84 79
375
105 89
380
96 92
385
78 89
390
100 92
395
93 95
400
91 97
405
112 84
410
102 92
415
94 110
420
89 110
425
98 99
430
108 113
435
85 116
440
114 100
445
98 98
450
121 100
455
100 86
460
89 97
465
109 92
470
106 102
475
107 104
480
99 105
485
98 105
490
117 98
495
130 95
500
150 85
505
128 110
510
122 118
515
107 114
520
108 132
525
128 132
530
100 119
535
93 112
540
73 121
545
97 125
550
88 109
555
98 103
560
90 101
565
105 90
570
119 103
575
84 95
580
111 82
585
116 92
590
129 91
595
104 2
0
105 8
5
117 16
10
81 26
15
68 30
20
85 24
25
112 48
30
76 67
35
73 68
40
77 89
45
76 83
50
85 82
55
98 85
60
99 71
65
93 86
70
89 96
75
75 76
80
49 77
85
88 87
90
87 71
95
71 72
100
87 89
105
75 87
110
70 70
115
86 71
120
78 92
125
77 76
130
93 88
135
90 82
140
78 92
145
91 85
150
91 95
155
64 83
160
79 67
165
78 91
170
71 91
175
81 70
180
66 75
185
94 91
190
94 96
195
70 83
200
81 56
205
55 61
210
89 78
215
90 106
220
70 73
225
119 73
230
101 74
235
99 78
240
96 85
245
108 86
250
99 85
255
89 76
260
101 98
265
95 85
270
101 81
275
95 112
280
127 100
285
115 88
290
99 94
295
102 78
300
104 88
305
96 102
310
86 82
315
120 77
320
100 97
325
107 92
330
107 95
335
128 103
340
102 109
345
84 76
350
102 100
355
164 94
360
127 91
365
98 109
370
71 100
375
89 118
380
107 101
385
133 110
390
109 97
395
117 104
400
103 113
405
98 127
410
100 91
415
118 107
420
108 103
425
134 107
430
120 99
435
127 111
440
125 103
445
117 112
450
102 131
455
125 98
460
100 130
465
101 94
470
105 115
475
87 104
480
117 119
485
109 119
490
113 128
495
115 125
500
108 132
505
105 112
510
126 118
515
116 111
520
114 121
525
105 124
530
112 115
535
113 126
540
112 121
545
116 128
550
118 124
555
115 121
560
98 116
565
92 125
570
93 110
575
101 122
580
78 134
585
69 99
590
106 110
595
76 3
0
62 9
5
66 15
10
52 28
15
65 23
20
93 30
25
66 51
30
76 44
35
87 40
40
83 67
45
65 63
50
91 67
55
103 66
60
61 66
65
89 70
70
73 72
75
71 75
80
73 74
85
77 85
90
86 90
95
67 71
100
70 70
105
76 83
110
65 74
115
85 81
120
86 74
125
59 86
130
84 82
135
70 76
140
75 77
145
68 66
150
42 68
155
76 69
160
60 83
165
65 82
170
75 68
175
53 67
180
97 75
185
65 63
190
73 76
195
75 68
200
68 62
205
100 89
210
97 73
215
73 72
220
80 67
225
85 63
230
75 82
235
107 82
240
86 80
245
84 88
250
86 77
255
77 75
260
63 66
265
91 68
270
68 66
275
113 78
280
76 74
285
90 78
290
91 73
295
72 77
300
57 89
305
95 85
310
111 89
315
90 93
320
106 87
325
107 81
330
99 59
335
106 65
340
105 83
345
98 86
350
108 81
355
152 80
360
156 79
365
121 94
370
90 94
375
91 102
380
84 109
385
86 127
390
106 98
395
78 127
400
80 94
405
73 111
410
69 102
415
80 119
420
76 103
425
83 82
430
89 88
435
127 72
440
100 108
445
90 84
450
117 75
455
117 98
460
101 108
465
99 96
470
103 113
475
83 92
480
111 102
485
109 106
490
89 107
495
110 133
500
98 110
505
120 113
510
101 138
515
104 113
520
86 113
525
95 105
530
101 128
535
98 109
540
107 101
545
78 102
550
114 119
555
98 94
560
97 96
565
112 87
570
118 98
575
100 112
580
76 107
585
73 96
590
91 97
595
82 0
0
81 8
5
71 12
10
48 21
15
78 29
20
67 31
25
85 40
30
86 52
35
90 49
40
50 67
45
60 60
50
58 70
55
71 66
60
91 71
65
92 83
70
71 88
75
68 72
80
69 53
85
62 67
90
69 72
95
85 66
100
51 64
105
77 74
110
67 74
115
79 92
120
84 73
125
72 70
130
93 75
135
95 68
140
60 69
145
71 76
150
80 89
155
75 72
160
72 76
165
93 84
170
69 86
175
55 86
180
57 67
185
66 84
190
64 75
195
63 82
200
87 82
205
61 73
210
70 66
215
81 67
220
90 73
225
96 57
230
65 51
235
81 75
240
78 64
245
107 73
250
75 79
255
101 67
260
84 78
265
88 78
270
74 84
275
76 69
280
85 88
285
90 62
290
84 95
295
74 73
300
81 86
305
90 86
310
82 76
315
102 89
320
92 83
325
103 93
330
68 72
335
105 65
340
83 76
345
98 83
350
99 70
355
145 88
360
96 67
365
101 82
370
71 71
375
93 98
380
96 93
385
102 96
390
97 107
395
80 106
400
109 111
405
86 93
410
96 109
415
110 95
420
117 106
425
82 112
430
109 83
435
86 89
440
96 76
445
100 104
450
108 93
455
96 100
460
131 115
465
97 102
470
85 113
475
87 102
480
95 109
485
101 91
490
103 107
495
93 107
500
72 120
505
120 103
510
78 102
515
79 123
520
120 103
525
94 107
530
88 105
535
99 117
540
79 114
545
98 102
550
115 101
555
110 84
560
145 87
565
123 96
570
73 99
575
49 124
580
81 86
585
93 92
590
106 108
595
96 0
0
61 7
5
81 15
10
74 21
15
59 36
20
90 37
25
76 44
30
53 27
35
71 60
40
90 50
45
78 61
50
64 69
55
62 75
60
66 60
65
70 72
70
62 60
75
48 78
80
57 84
85
63 67
90
71 64
95
67 70
100
75 80
105
51 63
110
56 70
115
64 71
120
73 58
125
79 68
130
77 63
135
64 78
140
78 59
145
77 71
150
97 58
155
86 64
160
74 71
165
64 73
170
73 79
175
73 71
180
86 65
185
87 56
190
73 71
195
79 74
200
56 68
205
55 59
210
74 69
215
71 73
220
81 79
225
69 69
230
82 71
235
83 64
240
98 70
245
96 62
250
99 79
255
99 64
260
77 86
265
103 86
270
98 78
275
83 75
280
85 79
285
113 65
290
73 85
295
86 78
300
114 92
305
109 77
310
115 89
315
112 71
320
92 84
325
78 73
330
96 97
335
121 80
340
81 81
345
74 97
350
125 93
355
153 98
360
144 107
365
107 85
370
78 88
375
87 88
380
86 98
385
86 92
390
92 106
395
99 100
400
108 121
405
115 88
410
124 104
415
89 101
420
102 92
425
113 90
430
131 115
435
122 91
440
96 112
445
130 104
450
120 112
455
95 101
460
118 116
465
90 125
470
114 124
475
113 123
480
142 117
485
110 107
490
104 123
495
118 119
500
100 131
505
111 148
510
152 134
515
95 126
520
109 129
525
120 125
530
87 133
535
99 139
540
82 105
545
97 132
550
91 141
555
93 101
560
107 99
565
128 121
570
82 117
575
121 114
580
90 103
585
91 115
590
98 88
595
42 0
0
52 4
5
41 16
10
58 26
15
65 21
20
41 39
25
48 51
30
57 39
35
70 35
40
80 39
45
49 45
50
65 45
55
81 42
60
81 61
65
72 56
70
70 69
75
75 75
80
55 55
85
55 65
90
56 74
95
70 76
100
67 77
105
68 66
110
49 58
115
66 71
120
51 62
125
75 51
130
72 53
135
56 53
140
63 62
145
65 54
150
45 74
155
59 55
160
55 70
165
51 72
170
63 56
175
59 65
180
52 56
185
62 59
190
72 56
195
49 63
200
46 53
205
53 53
210
42 52
215
82 42
220
65 55
225
69 66
230
81 62
235
76 50
240
85 67
245
106 57
250
68 61
255
82 70
260
83 63
265
74 91
270
91 73
275
96 73
280
80 79
285
102 93
290
95 72
295
101 84
300
87 97
305
91 73
310
102 91
315
101 78
320
79 95
325
99 75
330
90 98
335
92 76
340
96 118
345
81 87
350
72 80
355
77 73
360
56 99
365
58 78
370
58 82
375
74 89
380
68 85
385
105 86
390
81 89
395
85 69
400
79 66
405
78 78
410
84 87
415
92 85
420
83 82
425
80 101
430
125 82
435
95 88
440
117 92
445
106 80
450
98 88
455
103 77
460
94 85
465
84 81
470
107 95
475
121 89
480
77 83
485
86 106
490
85 107
495
90 99
500
95 108
505
79 116
510
70 86
515
69 111
520
72 93
525
98 82
530
84 90
535
78 96
540
91 75
545
98 63
550
55 74
555
73 97
560
78 80
565
78 86
570
80 66
575
82 81
580
93 66
585
54 91
590
73 69
595
45 1
0
51 9
5
66 17
10
48 23
15
52 29
20
57 42
25
64 44
30
62 56
35
56 59
40
70 48
45
64 54
50
75 51
55
53 58
60
68 60
65
69 62
70
65 60
75
78 61
80
73 67
85
50 73
90
78 66
95
52 69
100
74 59
105
55 70
110
72 77
115
55 48
120
76 55
125
65 55
130
78 66
135
66 59
140
80 66
145
79 74
150
71 56
155
75 64
160
67 81
165
81 62
170
76 62
175
91 69
180
96 68
185
93 87
190
76 71
195
78 80
200
91 77
205
51 69
210
81 65
215
90 70
220
79 64
225
72 70
230
81 54
235
74 66
240
83 65
245
84 65
250
92 62
255
74 71
260
95 56
265
114 66
270
101 64
275
146 83
280
140 87
285
116 86
290
95 88
295
119 106
300
113 103
305
105 97
310
111 93
315
133 104
320
123 116
325
125 106
330
149 87
335
124 85
340
129 109
345
116 110
350
109 126
355
138 117
360
160 123
365
121 132
370
98 131
375
129 139
380
120 127
385
118 116
390
104 155
395
100 134
400
113 142
405
120 137
410
97 136
415
127 136
420
112 147
425
108 142
430
97 113
435
108 136
440
110 105
445
123 112
450
125 106
455
84 126
460
99 101
465
88 104
470
116 113
475
127 118
480
118 115
485
94 98
490
122 118
495
120 82
500
143 113
505
122 100
510
103 118
515
110 156
520
91 124
525
105 148
530
87 131
535
84 117
540
71 115
545
90 92
550
101 99
555
106 108
560
95 88
565
95 82
570
109 106
575
112 99
580
106 94
585
105 117
590
110 98
595
80 0
0
53 9
5
81 14
10
77 18
15
80 32
20
87 36
25
78 24
30
57 35
35
92 49
40
56 45
45
92 77
50
80 67
55
60 75
60
82 92
65
59 69
70
81 75
75
46 83
80
62 61
85
36 79
90
36 67
95
97 80
100
108 80
105
87 59
110
65 81
115
41 66
120
69 77
125
69 54
130
81 63
135
71 74
140
76 65
145
77 88
150
94 72
155
79 85
160
76 72
165
122 71
170
81 66
175
95 77
180
82 68
185
87 80
190
95 93
195
84 107
200
84 89
205
90 98
210
88 85
215
74 84
220
90 91
225
80 85
230
80 81
235
115 90
240
90 80
245
87 96
250
84 84
255
72 76
260
87 95
265
118 86
270
107 73
275
112 80
280
73 93
285
118 68
290
100 90
295
118 69
300
101 87
305
106 82
310
109 120
315
108 106
320
80 104
325
103 103
330
123 85
335
109 75
340
108 96
345
104 111
350
99 88
355
110 88
360
108 92
365
109 87
370
77 97
375
79 106
380
127 107
385
108 104
390
95 104
395
112 129
400
106 95
405
114 100
410
114 110
415
127 112
420
118 93
425
115 127
430
103 123
435
111 117
440
99 107
445
110 111
450
121 107
455
109 129
460
96 113
465
91 95
470
99 107
475
109 122
480
119 108
485
118 105
490
127 117
495
113 116
500
127 116
505
110 131
510
93 117
515
89 119
520
83 101
525
87 118
530
85 124
535
93 111
540
107 135
545
84 112
550
68 105
555
110 96
560
92 103
565
75 93
570
62 97
575
57 94
580
78 95
585
79 88
590
96 86
595
60 2
0
66 3
5
61 6
10
74 16
15
68 24
20
71 33
25
61 32
30
54 38
35
75 39
40
73 38
45
82 33
50
83 47
55
65 46
60
61 48
65
78 53
70
61 59
75
80 78
80
88 71
85
76 77
90
57 78
95
78 70
100
49 65
105
60 70
110
67 91
115
61 87
120
62 76
125
83 82
130
74 80
135
59 70
140
60 65
145
79 86
150
75 76
155
62 79
160
34 77
165
65 76
170
66 66
175
76 83
180
51 62
185
84 71
190
73 47
195
77 75
200
93 68
205
78 62
210
58 71
215
72 64
220
96 66
225
85 71
230
92 69
235
73 72
240
93 68
245
102 81
250
88 82
255
84 76
260
77 76
265
91 77
270
85 79
275
75 83
280
98 83
285
60 75
290
100 97
295
118 69
300
99 67
305
106 94
310
119 100
315
123 82
320
122 91
325
116 88
330
82 81
335
94 104
340
112 97
345
93 102
350
98 80
355
149 92
360
101 95
365
105 87
370
77 99
375
69 95
380
69 105
385
94 107
390
78 104
395
95 111
400
77 121
405
91 99
410
106 109
415
102 104
420
122 114
425
96 101
430
108 91
435
115 90
440
121 71
445
126 97
450
117 92
455
111 93
460
118 95
465
115 101
470
90 106
475
88 127
480
103 119
485
104 118
490
110 97
495
86 127
500
108 143
505
89 121
510
78 116
515
75 108
520
109 119
525
68 112
530
72 120
535
102 105
540
76 89
545
90 90
550
94 73
555
101 97
560
75 101
565
84 109
570
86 75
575
91 96
580
78 94
585
71 75
590
100 84
595
62 2
0
69 8
5
46 15
10
63 27
15
67 21
20
75 25
25
83 47
30
64 40
35
88 66
40
72 64
45
63 70
50
62 46
55
83 54
60
91 74
65
83 49
70
53 69
75
53 71
80
73 61
85
66 63
90
30 71
95
76 74
100
60 76
105
84 73
110
71 81
115
82 66
120
55 65
125
41 64
130
63 72
135
97 70
140
67 72
145
62 60
150
77 67
155
50 75
160
60 54
165
79 83
170
55 70
175
78 78
180
81 73
185
77 57
190
77 62
195
63 63
200
77 76
205
81 75
210
93 68
215
83 60
220
70 64
225
104 64
230
92 75
235
90 73
240
102 76
245
110 84
250
63 84
255
88 79
260
88 85
265
53 81
270
78 99
275
77 80
280
100 77
285
89 75
290
113 71
295
92 86
300
91 72
305
80 81
310
113 77
315
106 80
320
87 87
325
93 74
330
107 78
335
69 91
340
79 74
345
73 73
350
108 81
355
142 92
360
130 100
365
93 69
370
86 97
375
80 84
380
92 126
385
114 97
390
93 104
395
82 111
400
97 108
405
84 121
410
95 113
415
79 85
420
83 103
425
95 82
430
94 103
435
84 99
440
104 94
445
121 111
450
108 87
455
97 98
460
119 94
465
102 101
470
106 90
475
102 108
480
102 103
485
83 96
490
79 133
495
103 87
500
92 106
505
97 112
510
70 112
515
72 109
520
87 104
525
86 105
530
85 114
535
75 108
540
80 94
545
84 98
550
91 100
555
98 65
560
93 92
565
75 80
570
97 90
575
86 89
580
95 85
585
80 93
590
87 92
595
102 0
0
67 7
5
80 17
10
75 20
15
91 32
20
84 39
25
108 35
30
92 33
35
87 57
40
78 39
45
81 58
50
94 71
55
81 79
60
62 90
65
79 87
70
102 87
75
99 58
80
89 96
85
64 87
90
49 84
95
96 80
100
82 95
105
81 86
110
81 82
115
73 75
120
89 90
125
74 76
130
91 92
135
82 84
140
89 95
145
68 81
150
75 75
155
67 86
160
86 80
165
94 101
170
72 83
175
74 85
180
80 95
185
50 86
190
80 69
195
100 82
200
86 80
205
78 73
210
60 77
215
94 76
220
83 81
225
81 82
230
90 57
235
110 60
240
105 80
245
107 102
250
71 74
255
71 80
260
102 68
265
86 83
270
95 71
275
92 82
280
89 81
285
100 88
290
104 83
295
115 81
300
87 82
305
138 88
310
103 86
315
114 91
320
109 88
325
94 91
330
89 94
335
108 93
340
113 98
345
96 80
350
101 105
355
124 86
360
121 90
365
103 98
370
56 99
375
131 107
380
109 112
385
118 102
390
140 110
395
107 104
400
119 105
405
133 110
410
96 123
415
102 86
420
117 109
425
114 95
430
119 109
435
105 136
440
104 115
445
95 108
450
86 123
455
98 112
460
96 94
465
95 116
470
115 106
475
119 105
480
113 115
485
106 123
490
109 119
495
117 112
500
108 125
505
122 123
510
100 123
515
86 118
520
112 111
525
117 115
530
128 121
535
129 114
540
128 110
545
105 105
550
113 119
555
135 103
560
130 92
565
99 116
570
113 137
575
112 140
580
103 104
585
98 95
590
83 110
595
90 1
0
63 7
5
69 17
10
74 20
15
77 35
20
56 33
25
83 29
30
79 36
35
77 44
40
81 54
45
47 59
50
83 56
55
72 65
60
88 69
65
75 73
70
59 63
75
76 70
80
80 73
85
85 79
90
62 70
95
65 86
100
102 79
105
89 82
110
75 74
115
52 76
120
88 69
125
98 81
130
74 50
135
92 82
140
84 85
145
72 80
150
99 99
155
59 64
160
97 84
165
67 80
170
67 90
175
63 90
180
84 76
185
65 90
190
73 68
195
73 74
200
86 74
205
81 99
210
91 74
215
79 81
220
84 75
225
95 68
230
95 56
235
101 78
240
68 87
245
70 80
250
97 76
255
107 91
260
86 80
265
100 88
270
98 80
275
88 76
280
87 75
285
66 87
290
120 57
295
133 103
300
101 93
305
98 70
310
96 92
315
95 94
320
93 71
325
110 90
330
109 85
335
97 105
340
101 82
345
114 97
350
105 92
355
140 78
360
130 103
365
142 88
370
93 90
375
97 100
380
114 100
385
129 103
390
92 96
395
123 112
400
69 88
405
126 102
410
96 103
415
111 111
420
66 102
425
124 103
430
117 107
435
111 99
440
110 101
445
106 125
450
92 125
455
104 114
460
104 121
465
105 117
470
93 127
475
110 98
480
139 99
485
115 104
490
98 125
495
98 128
500
122 119
505
143 136
510
142 124
515
123 120
520
131 124
525
105 130
530
101 148
535
91 150
540
74 114
545
107 121
550
83 116
555
96 121
560
104 130
565
137 110
570
124 105
575
87 128
580
77 122
585
90 105
590
90 113
595
81 2
0
57 16
5
52 9
10
67 28
15
86 39
20
71 37
25
65 47
30
61 51
35
62 64
40
62 62
45
50 70
50
85 52
55
62 67
60
69 67
65
61 64
70
48 65
75
78 81
80
48 61
85
67 62
90
80 60
95
71 65
100
95 58
105
96 69
110
69 66
115
76 69
120
68 81
125
84 66
130
53 74
135
80 73
140
55 68
145
72 75
150
69 61
155
56 73
160
89 78
165
68 67
170
80 65
175
69 69
180
82 61
185
66 65
190
60 62
195
70 66
200
65 63
205
57 69
210
72 71
215
63 80
220
93 75
225
87 48
230
83 70
235
78 52
240
67 77
245
97 63
250
84 77
255
86 84
260
98 71
265
80 77
270
81 76
275
78 67
280
80 91
285
96 78
290
79 88
295
88 87
300
79 85
305
80 79
310
83 70
315
88 94
320
89 88
325
97 79
330
84 91
335
110 69
340
87 73
345
104 86
350
102 104
355
97 77
360
95 86
365
89 93
370
88 99
375
74 86
380
90 105
385
67 89
390
99 93
395
70 107
400
66 99
405
75 91
410
83 82
415
93 93
420
106 86
425
111 96
430
115 72
435
77 77
440
96 80
445
108 78
450
107 93
455
103 96
460
97 111
465
85 101
470
71 88
475
102 105
480
124 115
485
95 74
490
90 86
495
103 99
500
80 75
505
71 92
510
71 96
515
85 97
520
67 85
525
79 98
530
91 100
535
81 100
540
73 83
545
78 92
550
80 80
555
63 85
560
66 91
565
94 75
570
93 82
575
76 92
580
66 81
585
71 87
590
70 76
595
81 2
0
58 11
5
67 19
10
74 22
15
62 42
20
79 51
25
75 62
30
54 55
35
56 60
40
59 57
45
85 82
50
45 60
55
77 67
60
99 49
65
78 68
70
69 56
75
68 73
80
49 67
85
73 76
90
68 68
95
66 66
100
81 75
105
72 56
110
76 67
115
63 51
120
70 70
125
83 65
130
98 68
135
48 53
140
93 54
145
83 62
150
93 79
155
75 92
160
59 77
165
95 64
170
91 75
175
84 77
180
94 82
185
71 92
190
80 79
195
104 79
200
91 73
205
57 76
210
89 74
215
100 77
220
77 59
225
105 80
230
118 91
235
96 94
240
100 87
245
87 84
250
80 97
255
95 90
260
102 79
265
87 85
270
91 85
275
107 67
280
100 100
285
88 91
290
124 103
295
140 100
300
117 101
305
123 77
310
121 103
315
120 101
320
137 97
325
113 98
330
121 107
335
103 128
340
78 103
345
114 104
350
122 131
355
114 120
360
111 117
365
126 119
370
117 117
375
111 108
380
100 114
385
119 119
390
117 124
395
118 117
400
109 119
405
98 104
410
103 103
415
118 117
420
111 114
425
102 111
430
95 125
435
88 129
440
105 111
445
111 136
450
130 113
455
122 99
460
98 92
465
110 111
470
125 110
475
91 102
480
115 112
485
107 109
490
76 105
495
125 125
500
128 107
505
108 117
510
123 105
515
125 101
520
94 104
525
142 113
530
91 122
535
91 112
540
80 102
545
70 109
550
89 117
555
92 105
560
104 104
565
90 101
570
130 102
575
100 89
580
130 113
585
124 108
590
131 88
595
62 4
0
62 5
5
77 16
10
99 21
15
98 25
20
85 25
25
102 39
30
91 42
35
87 57
40
80 69
45
77 66
50
90 70
55
73 88
60
88 70
65
78 105
70
84 67
75
60 80
80
52 88
85
98 73
90
92 98
95
62 86
100
52 90
105
43 89
110
46 70
115
84 79
120
72 75
125
78 69
130
94 70
135
83 68
140
112 70
145
83 76
150
110 63
155
102 74
160
70 92
165
101 89
170
86 74
175
103 86
180
105 92
185
83 80
190
71 78
195
86 83
200
74 79
205
83 78
210
96 87
215
94 84
220
67 94
225
84 100
230
78 99
235
78 89
240
118 98
245
99 89
250
117 98
255
121 91
260
103 82
265
103 68
270
117 87
275
117 84
280
116 82
285
100 94
290
105 103
295
129 121
300
98 85
305
97 86
310
111 110
315
129 111
320
97 112
325
79 109
330
85 116
335
104 101
340
85 90
345
100 85
350
101 81
355
124 113
360
141 86
365
108 82
370
123 110
375
132 86
380
138 94
385
110 95
390
126 92
395
102 100
400
129 127
405
91 110
410
103 128
415
87 109
420
95 106
425
112 117
430
106 113
435
117 98
440
112 132
445
116 105
450
116 113
455
97 119
460
120 120
465
119 90
470
83 128
475
116 109
480
115 124
485
100 105
490
90 117
495
107 119
500
96 109
505
92 139
510
102 132
515
107 127
520
97 126
525
108 126
530
118 118
535
119 127
540
99 107
545
82 116
550
102 133
555
104 111
560
126 108
565
93 97
570
97 109
575
68 102
580
100 104
585
109 103
590
101 96
595
76 1
0
86 9
5
84 14
10
92 20
15
77 26
20
96 24
25
100 38
30
74 40
35
75 35
40
51 55
45
66 65
50
65 56
55
61 70
60
82 74
65
56 65
70
70 82
75
66 74
80
59 78
85
54 75
90
50 63
95
63 61
100
60 79
105
69 82
110
77 70
115
62 78
120
79 76
125
53 76
130
60 65
135
79 58
140
77 70
145
47 77
150
96 83
155
98 62
160
71 66
165
97 60
170
92 56
175
77 72
180
92 72
185
75 76
190
68 78
195
74 76
200
73 85
205
89 82
210
68 66
215
73 91
220
93 74
225
54 81
230
79 79
235
78 74
240
86 69
245
99 85
250
113 104
255
77 77
260
108 87
265
107 61
270
113 75
275
92 72
280
105 83
285
78 89
290
89 89
295
100 78
300
93 79
305
91 87
310
72 87
315
86 107
320
87 93
325
105 90
330
72 86
335
76 77
340
74 97
345
76 82
350
97 105
355
139 89
360
120 83
365
92 77
370
108 81
375
119 95
380
98 109
385
74 82
390
94 84
395
102 102
400
121 110
405
91 89
410
101 89
415
96 88
420
107 80
425
99 106
430
111 111
435
79 102
440
105 126
445
96 109
450
107 113
455
96 117
460
119 111
465
93 108
470
104 92
475
94 103
480
100 99
485
74 125
490
79 91
495
92 106
500
85 100
505
88 101
510
105 77
515
76 127
520
108 123
525
77 107
530
91 115
535
77 122
540
87 106
545
81 98
550
99 97
555
110 92
560
101 97
565
109 75
570
102 79
575
99 91
580
97 88
585
102 97
590
76 120
595
98 0
0
88 9
5
73 18
10
66 19
15
71 32
20
82 32
25
52 37
30
61 36
35
49 48
40
60 59
45
68 68
50
71 50
55
77 74
60
78 60
65
58 59
70
86 96
75
96 83
80
64 67
85
69 67
90
68 63
95
61 69
100
58 58
105
60 68
110
52 63
115
99 76
120
85 74
125
78 85
130
70 71
135
79 74
140
51 65
145
59 71
150
80 72
155
91 78
160
81 63
165
89 76
170
107 75
175
93 64
180
90 75
185
75 81
190
78 69
195
80 88
200
102 89
205
64 100
210
85 91
215
94 91
220
101 88
225
91 87
230
93 88
235
107 79
240
67 79
245
62 74
250
108 79
255
101 82
260
106 78
265
107 86
270
61 70
275
108 88
280
110 98
285
85 89
290
108 77
295
103 73
300
99 88
305
82 84
310
89 79
315
86 93
320
65 92
325
86 67
330
65 101
335
103 85
340
73 94
345
85 89
350
93 86
355
140 91
360
95 87
365
91 93
370
98 70
375
98 99
380
113 108
385
106 98
390
113 103
395
122 101
400
112 74
405
111 107
410
98 103
415
115 104
420
88 105
425
91 105
430
120 90
435
120 105
440
103 105
445
136 94
450
113 115
455
90 103
460
136 127
465
122 134
470
119 121
475
100 125
480
112 99
485
145 97
490
114 125
495
90 126
500
114 112
505
120 128
510
102 118
515
89 122
520
98 96
525
105 116
530
117 114
535
83 120
540
99 133
545
105 126
550
73 137
555
94 123
560
103 121
565
99 127
570
101 110
575
86 110
580
70 116
585
88 116
590
71 104
595
63 2
0
52 9
5
90 7
10
76 16
15
65 36
20
59 32
25
59 32
30
72 26
35
72 37
40
71 41
45
64 56
50
85 56
55
64 63
60
71 76
65
80 80
70
100 85
75
80 87
80
72 82
85
79 67
90
48 76
95
100 64
100
84 76
105
78 80
110
87 86
115
74 86
120
77 65
125
88 89
130
104 58
135
65 63
140
88 93
145
84 79
150
81 72
155
104 83
160
81 65
165
91 105
170
85 87
175
79 103
180
95 85
185
99 85
190
69 83
195
98 68
200
106 90
205
69 91
210
72 92
215
88 90
220
73 90
225
66 82
230
91 59
235
81 89
240
100 80
245
108 64
250
68 102
255
84 79
260
80 74
265
100 84
270
73 89
275
86 84
280
105 68
285
96 75
290
104 72
295
114 81
300
78 82
305
101 84
310
85 75
315
76 89
320
75 89
325
96 91
330
96 88
335
89 81
340
92 89
345
116 77
350
113 104
355
129 102
360
113 93
365
123 108
370
127 80
375
122 119
380
110 87
385
117 75
390
119 97
395
113 96
400
119 105
405
128 98
410
114 91
415
107 102
420
133 123
425
103 94
430
108 125
435
77 123
440
93 85
445
100 100
450
127 132
455
133 117
460
122 97
465
150 112
470
147 145
475
146 132
480
102 122
485
114 115
490
106 98
495
114 108
500
116 113
505
78 120
510
72 129
515
98 135
520
97 121
525
111 170
530
123 134
535
102 149
540
119 123
545
120 120
550
97 118
555
107 127
560
118 112
565
104 125
570
125 139
575
87 142
580
98 109
585
99 120
590
130 108
595
83 4
0
91 8
5
91 23
10
57 26
15
47 39
20
60 27
25
59 40
30
97 34
35
76 47
40
75 67
45
53 45
50
85 61
55
87 74
60
84 79
65
61 63
70
90 74
75
88 76
80
72 79
85
57 67
90
93 76
95
80 78
100
89 70
105
72 80
110
95 71
115
75 80
120
47 70
125
82 85
130
81 83
135
72 84
140
102 75
145
95 78
150
77 91
155
52 59
160
80 66
165
88 72
170
84 88
175
65 74
180
55 83
185
100 73
190
96 88
195
64 77
200
102 83
205
66 66
210
107 68
215
83 84
220
98 56
225
116 69
230
103 85
235
80 73
240
79 80
245
88 71
250
79 74
255
100 89
260
95 79
265
106 86
270
91 93
275
102 110
280
102 99
285
85 80
290
96 99
295
132 98
300
85 82
305
90 90
310
99 94
315
100 81
320
109 110
325
111 94
330
102 86
335
107 88
340
103 78
345
87 95
350
119 96
355
128 88
360
114 104
365
116 76
370
114 91
375
97 91
380
125 115
385
106 117
390
109 100
395
133 105
400
108 104
405
112 79
410
97 106
415
115 107
420
139 118
425
151 94
430
117 117
435
132 120
440
99 120
445
102 92
450
101 122
455
126 113
460
112 107
465
135 112
470
115 120
475
134 135
480
139 126
485
95 127
490
89 120
495
75 119
500
76 134
505
78 113
510
115 113
515
141 146
520
122 116
525
120 168
530
122 139
535
130 140
540
120 101
545
121 113
550
80 120
555
110 98
560
108 111
565
102 124
570
109 134
575
127 108
580
117 126
585
108 130
590
124 130
595
40 1
0
54 5
5
53 15
10
61 22
15
62 31
20
60 34
25
73 42
30
69 47
35
75 65
40
85 72
45
72 49
50
65 60
55
89 63
60
69 72
65
59 66
70
54 54
75
73 78
80
58 72
85
57 72
90
73 50
95
71 57
100
75 68
105
70 90
110
76 58
115
61 62
120
58 65
125
76 53
130
68 73
135
62 65
140
105 74
145
63 61
150
90 65
155
78 88
160
62 69
165
74 75
170
87 76
175
61 69
180
74 71
185
68 78
190
72 85
195
91 63
200
81 64
205
76 66
210
58 58
215
71 79
220
61 69
225
95 80
230
93 77
235
83 68
240
83 75
245
86 90
250
75 86
255
92 83
260
110 84
265
121 78
270
99 76
275
107 73
280
111 82
285
120 82
290
99 124
295
108 90
300
79 114
305
83 95
310
89 87
315
104 102
320
100 83
325
76 111
330
90 79
335
88 62
340
94 91
345
93 93
350
86 83
355
61 89
360
78 96
365
88 96
370
89 102
375
82 101
380
95 90
385
93 91
390
108 104
395
88 76
400
87 76
405
119 81
410
87 74
415
100 75
420
104 79
425
126 79
430
98 93
435
102 103
440
130 111
445
120 103
450
113 83
455
110 79
460
91 99
465
116 115
470
75 100
475
103 105
480
94 111
485
88 99
490
84 103
495
96 113
500
89 101
505
70 111
510
71 113
515
87 98
520
74 98
525
82 88
530
85 82
535
86 84
540
73 66
545
83 107
550
91 83
555
74 57
560
85 95
565
87 76
570
92 90
575
82 85
580
76 81
585
83 73
590
112 90
595
80 2
0
54 10
5
52 25
10
97 25
15
49 33
20
62 62
25
69 55
30
63 63
35
86 50
40
101 62
45
71 59
50
96 69
55
84 52
60
83 75
65
84 75
70
56 82
75
88 92
80
68 68
85
74 74
90
79 77
95
78 67
100
83 79
105
90 88
110
81 53
115
97 78
120
85 67
125
71 80
130
89 82
135
86 84
140
100 76
145
62 74
150
76 77
155
78 78
160
97 77
165
79 73
170
101 69
175
85 80
180
88 84
185
93 82
190
96 92
195
88 77
200
88 72
205
85 94
210
92 83
215
92 91
220
101 85
225
92 78
230
103 86
235
122 79
240
114 97
245
143 98
250
92 95
255
106 115
260
116 94
265
121 79
270
110 95
275
123 94
280
114 88
285
128 116
290
129 113
295
105 114
300
100 120
305
101 118
310
132 135
315
112 103
320
116 117
325
119 116
330
133 89
335
132 107
340
130 93
345
104 102
350
123 111
355
112 120
360
130 140
365
126 129
370
107 114
375
99 109
380
101 110
385
93 139
390
103 107
395
138 104
400
123 114
405
120 121
410
113 128
415
96 124
420
124 137
425
118 118
430
116 114
435
128 99
440
109 114
445
107 111
450
118 113
455
143 87
460
93 124
465
83 121
470
113 114
475
103 109
480
108 128
485
114 117
490
89 110
495
108 97
500
85 88
505
82 111
510
90 119
515
98 114
520
94 110
525
93 117
530
92 112
535
141 79
540
110 90
545
123 102
550
114 104
555
106 103
560
132 95
565
85 107
570
94 99
575
97 117
580
87 100
585
134 102
590
130 98
595
93 2
0
85 14
5
78 12
10
54 17
15
61 35
20
73 32
25
64 36
30
118 38
35
104 47
40
80 59
45
86 48
50
80 56
55
97 64
60
95 63
65
81 66
70
69 72
75
99 57
80
56 77
85
67 80
90
74 80
95
43 84
100
55 69
105
88 83
110
99 81
115
79 80
120
67 52
125
82 77
130
91 75
135
103 75
140
101 75
145
87 70
150
98 90
155
91 71
160
84 85
165
106 84
170
72 91
175
116 101
180
90 90
185
81 105
190
110 78
195
90 98
200
73 103
205
77 114
210
61 85
215
87 92
220
77 101
225
102 93
230
110 85
235
105 97
240
98 91
245
91 86
250
87 78
255
98 86
260
91 95
265
105 81
270
103 86
275
125 80
280
105 115
285
89 86
290
98 100
295
86 84
300
97 106
305
111 107
310
119 101
315
119 110
320
124 98
325
121 78
330
113 100
335
113 75
340
82 70
345
65 97
350
92 102
355
146 79
360
164 94
365
138 105
370
104 89
375
107 104
380
88 98
385
106 102
390
107 104
395
81 122
400
102 113
405
87 120
410
102 118
415
117 107
420
105 95
425
109 118
430
103 127
435
109 103
440
108 100
445
114 101
450
144 99
455
116 109
460
111 109
465
114 132
470
131 92
475
123 124
480
131 118
485
99 94
490
110 100
495
88 118
500
117 121
505
110 108
510
93 104
515
91 117
520
136 130
525
115 123
530
80 151
535
68 146
540
88 125
545
85 146
550
99 122
555
118 134
560
98 141
565
85 109
570
93 118
575
112 114
580
120 96
585
93 110
590
76 109
595
57 1
0
43 7
5
93 23
10
70 21
15
75 25
20
71 23
25
88 26
30
69 29
35
64 36
40
92 61
45
91 49
50
103 58
55
99 66
60
76 59
65
71 66
70
92 64
75
77 70
80
68 83
85
53 87
90
90 83
95
70 78
100
85 92
105
84 92
110
86 96
115
84 71
120
49 81
125
35 80
130
75 77
135
77 75
140
74 86
145
60 80
150
51 82
155
57 69
160
80 67
165
81 82
170
78 70
175
72 88
180
86 77
185
61 59
190
61 69
195
58 80
200
75 70
205
75 70
210
81 59
215
82 62
220
89 60
225
91 73
230
81 67
235
83 69
240
70 86
245
89 77
250
90 84
255
111 83
260
97 79
265
86 72
270
72 83
275
83 70
280
77 72
285
73 64
290
96 71
295
86 75
300
127 81
305
124 93
310
89 79
315
108 100
320
93 71
325
106 78
330
95 81
335
78 82
340
101 77
345
84 79
350
95 104
355
137 89
360
115 75
365
98 118
370
102 102
375
103 104
380
122 106
385
129 128
390
94 121
395
108 106
400
105 110
405
91 102
410
116 84
415
94 94
420
89 121
425
115 112
430
111 104
435
103 81
440
121 118
445
130 116
450
99 117
455
107 106
460
100 93
465
100 106
470
100 110
475
100 108
480
84 109
485
92 120
490
109 101
495
117 107
500
90 129
505
107 91
510
117 123
515
86 127
520
58 110
525
67 102
530
92 123
535
73 97
540
83 104
545
101 113
550
104 98
555
100 105
560
77 90
565
79 103
570
105 93
575
90 104
580
115 87
585
113 89
590
83 92
595
67 2
0
53 7
5
79 21
10
71 25
15
72 29
20
59 35
25
51 26
30
71 28
35
54 36
40
75 33
45
66 47
50
50 51
55
79 49
60
53 45
65
57 73
70
69 75
75
63 77
80
82 66
85
54 53
90
73 67
95
93 66
100
75 70
105
88 61
110
65 80
115
72 66
120
86 86
125
64 66
130
49 60
135
91 74
140
101 69
145
77 80
150
75 74
155
46 80
160
73 84
165
85 62
170
104 74
175
80 76
180
61 88
185
75 81
190
95 90
195
79 65
200
63 75
205
94 74
210
93 78
215
86 80
220
69 71
225
77 79
230
103 82
235
85 71
240
91 87
245
74 74
250
92 69
255
80 83
260
85 92
265
133 72
270
83 83
275
69 94
280
105 78
285
119 78
290
131 88
295
130 87
300
98 77
305
114 78
310
98 93
315
121 76
320
120 88
325
100 83
330
98 106
335
97 107
340
82 102
345
67 72
350
101 82
355
127 102
360
151 101
365
116 97
370
123 103
375
88 88
380
97 101
385
108 116
390
112 121
395
99 111
400
95 113
405
68 104
410
101 118
415
98 108
420
129 101
425
129 89
430
113 105
435
94 94
440
114 85
445
112 105
450
123 93
455
120 105
460
121 90
465
106 126
470
115 113
475
118 104
480
96 110
485
121 111
490
142 125
495
117 130
500
115 121
505
129 125
510
116 155
515
127 140
520
98 144
525
94 123
530
99 123
535
82 121
540
97 130
545
101 153
550
89 123
555
96 134
560
86 124
565
100 116
570
105 131
575
116 106
580
92 107
585
66 91
590
92 108
595
59 2
0
86 10
5
83 17
10
77 25
15
85 41
20
81 40
25
85 47
30
80 27
35
62 39
40
92 33
45
86 56
50
75 54
55
67 47
60
70 41
65
87 53
70
74 55
75
78 68
80
82 57
85
61 51
90
55 52
95
48 49
100
95 67
105
76 73
110
97 57
115
69 86
120
62 83
125
64 96
130
91 96
135
91 87
140
71 97
145
74 91
150
63 71
155
57 93
160
62 86
165
55 89
170
88 82
175
73 79
180
79 75
185
92 85
190
85 85
195
101 85
200
83 68
205
86 81
210
84 80
215
102 80
220
138 77
225
109 75
230
140 68
235
99 95
240
120 81
245
107 73
250
114 88
255
109 93
260
93 96
265
92 117
270
126 87
275
114 91
280
121 98
285
108 95
290
123 107
295
104 95
300
104 101
305
119 100
310
85 107
315
106 119
320
134 118
325
127 92
330
111 87
335
96 105
340
115 122
345
104 123
350
113 115
355
135 107
360
137 111
365
120 102
370
106 103
375
94 105
380
110 91
385
111 118
390
100 112
395
100 111
400
103 106
405
88 123
410
76 117
415
104 112
420
102 108
425
103 106
430
97 115
435
116 99
440
112 122
445
117 112
450
107 107
455
123 106
460
98 101
465
94 105
470
114 120
475
89 133
480
106 110
485
128 116
490
106 98
495
124 101
500
120 116
505
117 121
510
112 127
515
141 125
520
115 114
525
92 143
530
102 118
535
105 124
540
103 116
545
118 121
550
115 108
555
107 122
560
103 116
565
102 124
570
112 115
575
129 115
580
134 119
585
102 126
590
117 137
595
98 2
0
93 16
5
86 13
10
80 32
15
42 29
20
91 36
25
54 33
30
85 39
35
81 45
40
86 51
45
89 54
50
70 58
55
84 70
60
78 73
65
71 71
70
89 76
75
81 85
80
53 74
85
73 82
90
76 65
95
75 68
100
74 81
105
71 92
110
50 92
115
65 78
120
58 101
125
56 73
130
71 66
135
105 80
140
83 62
145
80 70
150
81 72
155
65 68
160
63 54
165
60 79
170
86 100
175
47 65
180
73 75
185
72 77
190
82 76
195
65 77
200
78 72
205
81 65
210
81 52
215
90 75
220
111 70
225
103 66
230
116 70
235
101 72
240
107 66
245
115 81
250
81 79
255
89 60
260
102 78
265
130 79
270
83 99
275
91 83
280
107 109
285
68 102
290
96 88
295
114 98
300
130 89
305
123 108
310
113 103
315
129 109
320
109 81
325
108 105
330
89 87
335
117 90
340
106 101
345
100 91
350
114 102
355
141 93
360
137 98
365
127 106
370
110 110
375
100 113
380
120 107
385
111 112
390
121 103
395
98 95
400
118 115
405
134 100
410
125 107
415
121 120
420
142 118
425
94 117
430
155 138
435
94 134
440
129 151
445
131 116
450
122 109
455
136 136
460
115 142
465
119 135
470
122 140
475
109 130
480
115 144
485
118 128
490
124 117
495
115 118
500
102 106
505
110 125
510
117 138
515
86 139
520
124 137
525
128 125
530
123 134
535
120 108
540
118 119
545
95 149
550
126 119
555
104 122
560
118 121
565
134 115
570
120 102
575
122 131
580
138 122
585
103 128
590
98 127
595
64 0
0
46 12
5
54 15
10
60 26
15
45 30
20
39 38
25
55 35
30
53 48
35
46 38
40
58 47
45
64 42
50
55 44
55
44 51
60
37 53
65
55 56
70
55 40
75
56 40
80
45 48
85
86 47
90
67 58
95
59 64
100
80 51
105
77 57
110
61 51
115
65 76
120
56 76
125
76 69
130
77 50
135
52 73
140
69 61
145
77 61
150
64 60
155
51 65
160
61 69
165
91 81
170
85 70
175
61 81
180
57 74
185
60 67
190
56 59
195
72 52
200
70 74
205
67 55
210
76 57
215
75 67
220
83 73
225
93 72
230
66 85
235
67 77
240
77 81
245
49 65
250
70 54
255
92 53
260
87 63
265
71 78
270
102 89
275
91 74
280
77 68
285
96 65
290
102 73
295
86 94
300
91 69
305
87 75
310
101 83
315
111 88
320
80 85
325
97 96
330
97 88
335
81 93
340
91 101
345
92 67
350
80 88
355
76 79
360
75 108
365
92 95
370
56 89
375
87 94
380
88 85
385
72 96
390
85 77
395
85 76
400
90 86
405
76 91
410
82 99
415
77 100
420
104 76
425
91 68
430
101 101
435
80 86
440
91 82
445
86 89
450
116 78
455
86 75
460
112 93
465
88 104
470
86 100
475
86 84
480
75 93
485
94 83
490
95 81
495
63 83
500
67 86
505
71 87
510
98 88
515
79 93
520
65 82
525
71 82
530
71 80
535
76 73
540
64 92
545
68 70
550
64 70
555
78 78
560
76 73
565
64 84
570
74 67
575
65 74
580
103 82
585
95 75
590
84 75
595
36 4
0
62 8
5
49 6
10
53 26
15
40 29
20
44 42
25
51 42
30
65 41
35
58 34
40
55 62
45
61 50
50
53 43
55
63 58
60
59 54
65
48 37
70
67 58
75
41 49
80
61 46
85
77 61
90
71 60
95
80 61
100
67 57
105
65 73
110
69 58
115
83 73
120
64 77
125
50 57
130
83 54
135
75 61
140
74 66
145
88 69
150
65 64
155
71 58
160
93 60
165
70 75
170
58 70
175
72 61
180
68 81
185
70 79
190
70 63
195
74 83
200
83 58
205
91 83
210
96 70
215
84 59
220
103 59
225
94 82
230
94 85
235
97 83
240
92 75
245
70 81
250
81 92
255
104 84
260
88 92
265
105 76
270
79 97
275
97 81
280
87 83
285
82 80
290
98 110
295
128 84
300
105 97
305
111 86
310
109 81
315
107 73
320
88 104
325
121 96
330
115 97
335
133 93
340
99 90
345
86 115
350
104 119
355
105 86
360
78 118
365
85 94
370
93 86
375
78 112
380
85 107
385
82 122
390
93 115
395
85 123
400
85 116
405
111 106
410
100 97
415
86 103
420
103 103
425
96 88
430
106 92
435
118 90
440
111 76
445
117 87
450
117 97
455
105 116
460
92 99
465
93 110
470
115 105
475
109 94
480
127 110
485
112 107
490
116 114
495
112 115
500
93 107
505
91 114
510
69 110
515
86 129
520
78 105
525
79 126
530
74 111
535
83 76
540
99 89
545
97 72
550
80 76
555
115 89
560
135 82
565
84 97
570
97 95
575
94 90
580
120 107
585
86 102
590
74 110
595
91 1
0
80 14
5
81 16
10
61 26
15
56 45
20
80 41
25
61 56
30
87 52
35
73 69
40
63 79
45
75 83
50
68 66
55
74 57
60
69 85
65
70 77
70
57 55
75
63 65
80
65 72
85
71 60
90
65 67
95
59 72
100
67 64
105
74 54
110
62 76
115
63 79
120
86 72
125
67 59
130
86 61
135
60 70
140
92 73
145
96 74
150
59 86
155
101 66
160
84 68
165
62 71
170
102 69
175
82 96
180
92 78
185
70 79
190
104 93
195
103 79
200
83 64
205
72 76
210
114 87
215
93 73
220
106 92
225
85 98
230
72 90
235
89 87
240
98 106
245
92 97
250
89 86
255
84 85
260
97 80
265
82 80
270
106 79
275
105 81
280
103 99
285
108 75
290
90 87
295
98 94
300
93 88
305
118 88
310
102 89
315
92 96
320
121 91
325
95 102
330
83 104
335
92 88
340
97 102
345
92 99
350
75 96
355
137 86
360
98 91
365
106 89
370
90 115
375
103 92
380
113 87
385
99 96
390
92 121
395
79 110
400
80 103
405
102 100
410
84 99
415
124 102
420
120 116
425
108 99
430
129 112
435
107 90
440
67 91
445
120 116
450
132 101
455
120 110
460
115 108
465
103 111
470
130 116
475
107 115
480
99 111
485
87 122
490
92 132
495
70 120
500
95 109
505
98 122
510
96 124
515
82 99
520
80 90
525
61 93
530
69 100
535
91 85
540
86 107
545
85 83
550
86 98
555
107 80
560
94 79
565
110 101
570
86 77
575
115 74
580
103 98
585
123 78
590
135 96
595
