sys:1: DtypeWarning: Columns (3) have mixed types.Specify dtype option on import or set low_memory=False.
sys:1: DtypeWarning: Columns (6) have mixed types.Specify dtype option on import or set low_memory=False.
160 23
0
171 82
5
178 95
10
167 99
15
154 143
20
155 160
25
168 161
30
151 163
35
184 150
40
159 174
45
168 159
50
158 163
55
139 179
60
161 176
65
149 154
70
156 148
75
167 176
80
160 166
85
163 150
90
167 178
95
173 155
100
183 169
105
173 175
110
187 176
115
167 200
120
169 166
125
167 172
130
161 175
135
201 171
140
158 188
145
181 177
150
156 202
155
175 165
160
168 191
165
196 173
170
155 202
175
162 183
180
187 192
185
185 189
190
181 190
195
168 174
200
165 151
205
205 173
210
168 151
215
196 185
220
178 164
225
168 190
230
167 188
235
191 191
240
153 168
245
202 170
250
191 191
255
187 196
260
184 174
265
200 189
270
186 169
275
201 177
280
188 189
285
197 178
290
170 182
295
180 180
300
176 175
305
193 151
310
153 212
315
167 188
320
189 193
325
178 178
330
170 139
335
181 180
340
181 176
345
172 216
350
192 175
355
178 203
360
190 195
365
202 185
370
169 173
375
179 194
380
164 168
385
164 171
390
189 174
395
171 174
400
173 179
405
141 152
410
194 190
415
191 183
420
177 168
425
204 177
430
208 159
435
191 161
440
205 200
445
204 216
450
195 197
455
239 191
460
236 191
465
228 202
470
220 209
475
219 207
480
227 217
485
238 220
490
254 188
495
240 218
500
258 252
505
269 274
510
253 245
515
231 254
520
234 257
525
225 233
530
216 241
535
236 250
540
239 225
545
241 216
550
240 232
555
221 251
560
227 237
565
235 256
570
222 224
575
210 245
580
220 241
585
195 196
590
221 210
595
162 19
0
153 72
5
153 95
10
155 115
15
161 132
20
166 149
25
144 138
30
129 141
35
146 132
40
151 143
45
159 161
50
154 163
55
153 138
60
148 172
65
144 161
70
160 139
75
154 155
80
154 147
85
137 175
90
178 172
95
155 170
100
168 174
105
142 157
110
150 171
115
166 176
120
161 147
125
186 165
130
149 157
135
168 153
140
167 185
145
195 160
150
181 172
155
159 160
160
171 157
165
153 172
170
144 177
175
150 155
180
191 151
185
181 140
190
142 154
195
164 164
200
174 149
205
158 153
210
160 143
215
152 166
220
162 163
225
174 162
230
166 148
235
150 152
240
166 184
245
160 155
250
160 162
255
181 160
260
173 168
265
173 167
270
172 168
275
165 168
280
189 165
285
202 189
290
199 158
295
189 169
300
187 178
305
165 173
310
182 173
315
190 156
320
149 160
325
199 188
330
185 159
335
178 182
340
182 177
345
155 184
350
159 182
355
162 183
360
162 156
365
147 155
370
153 167
375
137 163
380
141 168
385
133 142
390
145 154
395
149 150
400
164 146
405
163 157
410
186 158
415
176 146
420
184 147
425
167 179
430
192 158
435
187 163
440
179 183
445
192 170
450
181 183
455
192 190
460
188 193
465
197 198
470
209 201
475
178 205
480
196 203
485
221 205
490
200 202
495
206 183
500
217 206
505
194 177
510
228 203
515
215 199
520
207 232
525
205 201
530
194 218
535
208 213
540
215 222
545
211 226
550
193 224
555
201 239
560
175 213
565
188 223
570
195 183
575
185 191
580
198 193
585
184 217
590
179 188
595
114 31
0
84 70
5
124 72
10
125 85
15
106 92
20
118 120
25
124 102
30
127 104
35
125 111
40
131 130
45
149 129
50
127 142
55
132 127
60
141 114
65
138 107
70
144 145
75
151 137
80
119 125
85
121 136
90
133 134
95
139 133
100
135 109
105
140 151
110
139 143
115
142 147
120
125 155
125
162 118
130
161 136
135
155 150
140
153 137
145
157 155
150
146 158
155
153 156
160
145 152
165
165 150
170
137 138
175
158 146
180
156 156
185
157 139
190
157 153
195
159 145
200
136 137
205
157 168
210
165 154
215
149 166
220
157 178
225
160 160
230
144 161
235
162 169
240
158 141
245
174 146
250
141 151
255
160 124
260
142 152
265
140 143
270
156 149
275
141 116
280
148 151
285
152 156
290
156 161
295
153 158
300
147 152
305
160 164
310
162 147
315
129 166
320
152 168
325
154 129
330
173 140
335
122 140
340
145 153
345
162 148
350
165 142
355
168 141
360
147 149
365
144 152
370
154 170
375
154 133
380
157 168
385
153 164
390
143 151
395
168 138
400
172 145
405
159 183
410
185 159
415
164 162
420
152 150
425
129 174
430
156 150
435
155 171
440
155 165
445
172 176
450
169 156
455
152 137
460
154 194
465
179 159
470
174 157
475
152 198
480
171 172
485
157 162
490
170 169
495
176 160
500
172 170
505
204 163
510
178 182
515
151 168
520
194 200
525
181 191
530
210 164
535
199 167
540
166 180
545
193 178
550
179 171
555
190 174
560
192 191
565
170 167
570
184 188
575
170 198
580
176 154
585
165 182
590
163 169
595
90 16
0
89 62
5
98 73
10
103 95
15
110 111
20
98 120
25
114 98
30
107 100
35
112 94
40
127 121
45
126 133
50
130 135
55
119 138
60
123 130
65
109 125
70
136 119
75
119 108
80
129 123
85
90 129
90
142 108
95
130 113
100
130 128
105
167 106
110
118 145
115
122 136
120
137 124
125
138 120
130
134 131
135
156 135
140
149 140
145
144 124
150
138 147
155
139 138
160
165 132
165
134 135
170
151 139
175
158 122
180
144 140
185
154 144
190
145 149
195
132 133
200
164 146
205
151 143
210
141 148
215
159 148
220
156 138
225
138 136
230
156 153
235
158 145
240
150 151
245
145 143
250
154 137
255
149 165
260
157 139
265
156 147
270
149 142
275
148 153
280
157 150
285
161 141
290
151 141
295
148 142
300
153 132
305
153 143
310
151 153
315
132 159
320
136 146
325
155 134
330
141 141
335
131 116
340
153 170
345
141 127
350
149 135
355
150 147
360
132 163
365
148 166
370
157 144
375
122 147
380
145 129
385
155 165
390
120 137
395
136 139
400
150 152
405
117 131
410
142 158
415
151 146
420
161 135
425
147 148
430
136 150
435
161 134
440
134 168
445
151 140
450
153 133
455
177 132
460
144 140
465
199 161
470
144 178
475
164 163
480
159 153
485
165 164
490
159 153
495
163 156
500
141 177
505
129 148
510
156 135
515
166 149
520
157 159
525
155 168
530
144 147
535
162 175
540
127 146
545
131 130
550
138 135
555
136 148
560
138 156
565
130 124
570
124 129
575
128 135
580
132 117
585
146 108
590
117 130
595
143 24
0
142 50
5
166 104
10
145 121
15
134 135
20
141 145
25
136 146
30
122 137
35
149 128
40
156 158
45
116 167
50
140 147
55
135 143
60
120 149
65
135 120
70
125 130
75
146 157
80
142 135
85
131 148
90
146 147
95
149 132
100
162 139
105
168 130
110
149 163
115
135 151
120
157 140
125
159 147
130
135 152
135
154 125
140
127 173
145
147 156
150
155 140
155
172 161
160
151 141
165
145 151
170
156 163
175
148 167
180
147 165
185
144 138
190
132 164
195
151 160
200
149 150
205
151 148
210
150 144
215
146 164
220
145 149
225
141 165
230
160 153
235
168 141
240
156 167
245
150 148
250
137 137
255
165 152
260
134 145
265
164 152
270
177 146
275
124 155
280
162 171
285
184 150
290
165 171
295
138 177
300
181 162
305
163 156
310
167 171
315
140 168
320
160 148
325
159 158
330
152 160
335
143 165
340
162 149
345
146 168
350
162 176
355
164 167
360
164 157
365
163 140
370
187 173
375
150 148
380
146 152
385
138 172
390
139 151
395
152 133
400
149 159
405
172 151
410
175 161
415
139 151
420
161 168
425
177 165
430
172 138
435
159 168
440
187 209
445
194 174
450
174 171
455
197 173
460
176 194
465
196 168
470
193 207
475
186 209
480
182 185
485
203 193
490
214 214
495
226 217
500
187 194
505
197 213
510
189 212
515
194 215
520
195 235
525
214 194
530
193 219
535
220 223
540
193 197
545
193 204
550
183 232
555
189 210
560
189 176
565
185 222
570
166 208
575
185 175
580
142 173
585
162 153
590
173 193
595
175 25
0
158 65
5
154 95
10
161 133
15
173 148
20
160 167
25
165 170
30
150 180
35
172 164
40
159 160
45
162 158
50
151 170
55
151 147
60
156 160
65
157 140
70
160 152
75
163 142
80
157 155
85
169 167
90
160 138
95
165 162
100
142 160
105
165 186
110
145 181
115
169 158
120
179 182
125
196 177
130
242 162
135
227 164
140
208 225
145
225 200
150
260 191
155
235 232
160
276 249
165
249 240
170
247 268
175
224 230
180
213 226
185
194 188
190
180 242
195
189 194
200
181 180
205
162 178
210
157 171
215
181 177
220
162 164
225
171 180
230
149 212
235
188 164
240
151 179
245
164 175
250
184 164
255
168 180
260
168 167
265
174 173
270
175 145
275
144 152
280
175 192
285
152 183
290
171 176
295
197 173
300
179 186
305
189 160
310
188 153
315
175 168
320
145 175
325
171 168
330
171 161
335
178 170
340
161 156
345
164 195
350
176 179
355
153 183
360
178 159
365
174 153
370
149 173
375
139 155
380
159 156
385
173 161
390
173 175
395
151 155
400
159 154
405
156 152
410
151 155
415
172 143
420
177 175
425
196 162
430
182 154
435
208 145
440
160 192
445
196 185
450
213 185
455
203 180
460
216 192
465
229 193
470
215 210
475
218 208
480
220 216
485
253 212
490
232 219
495
240 233
500
225 241
505
222 246
510
219 258
515
246 255
520
220 241
525
225 255
530
208 226
535
234 235
540
223 225
545
207 221
550
213 214
555
184 230
560
200 213
565
201 207
570
196 228
575
210 195
580
211 186
585
206 187
590
191 215
595
172 35
0
153 71
5
144 86
10
164 130
15
151 151
20
169 175
25
163 181
30
155 184
35
178 174
40
162 158
45
169 171
50
176 192
55
156 209
60
164 167
65
157 161
70
158 143
75
145 135
80
173 175
85
177 147
90
149 176
95
181 157
100
199 154
105
212 200
110
184 179
115
196 203
120
142 195
125
191 172
130
204 172
135
183 150
140
175 188
145
201 184
150
169 191
155
198 183
160
183 177
165
172 161
170
196 198
175
175 202
180
175 186
185
176 183
190
197 167
195
175 172
200
189 176
205
175 172
210
182 194
215
188 186
220
182 207
225
204 179
230
201 179
235
213 227
240
220 184
245
223 209
250
239 241
255
226 234
260
213 225
265
200 252
270
193 234
275
169 188
280
195 193
285
215 237
290
210 214
295
242 201
300
218 199
305
201 214
310
240 213
315
223 207
320
187 232
325
153 197
330
166 174
335
173 180
340
151 179
345
139 158
350
138 166
355
145 162
360
157 167
365
181 150
370
140 138
375
143 145
380
165 107
385
171 157
390
209 173
395
174 149
400
163 174
405
151 181
410
167 177
415
164 176
420
200 132
425
179 156
430
192 141
435
199 188
440
214 178
445
239 194
450
214 177
455
235 194
460
247 217
465
231 231
470
241 209
475
280 239
480
263 252
485
267 248
490
225 259
495
235 240
500
202 237
505
213 231
510
200 252
515
205 222
520
206 192
525
190 191
530
214 187
535
221 206
540
217 215
545
230 237
550
216 226
555
211 221
560
170 217
565
194 200
570
189 191
575
179 208
580
223 205
585
219 200
590
212 206
595
189 31
0
161 56
5
161 93
10
155 128
15
141 144
20
141 158
25
163 150
30
162 154
35
154 168
40
185 174
45
168 161
50
159 156
55
157 190
60
158 148
65
145 173
70
187 161
75
133 158
80
165 160
85
164 159
90
175 156
95
176 152
100
160 166
105
167 196
110
180 174
115
174 174
120
157 176
125
171 172
130
184 173
135
168 193
140
156 187
145
201 175
150
175 184
155
188 159
160
172 169
165
200 181
170
187 182
175
179 162
180
166 187
185
174 176
190
175 158
195
182 180
200
176 180
205
176 196
210
189 176
215
177 156
220
182 204
225
167 173
230
153 158
235
172 189
240
187 164
245
199 167
250
203 174
255
212 188
260
165 187
265
172 196
270
184 196
275
167 188
280
179 197
285
213 195
290
167 201
295
173 185
300
164 167
305
193 186
310
173 183
315
161 193
320
173 200
325
186 203
330
172 203
335
177 170
340
182 168
345
171 190
350
171 169
355
157 179
360
191 164
365
177 174
370
190 177
375
171 159
380
143 154
385
154 163
390
158 151
395
145 158
400
152 168
405
149 137
410
161 172
415
162 153
420
196 136
425
187 161
430
209 166
435
201 167
440
189 197
445
175 176
450
197 185
455
214 185
460
209 180
465
203 194
470
216 222
475
215 192
480
223 214
485
233 200
490
221 177
495
218 207
500
219 216
505
223 235
510
222 241
515
202 227
520
235 229
525
216 257
530
200 243
535
240 194
540
227 224
545
212 239
550
249 223
555
249 255
560
242 218
565
216 211
570
198 233
575
231 215
580
237 240
585
241 226
590
258 221
595
158 16
0
140 63
5
151 85
10
142 118
15
157 126
20
156 129
25
150 145
30
154 129
35
168 135
40
137 157
45
184 158
50
149 139
55
125 150
60
136 130
65
142 126
70
165 145
75
117 122
80
153 172
85
150 144
90
143 121
95
159 172
100
161 131
105
144 146
110
164 154
115
174 185
120
146 168
125
174 155
130
169 145
135
154 171
140
147 170
145
152 176
150
173 166
155
168 152
160
141 158
165
175 164
170
162 162
175
164 137
180
157 163
185
183 131
190
168 165
195
144 137
200
157 156
205
200 159
210
191 146
215
189 210
220
156 183
225
175 191
230
157 161
235
155 184
240
184 148
245
159 153
250
146 166
255
153 141
260
175 149
265
168 135
270
165 139
275
153 146
280
163 151
285
174 171
290
148 192
295
166 181
300
185 170
305
187 155
310
174 154
315
157 158
320
152 186
325
163 163
330
155 178
335
152 162
340
162 178
345
190 175
350
142 154
355
172 162
360
203 162
365
259 140
370
202 172
375
184 196
380
206 230
385
198 200
390
177 171
395
163 193
400
133 174
405
152 177
410
152 168
415
145 158
420
166 164
425
164 143
430
157 134
435
166 157
440
173 174
445
170 174
450
183 186
455
151 177
460
185 150
465
195 180
470
178 199
475
204 175
480
181 194
485
187 181
490
187 181
495
198 200
500
160 184
505
203 202
510
201 194
515
179 200
520
229 190
525
224 203
530
210 211
535
181 177
540
214 187
545
206 218
550
191 181
555
196 171
560
197 193
565
161 204
570
179 206
575
175 188
580
190 186
585
151 177
590
167 170
595
121 24
0
97 69
5
130 95
10
122 88
15
115 100
20
98 139
25
122 115
30
122 95
35
133 106
40
122 110
45
124 114
50
144 129
55
112 123
60
118 120
65
116 111
70
120 105
75
141 124
80
135 112
85
102 125
90
120 125
95
127 132
100
148 127
105
127 130
110
145 145
115
128 140
120
133 144
125
133 134
130
138 115
135
134 135
140
124 147
145
140 134
150
142 117
155
148 145
160
157 136
165
151 156
170
145 137
175
149 150
180
133 150
185
144 138
190
140 145
195
151 145
200
136 163
205
125 148
210
167 158
215
150 136
220
163 140
225
150 147
230
154 154
235
145 157
240
125 128
245
133 143
250
148 140
255
128 130
260
136 140
265
134 125
270
152 151
275
119 134
280
142 142
285
154 129
290
156 134
295
124 150
300
153 125
305
133 128
310
145 157
315
157 140
320
151 130
325
146 107
330
145 144
335
130 148
340
165 112
345
153 151
350
136 145
355
148 147
360
130 130
365
146 132
370
152 151
375
131 164
380
154 154
385
155 127
390
146 135
395
134 142
400
172 163
405
171 140
410
152 160
415
157 143
420
151 140
425
177 149
430
148 150
435
159 146
440
165 137
445
157 154
450
156 145
455
168 145
460
158 172
465
161 159
470
170 181
475
172 181
480
148 160
485
173 184
490
167 167
495
154 194
500
168 207
505
167 175
510
163 171
515
192 172
520
172 167
525
165 163
530
162 193
535
183 181
540
190 152
545
180 152
550
165 202
555
182 162
560
177 192
565
165 166
570
169 186
575
161 130
580
157 156
585
164 175
590
154 175
595
94 23
0
91 59
5
86 71
10
89 71
15
94 69
20
96 103
25
95 114
30
100 98
35
99 88
40
111 108
45
109 98
50
121 107
55
102 125
60
97 119
65
96 95
70
115 95
75
105 114
80
101 94
85
112 93
90
106 114
95
109 113
100
116 123
105
107 129
110
114 119
115
140 127
120
121 121
125
125 124
130
131 85
135
123 121
140
126 106
145
143 136
150
113 119
155
117 133
160
119 123
165
125 117
170
127 125
175
111 112
180
129 107
185
125 126
190
118 129
195
110 103
200
114 110
205
121 130
210
124 91
215
131 124
220
111 117
225
151 120
230
117 125
235
135 137
240
139 120
245
130 118
250
129 125
255
128 116
260
115 103
265
111 137
270
116 112
275
129 107
280
120 139
285
123 137
290
113 126
295
126 109
300
110 128
305
107 107
310
115 113
315
110 98
320
109 116
325
137 109
330
127 107
335
120 126
340
141 119
345
123 122
350
121 145
355
126 108
360
135 140
365
108 118
370
109 135
375
122 128
380
116 130
385
137 122
390
120 118
395
117 129
400
145 98
405
147 122
410
128 124
415
138 143
420
140 136
425
128 122
430
131 126
435
122 149
440
153 124
445
135 133
450
121 132
455
167 120
460
152 151
465
161 116
470
141 144
475
154 148
480
134 155
485
145 157
490
149 128
495
167 156
500
130 164
505
164 160
510
148 162
515
150 152
520
168 144
525
151 154
530
141 161
535
138 165
540
131 137
545
165 144
550
139 138
555
131 125
560
129 171
565
115 141
570
117 133
575
125 119
580
121 122
585
125 142
590
122 127
595
126 23
0
149 55
5
143 83
10
151 124
15
127 152
20
147 146
25
139 119
30
133 136
35
157 154
40
131 125
45
138 158
50
141 158
55
140 127
60
167 125
65
150 129
70
150 131
75
134 131
80
133 149
85
123 149
90
160 143
95
153 134
100
134 128
105
136 147
110
141 149
115
123 148
120
147 119
125
140 151
130
142 150
135
136 144
140
144 140
145
160 155
150
179 133
155
135 134
160
159 175
165
180 171
170
161 133
175
146 163
180
137 163
185
153 136
190
143 129
195
160 151
200
157 152
205
132 163
210
172 144
215
158 143
220
153 149
225
152 172
230
171 140
235
168 161
240
141 160
245
162 152
250
179 135
255
145 154
260
144 158
265
164 146
270
137 173
275
159 145
280
172 149
285
139 174
290
157 171
295
152 167
300
170 166
305
161 161
310
191 171
315
170 142
320
143 178
325
186 159
330
151 136
335
159 157
340
172 165
345
167 166
350
148 156
355
143 153
360
156 170
365
141 139
370
169 155
375
139 162
380
164 142
385
165 160
390
144 147
395
159 133
400
139 158
405
157 147
410
162 169
415
147 151
420
180 140
425
159 171
430
190 161
435
159 169
440
164 160
445
200 161
450
184 166
455
179 191
460
195 194
465
172 202
470
219 174
475
222 170
480
203 198
485
200 182
490
198 199
495
198 176
500
211 207
505
204 211
510
169 205
515
191 199
520
194 170
525
194 197
530
199 227
535
196 209
540
168 194
545
208 194
550
186 180
555
168 165
560
178 190
565
166 204
570
178 199
575
161 168
580
175 184
585
166 159
590
173 178
595
165 27
0
165 79
5
185 113
10
177 128
15
171 141
20
162 161
25
158 158
30
146 165
35
167 163
40
162 145
45
174 164
50
188 166
55
144 169
60
172 142
65
171 146
70
149 159
75
167 171
80
158 185
85
161 181
90
156 161
95
163 178
100
182 173
105
183 130
110
172 165
115
166 168
120
199 173
125
190 176
130
185 181
135
168 184
140
197 197
145
196 174
150
184 194
155
168 190
160
195 165
165
193 173
170
172 186
175
164 172
180
213 188
185
195 171
190
197 194
195
162 193
200
151 167
205
187 197
210
167 170
215
191 178
220
159 177
225
145 182
230
159 187
235
167 188
240
165 150
245
170 173
250
173 157
255
148 172
260
179 155
265
167 161
270
179 161
275
159 166
280
163 172
285
171 175
290
159 168
295
183 187
300
159 173
305
163 174
310
141 195
315
155 162
320
167 173
325
165 181
330
162 172
335
189 153
340
189 183
345
162 179
350
171 162
355
152 178
360
163 161
365
139 168
370
154 144
375
148 184
380
177 169
385
154 173
390
147 170
395
156 160
400
158 173
405
156 150
410
165 151
415
157 141
420
178 145
425
167 146
430
191 185
435
168 184
440
188 170
445
195 168
450
164 176
455
206 195
460
203 187
465
199 206
470
192 219
475
208 212
480
226 210
485
233 204
490
232 208
495
233 200
500
218 222
505
222 240
510
249 226
515
232 257
520
243 228
525
217 229
530
198 231
535
204 219
540
278 204
545
235 247
550
235 251
555
231 268
560
209 220
565
197 215
570
186 198
575
213 171
580
174 186
585
210 163
590
181 177
595
162 28
0
179 68
5
163 112
10
142 135
15
179 149
20
142 164
25
166 157
30
164 173
35
152 181
40
174 149
45
166 163
50
159 164
55
172 185
60
152 167
65
152 140
70
188 150
75
170 176
80
163 155
85
159 177
90
152 134
95
185 168
100
170 145
105
180 169
110
192 199
115
184 197
120
196 199
125
151 167
130
187 170
135
163 183
140
167 170
145
173 164
150
180 208
155
157 172
160
182 172
165
186 163
170
165 175
175
164 208
180
167 173
185
167 151
190
188 148
195
176 166
200
172 167
205
173 160
210
186 173
215
182 166
220
179 192
225
179 180
230
182 177
235
175 183
240
170 187
245
199 159
250
185 183
255
178 193
260
159 193
265
173 147
270
183 155
275
187 168
280
182 181
285
187 178
290
209 204
295
164 177
300
179 179
305
198 187
310
201 187
315
204 226
320
201 177
325
222 224
330
198 188
335
188 176
340
188 197
345
165 204
350
182 182
355
162 188
360
173 148
365
175 171
370
169 167
375
154 187
380
165 192
385
173 162
390
176 179
395
157 169
400
132 174
405
190 166
410
158 162
415
159 181
420
182 166
425
160 152
430
157 163
435
187 166
440
177 156
445
184 183
450
192 178
455
196 196
460
172 202
465
205 196
470
178 175
475
185 201
480
184 199
485
222 207
490
221 245
495
204 189
500
216 208
505
207 197
510
198 210
515
209 214
520
182 214
525
197 196
530
193 225
535
211 231
540
208 219
545
204 185
550
226 231
555
223 199
560
228 216
565
213 204
570
211 199
575
212 219
580
219 202
585
195 208
590
183 199
595
168 23
0
135 79
5
170 88
10
165 98
15
162 107
20
158 142
25
146 146
30
155 161
35
145 118
40
158 132
45
176 200
50
179 180
55
138 153
60
160 156
65
180 127
70
132 155
75
173 154
80
148 144
85
173 142
90
160 136
95
159 169
100
171 163
105
152 203
110
183 191
115
163 188
120
180 162
125
181 185
130
168 147
135
176 182
140
184 166
145
169 185
150
187 172
155
187 201
160
184 169
165
187 201
170
179 183
175
155 185
180
162 151
185
166 149
190
175 163
195
179 161
200
169 164
205
166 153
210
185 204
215
181 164
220
196 193
225
181 183
230
176 170
235
170 175
240
197 173
245
171 177
250
169 173
255
162 177
260
198 186
265
167 165
270
167 184
275
180 166
280
186 169
285
166 154
290
181 179
295
180 178
300
158 156
305
188 150
310
179 189
315
145 179
320
181 194
325
167 180
330
148 165
335
165 179
340
167 182
345
163 191
350
166 174
355
160 171
360
192 177
365
197 167
370
152 172
375
153 141
380
167 158
385
138 176
390
147 153
395
166 153
400
174 162
405
184 151
410
174 159
415
174 185
420
169 162
425
171 174
430
195 159
435
194 168
440
172 184
445
207 198
450
199 185
455
204 182
460
224 187
465
200 197
470
210 192
475
209 228
480
219 231
485
191 220
490
221 237
495
223 219
500
213 204
505
197 243
510
211 225
515
241 220
520
182 218
525
217 213
530
202 195
535
209 219
540
229 218
545
216 187
550
220 230
555
198 232
560
211 203
565
199 241
570
202 212
575
216 206
580
201 205
585
189 211
590
199 190
595
138 24
0
151 68
5
156 80
10
138 99
15
136 134
20
144 153
25
147 166
30
137 132
35
156 113
40
149 167
45
163 169
50
130 169
55
132 153
60
121 141
65
150 141
70
156 143
75
140 134
80
150 142
85
151 154
90
121 137
95
150 145
100
151 151
105
175 174
110
163 165
115
159 159
120
174 145
125
189 150
130
149 147
135
141 156
140
162 141
145
153 128
150
152 161
155
164 147
160
170 145
165
161 163
170
179 144
175
150 172
180
145 149
185
137 164
190
178 144
195
150 162
200
172 157
205
128 154
210
149 153
215
165 146
220
158 138
225
152 154
230
149 150
235
174 165
240
156 143
245
151 167
250
176 153
255
147 147
260
171 165
265
168 164
270
172 179
275
174 153
280
176 167
285
180 170
290
173 167
295
148 161
300
165 183
305
172 145
310
164 169
315
171 164
320
143 190
325
164 168
330
165 169
335
148 183
340
129 180
345
162 167
350
144 159
355
149 142
360
156 180
365
145 163
370
155 164
375
160 162
380
151 174
385
149 177
390
159 157
395
158 142
400
159 129
405
154 169
410
164 155
415
167 165
420
153 153
425
157 150
430
194 177
435
159 168
440
174 182
445
160 195
450
173 160
455
204 183
460
215 175
465
184 194
470
187 181
475
198 195
480
164 169
485
178 202
490
181 206
495
193 206
500
212 228
505
182 186
510
180 191
515
204 174
520
185 196
525
196 211
530
172 194
535
189 202
540
181 184
545
186 178
550
213 184
555
170 205
560
207 212
565
204 210
570
186 181
575
192 211
580
178 202
585
167 176
590
171 175
595
123 25
0
121 61
5
106 69
10
122 94
15
103 128
20
134 109
25
141 102
30
118 111
35
120 124
40
139 113
45
132 109
50
138 120
55
130 131
60
126 114
65
118 115
70
147 147
75
144 121
80
135 103
85
127 117
90
131 133
95
156 121
100
138 128
105
136 131
110
135 134
115
147 126
120
137 157
125
127 139
130
150 128
135
139 138
140
149 152
145
139 146
150
139 143
155
136 147
160
171 156
165
160 164
170
165 176
175
165 145
180
165 141
185
154 178
190
169 141
195
177 139
200
167 182
205
174 173
210
151 163
215
139 182
220
158 156
225
172 167
230
166 164
235
148 133
240
145 163
245
153 150
250
145 139
255
145 169
260
117 165
265
154 143
270
158 154
275
155 134
280
147 158
285
142 163
290
146 163
295
169 153
300
145 136
305
162 160
310
150 138
315
149 133
320
150 143
325
161 161
330
169 158
335
161 178
340
164 138
345
140 151
350
159 156
355
159 165
360
189 142
365
129 164
370
161 149
375
151 152
380
167 144
385
157 146
390
160 157
395
152 152
400
137 161
405
138 175
410
171 171
415
148 150
420
146 139
425
180 150
430
156 138
435
164 175
440
126 176
445
164 167
450
154 179
455
175 157
460
167 175
465
153 150
470
150 156
475
161 185
480
167 165
485
149 150
490
175 176
495
166 151
500
168 166
505
166 156
510
182 187
515
173 161
520
182 186
525
177 152
530
176 195
535
174 156
540
176 171
545
171 155
550
158 163
555
194 143
560
194 163
565
170 160
570
150 180
575
184 176
580
170 159
585
156 174
590
124 177
595
95 25
0
110 79
5
110 73
10
92 89
15
124 83
20
101 114
25
115 86
30
119 110
35
110 107
40
111 123
45
112 107
50
114 112
55
118 131
60
119 121
65
134 117
70
128 131
75
113 122
80
109 112
85
113 113
90
138 131
95
123 125
100
128 136
105
151 133
110
138 142
115
127 154
120
154 144
125
146 122
130
156 132
135
154 127
140
158 143
145
145 133
150
129 143
155
134 127
160
133 133
165
166 129
170
145 129
175
166 149
180
152 136
185
143 150
190
134 145
195
140 142
200
136 136
205
155 128
210
136 177
215
163 129
220
147 158
225
149 161
230
134 158
235
137 140
240
151 157
245
157 177
250
149 168
255
146 161
260
155 148
265
170 191
270
147 137
275
151 145
280
153 139
285
161 149
290
144 137
295
151 160
300
153 136
305
149 141
310
147 148
315
145 162
320
147 150
325
151 170
330
144 149
335
149 140
340
173 147
345
162 154
350
157 123
355
152 155
360
144 164
365
162 160
370
134 140
375
134 138
380
133 128
385
142 152
390
165 125
395
138 157
400
157 132
405
158 147
410
161 151
415
179 152
420
171 141
425
174 191
430
188 161
435
185 178
440
167 195
445
170 175
450
196 173
455
168 180
460
211 157
465
216 164
470
196 181
475
198 222
480
211 203
485
240 195
490
216 200
495
223 228
500
195 224
505
179 203
510
222 199
515
189 201
520
190 193
525
171 191
530
162 174
535
133 168
540
129 167
545
142 151
550
125 125
555
141 163
560
122 134
565
136 129
570
118 123
575
109 138
580
119 124
585
103 93
590
127 120
595
138 27
0
136 67
5
125 86
10
131 97
15
151 140
20
134 143
25
147 129
30
128 144
35
140 136
40
141 139
45
123 150
50
123 120
55
134 139
60
164 118
65
124 143
70
142 156
75
132 135
80
144 154
85
141 144
90
144 140
95
152 135
100
142 142
105
158 147
110
127 183
115
134 151
120
147 148
125
166 147
130
153 143
135
158 170
140
145 142
145
153 141
150
142 127
155
141 173
160
170 157
165
162 173
170
158 161
175
149 149
180
166 156
185
145 138
190
147 158
195
148 152
200
141 169
205
149 138
210
161 146
215
153 141
220
155 166
225
166 168
230
145 149
235
162 181
240
164 137
245
164 153
250
177 171
255
159 164
260
167 142
265
148 160
270
158 177
275
173 144
280
170 162
285
187 175
290
180 166
295
165 168
300
167 168
305
175 188
310
152 154
315
168 163
320
161 181
325
152 172
330
161 152
335
180 154
340
174 176
345
142 182
350
156 166
355
156 175
360
155 149
365
161 172
370
161 163
375
144 151
380
161 179
385
165 155
390
154 146
395
132 166
400
175 137
405
148 159
410
170 158
415
163 166
420
174 146
425
169 134
430
153 164
435
183 150
440
166 153
445
177 181
450
176 184
455
163 168
460
186 180
465
164 193
470
196 179
475
183 174
480
173 153
485
183 185
490
195 173
495
199 185
500
185 209
505
173 215
510
198 194
515
188 183
520
163 165
525
185 215
530
178 188
535
198 199
540
169 193
545
160 169
550
158 199
555
187 163
560
201 201
565
184 182
570
162 172
575
166 185
580
157 170
585
161 145
590
151 147
595
151 22
0
138 82
5
145 118
10
152 113
15
145 135
20
157 162
25
145 141
30
148 145
35
152 156
40
146 153
45
147 174
50
148 153
55
160 171
60
165 126
65
143 151
70
126 137
75
162 151
80
159 154
85
137 137
90
162 142
95
171 135
100
174 172
105
164 202
110
176 146
115
153 157
120
173 167
125
172 148
130
172 132
135
168 154
140
165 174
145
183 163
150
160 146
155
158 155
160
188 169
165
181 159
170
176 179
175
164 171
180
146 180
185
150 166
190
146 176
195
146 175
200
145 152
205
173 149
210
162 159
215
201 154
220
181 163
225
182 186
230
174 198
235
171 179
240
155 192
245
178 172
250
182 164
255
158 184
260
189 159
265
186 171
270
159 182
275
175 138
280
151 164
285
190 191
290
170 168
295
156 170
300
164 174
305
181 162
310
159 171
315
167 149
320
170 183
325
180 194
330
159 159
335
158 160
340
156 172
345
163 147
350
156 184
355
143 164
360
155 152
365
154 154
370
149 138
375
170 158
380
155 150
385
150 143
390
150 139
395
160 154
400
149 146
405
163 156
410
170 163
415
161 146
420
173 150
425
188 156
430
173 188
435
174 164
440
171 164
445
193 160
450
176 158
455
200 188
460
188 184
465
191 187
470
207 204
475
178 197
480
215 205
485
189 213
490
217 204
495
196 212
500
207 206
505
213 220
510
208 226
515
235 216
520
197 221
525
209 231
530
219 219
535
232 226
540
211 212
545
212 222
550
175 211
555
197 204
560
185 212
565
172 197
570
166 188
575
185 188
580
183 199
585
182 181
590
170 180
595
165 26
0
174 67
5
160 102
10
176 128
15
146 126
20
167 147
25
165 156
30
145 149
35
149 146
40
169 161
45
154 180
50
163 170
55
141 151
60
153 158
65
160 140
70
165 134
75
160 166
80
130 163
85
186 164
90
159 162
95
143 169
100
164 163
105
193 162
110
175 153
115
187 215
120
172 182
125
175 166
130
179 191
135
197 150
140
162 210
145
164 190
150
185 177
155
192 174
160
181 191
165
201 166
170
185 187
175
165 167
180
151 161
185
170 165
190
175 169
195
198 159
200
169 160
205
179 187
210
183 176
215
180 194
220
203 165
225
172 187
230
170 204
235
182 207
240
193 174
245
179 174
250
168 147
255
157 174
260
151 179
265
157 151
270
170 183
275
211 154
280
160 172
285
209 185
290
167 172
295
167 185
300
174 172
305
173 173
310
185 167
315
169 170
320
179 177
325
175 176
330
159 164
335
180 170
340
172 174
345
189 181
350
166 172
355
181 179
360
185 159
365
174 157
370
176 161
375
168 163
380
163 139
385
154 159
390
173 157
395
161 148
400
153 172
405
177 177
410
162 159
415
174 176
420
193 177
425
210 190
430
221 195
435
224 189
440
231 222
445
215 201
450
240 198
455
237 206
460
254 213
465
266 254
470
264 243
475
246 303
480
232 252
485
228 286
490
220 242
495
189 236
500
179 242
505
184 250
510
202 208
515
206 212
520
216 173
525
198 185
530
195 191
535
197 202
540
206 210
545
197 198
550
183 178
555
204 189
560
201 228
565
190 189
570
202 224
575
194 209
580
184 225
585
205 185
590
177 195
595
163 20
0
147 61
5
151 117
10
155 115
15
144 146
20
162 154
25
169 157
30
173 151
35
167 159
40
179 139
45
155 154
50
164 175
55
159 165
60
137 183
65
161 150
70
141 167
75
130 164
80
131 167
85
148 145
90
157 142
95
159 150
100
170 158
105
166 164
110
190 179
115
153 196
120
167 162
125
173 155
130
183 173
135
171 175
140
160 183
145
180 169
150
167 164
155
174 172
160
174 171
165
195 165
170
155 185
175
151 176
180
142 169
185
169 151
190
163 154
195
181 165
200
152 166
205
176 177
210
186 171
215
167 163
220
161 160
225
166 175
230
192 196
235
158 186
240
183 187
245
193 192
250
170 172
255
197 176
260
174 183
265
209 163
270
183 181
275
186 174
280
195 170
285
170 174
290
161 206
295
174 153
300
196 163
305
203 179
310
154 185
315
170 185
320
195 179
325
175 156
330
158 166
335
183 183
340
196 166
345
183 180
350
171 213
355
167 189
360
194 165
365
163 194
370
157 158
375
196 152
380
162 186
385
161 162
390
187 155
395
168 143
400
155 172
405
166 161
410
198 173
415
171 152
420
172 139
425
205 151
430
168 153
435
184 161
440
166 183
445
169 167
450
184 182
455
196 179
460
226 202
465
189 195
470
198 204
475
189 218
480
200 229
485
230 193
490
216 185
495
205 219
500
220 254
505
229 231
510
205 238
515
242 208
520
194 249
525
214 237
530
204 248
535
197 216
540
209 207
545
211 194
550
209 182
555
225 192
560
196 229
565
200 229
570
197 203
575
201 210
580
207 195
585
198 189
590
212 181
595
153 25
0
139 59
5
183 87
10
145 107
15
144 138
20
141 158
25
160 141
30
143 151
35
145 156
40
141 167
45
145 155
50
172 141
55
133 147
60
124 135
65
147 139
70
151 141
75
113 132
80
165 134
85
136 152
90
127 147
95
138 140
100
139 144
105
144 144
110
157 152
115
149 153
120
152 155
125
149 143
130
147 120
135
147 128
140
128 153
145
151 137
150
140 138
155
162 153
160
147 163
165
140 141
170
123 147
175
135 160
180
151 161
185
144 126
190
159 161
195
132 159
200
164 162
205
158 177
210
143 143
215
133 160
220
144 143
225
159 157
230
170 143
235
185 164
240
160 152
245
152 168
250
150 147
255
158 142
260
150 137
265
158 157
270
144 129
275
146 172
280
153 148
285
147 183
290
169 170
295
139 149
300
137 148
305
167 164
310
168 170
315
143 169
320
158 148
325
167 150
330
160 182
335
166 153
340
149 144
345
146 135
350
158 157
355
154 149
360
163 169
365
157 171
370
148 151
375
152 169
380
159 160
385
148 164
390
155 165
395
141 149
400
161 160
405
138 151
410
155 149
415
139 144
420
159 148
425
167 147
430
153 180
435
163 176
440
180 175
445
154 170
450
179 164
455
178 170
460
190 157
465
158 162
470
213 185
475
181 171
480
164 187
485
188 179
490
183 166
495
180 175
500
180 202
505
193 178
510
174 186
515
196 197
520
178 174
525
180 181
530
170 201
535
177 194
540
182 184
545
190 199
550
186 181
555
166 188
560
188 193
565
184 206
570
147 212
575
156 180
580
159 167
585
145 185
590
155 161
595
114 25
0
95 65
5
101 81
10
128 101
15
112 94
20
112 105
25
118 111
30
121 110
35
118 118
40
114 114
45
118 126
50
137 133
55
121 132
60
129 124
65
121 126
70
123 117
75
120 149
80
145 115
85
127 126
90
128 104
95
97 126
100
146 118
105
117 128
110
126 110
115
130 138
120
132 143
125
120 136
130
145 128
135
167 148
140
116 139
145
126 135
150
132 123
155
144 142
160
149 140
165
138 152
170
125 162
175
175 151
180
151 136
185
155 142
190
157 140
195
149 131
200
142 161
205
138 139
210
136 147
215
154 106
220
144 156
225
142 133
230
125 145
235
142 151
240
161 162
245
127 138
250
140 140
255
122 135
260
152 125
265
126 109
270
141 145
275
127 156
280
122 127
285
149 148
290
154 136
295
153 162
300
153 130
305
146 119
310
139 148
315
136 135
320
118 139
325
163 135
330
144 155
335
154 145
340
145 160
345
148 156
350
146 122
355
151 138
360
155 131
365
155 124
370
134 137
375
129 150
380
156 138
385
121 148
390
152 145
395
154 133
400
145 133
405
149 180
410
123 151
415
145 142
420
170 154
425
154 135
430
168 147
435
151 162
440
172 168
445
150 150
450
165 148
455
171 157
460
169 136
465
156 134
470
164 158
475
169 181
480
162 155
485
161 202
490
175 174
495
166 164
500
158 172
505
179 151
510
195 181
515
181 159
520
182 152
525
207 188
530
156 188
535
155 169
540
177 179
545
157 178
550
179 163
555
171 157
560
142 180
565
156 136
570
160 166
575
158 183
580
151 171
585
157 163
590
152 157
595
101 17
0
81 67
5
93 65
10
100 93
15
108 89
20
95 113
25
127 104
30
93 102
35
97 95
40
110 94
45
131 97
50
119 88
55
109 115
60
113 104
65
125 122
70
119 106
75
120 100
80
119 119
85
115 122
90
108 127
95
130 124
100
127 113
105
130 116
110
126 128
115
134 136
120
125 111
125
122 107
130
116 132
135
142 113
140
130 137
145
130 133
150
112 139
155
132 117
160
127 145
165
142 110
170
113 153
175
138 127
180
137 130
185
122 139
190
121 138
195
110 132
200
132 123
205
143 144
210
135 103
215
113 129
220
108 126
225
119 144
230
143 135
235
134 118
240
140 129
245
157 133
250
155 138
255
130 141
260
127 128
265
121 155
270
158 128
275
142 138
280
131 125
285
150 123
290
151 137
295
123 136
300
146 138
305
133 144
310
127 142
315
136 103
320
128 123
325
119 116
330
142 148
335
129 140
340
152 152
345
140 129
350
147 148
355
143 146
360
129 142
365
148 128
370
136 134
375
128 144
380
117 136
385
138 136
390
128 128
395
135 116
400
134 127
405
143 135
410
118 136
415
118 143
420
130 135
425
122 132
430
146 149
435
135 127
440
115 144
445
134 127
450
139 132
455
161 130
460
153 133
465
159 160
470
145 145
475
146 154
480
165 143
485
142 151
490
142 144
495
140 152
500
146 134
505
124 152
510
152 157
515
146 134
520
154 152
525
143 140
530
123 144
535
131 158
540
143 155
545
132 141
550
143 143
555
140 138
560
132 159
565
123 150
570
122 137
575
119 145
580
118 124
585
119 111
590
129 131
595
126 25
0
116 60
5
118 83
10
123 104
15
141 99
20
129 110
25
149 126
30
128 135
35
134 140
40
118 120
45
113 113
50
137 114
55
150 134
60
119 124
65
117 112
70
118 106
75
147 123
80
121 135
85
109 141
90
146 137
95
134 122
100
127 130
105
148 139
110
138 124
115
149 134
120
133 150
125
147 140
130
134 135
135
123 132
140
126 145
145
163 154
150
159 117
155
143 154
160
138 159
165
127 143
170
128 152
175
134 153
180
144 147
185
135 136
190
155 132
195
123 129
200
138 122
205
120 118
210
137 130
215
143 131
220
147 139
225
142 130
230
157 138
235
148 151
240
141 146
245
135 140
250
159 132
255
140 140
260
137 127
265
154 139
270
160 142
275
153 132
280
182 128
285
156 152
290
138 139
295
149 146
300
136 129
305
158 138
310
153 158
315
145 165
320
135 133
325
151 132
330
169 153
335
132 158
340
134 144
345
145 159
350
127 140
355
121 148
360
147 152
365
128 115
370
125 129
375
149 134
380
131 138
385
147 147
390
140 120
395
170 148
400
148 121
405
130 161
410
137 152
415
166 131
420
149 126
425
153 149
430
153 158
435
160 138
440
170 157
445
141 136
450
165 139
455
158 150
460
170 164
465
181 181
470
194 178
475
171 183
480
173 166
485
155 154
490
170 184
495
176 175
500
170 192
505
172 184
510
179 182
515
173 171
520
201 189
525
190 183
530
165 195
535
188 197
540
154 188
545
161 160
550
168 164
555
152 170
560
136 169
565
168 154
570
157 162
575
130 168
580
140 180
585
140 141
590
181 165
595
147 18
0
147 49
5
134 96
10
136 109
15
139 116
20
138 132
25
135 117
30
114 142
35
150 137
40
145 133
45
175 150
50
158 151
55
138 137
60
143 139
65
143 155
70
139 145
75
136 144
80
152 142
85
162 131
90
154 148
95
150 133
100
148 148
105
156 165
110
132 166
115
152 165
120
137 138
125
139 144
130
166 127
135
146 149
140
152 149
145
159 148
150
152 170
155
171 151
160
143 177
165
128 147
170
168 143
175
128 176
180
141 145
185
149 137
190
135 153
195
164 154
200
153 141
205
164 137
210
141 157
215
175 164
220
150 158
225
158 152
230
158 164
235
145 153
240
153 137
245
151 146
250
149 147
255
145 137
260
174 151
265
153 147
270
160 135
275
168 142
280
157 187
285
149 175
290
150 162
295
149 177
300
159 148
305
153 162
310
150 144
315
158 156
320
140 141
325
157 145
330
167 161
335
158 129
340
162 167
345
171 145
350
135 165
355
151 147
360
186 155
365
149 149
370
168 168
375
149 132
380
154 157
385
155 168
390
154 162
395
137 156
400
150 145
405
177 154
410
163 140
415
149 165
420
161 160
425
183 138
430
170 140
435
185 163
440
189 175
445
164 166
450
149 175
455
142 176
460
187 180
465
176 175
470
193 194
475
182 168
480
187 170
485
182 163
490
200 195
495
226 194
500
196 201
505
207 198
510
184 200
515
183 198
520
177 215
525
216 211
530
202 213
535
190 196
540
189 210
545
206 196
550
184 169
555
189 183
560
169 192
565
177 178
570
168 174
575
211 185
580
152 173
585
156 172
590
156 203
595
141 22
0
161 66
5
142 90
10
159 123
15
132 135
20
125 128
25
132 138
30
138 136
35
168 145
40
155 151
45
143 143
50
157 146
55
135 169
60
130 130
65
163 150
70
150 142
75
145 130
80
130 150
85
132 152
90
166 137
95
169 146
100
175 169
105
149 155
110
145 179
115
158 160
120
171 127
125
182 139
130
186 164
135
203 171
140
145 182
145
177 179
150
185 178
155
164 176
160
164 155
165
194 148
170
192 179
175
208 208
180
237 222
185
247 224
190
216 199
195
195 235
200
189 186
205
196 203
210
189 187
215
177 162
220
188 177
225
168 173
230
148 158
235
176 157
240
169 166
245
172 171
250
168 177
255
155 158
260
137 175
265
165 133
270
178 154
275
134 144
280
163 149
285
153 153
290
158 180
295
163 157
300
186 160
305
161 163
310
165 170
315
151 155
320
165 168
325
158 167
330
166 161
335
189 148
340
183 175
345
211 191
350
194 195
355
194 215
360
159 177
365
162 179
370
160 185
375
151 159
380
142 141
385
163 155
390
168 149
395
160 135
400
164 152
405
157 159
410
160 196
415
175 136
420
165 167
425
173 150
430
164 179
435
179 157
440
157 179
445
201 161
450
171 163
455
177 172
460
186 183
465
168 194
470
208 211
475
174 202
480
177 193
485
257 188
490
253 204
495
270 241
500
231 259
505
207 262
510
176 242
515
218 238
520
214 194
525
238 243
530
196 207
535
169 244
540
220 209
545
204 222
550
199 213
555
219 205
560
246 178
565
212 235
570
221 217
575
205 209
580
172 201
585
206 168
590
182 209
595
165 28
0
127 63
5
141 97
10
141 108
15
128 128
20
141 127
25
168 138
30
157 146
35
133 132
40
130 136
45
148 154
50
167 147
55
143 138
60
152 146
65
149 153
70
155 131
75
158 141
80
126 136
85
148 163
90
156 156
95
141 124
100
140 149
105
158 158
110
145 134
115
136 154
120
151 149
125
158 135
130
164 149
135
150 169
140
143 177
145
140 179
150
166 143
155
169 145
160
162 142
165
156 156
170
163 168
175
168 155
180
151 170
185
163 167
190
132 158
195
153 140
200
146 132
205
163 171
210
178 154
215
148 140
220
172 149
225
194 155
230
172 156
235
163 160
240
172 142
245
157 140
250
167 169
255
166 153
260
151 168
265
161 148
270
169 147
275
168 156
280
155 193
285
146 177
290
156 159
295
155 151
300
166 155
305
166 158
310
159 146
315
169 162
320
167 159
325
156 152
330
184 147
335
171 164
340
168 154
345
177 181
350
175 168
355
154 180
360
159 149
365
147 145
370
156 169
375
164 162
380
150 181
385
141 153
390
155 146
395
159 150
400
153 144
405
127 163
410
150 157
415
164 161
420
156 130
425
162 163
430
164 164
435
192 182
440
181 173
445
150 180
450
151 183
455
188 173
460
157 174
465
176 187
470
204 174
475
167 187
480
198 182
485
226 166
490
199 180
495
210 211
500
175 173
505
202 207
510
197 241
515
209 206
520
196 180
525
196 187
530
209 225
535
209 230
540
200 189
545
181 187
550
181 197
555
217 218
560
200 175
565
152 212
570
160 187
575
177 178
580
175 162
585
172 179
590
182 171
595
120 32
0
121 50
5
117 80
10
118 104
15
123 117
20
148 120
25
127 120
30
130 129
35
142 150
40
141 148
45
131 136
50
108 149
55
126 127
60
135 145
65
130 125
70
139 113
75
128 126
80
140 143
85
135 141
90
145 139
95
140 147
100
134 137
105
148 137
110
128 147
115
150 167
120
132 136
125
148 128
130
152 138
135
147 120
140
153 140
145
164 125
150
145 157
155
139 180
160
154 156
165
157 153
170
148 137
175
149 172
180
168 130
185
150 153
190
153 163
195
140 159
200
143 164
205
141 155
210
160 142
215
166 138
220
164 149
225
162 150
230
158 162
235
152 160
240
162 153
245
175 145
250
162 141
255
154 138
260
170 131
265
173 163
270
149 169
275
176 136
280
152 141
285
172 169
290
150 166
295
161 167
300
177 171
305
179 153
310
167 148
315
172 162
320
184 167
325
162 167
330
157 162
335
161 157
340
155 187
345
167 171
350
156 191
355
141 189
360
155 159
365
167 148
370
168 152
375
152 158
380
167 175
385
155 164
390
160 150
395
149 147
400
166 158
405
153 162
410
132 163
415
150 155
420
155 133
425
167 149
430
176 169
435
158 145
440
165 181
445
152 170
450
151 175
455
158 165
460
162 165
465
173 148
470
164 159
475
154 177
480
162 162
485
173 150
490
189 170
495
180 183
500
185 159
505
155 171
510
177 179
515
175 194
520
201 179
525
178 184
530
169 186
535
175 199
540
176 132
545
214 186
550
214 168
555
185 196
560
169 176
565
162 188
570
159 164
575
180 175
580
143 162
585
148 173
590
157 171
595
96 25
0
102 66
5
100 83
10
80 75
15
117 80
20
120 115
25
109 90
30
104 96
35
109 104
40
110 97
45
107 119
50
114 125
55
100 104
60
117 119
65
128 125
70
108 115
75
122 100
80
123 119
85
100 120
90
129 126
95
117 103
100
125 118
105
128 140
110
122 113
115
129 114
120
139 140
125
129 123
130
150 114
135
150 132
140
126 135
145
123 115
150
107 124
155
123 125
160
134 120
165
148 137
170
121 142
175
140 141
180
136 116
185
126 118
190
134 132
195
142 158
200
134 124
205
124 155
210
147 131
215
132 143
220
124 152
225
128 120
230
132 130
235
120 120
240
124 134
245
134 128
250
159 126
255
134 130
260
128 129
265
128 128
270
120 119
275
124 127
280
152 135
285
136 136
290
117 121
295
142 150
300
132 143
305
104 140
310
141 140
315
123 137
320
120 128
325
136 140
330
128 107
335
128 131
340
128 133
345
164 159
350
163 135
355
160 142
360
130 141
365
146 106
370
156 144
375
131 109
380
132 134
385
120 138
390
128 121
395
145 142
400
159 126
405
138 156
410
153 126
415
140 131
420
148 152
425
150 157
430
117 164
435
134 153
440
153 133
445
158 128
450
159 131
455
143 130
460
134 153
465
144 136
470
143 146
475
138 162
480
136 145
485
134 120
490
169 134
495
151 127
500
144 163
505
156 134
510
157 157
515
159 148
520
155 148
525
153 134
530
150 177
535
147 154
540
140 149
545
148 146
550
154 142
555
154 124
560
142 162
565
141 148
570
154 155
575
149 162
580
139 132
585
128 155
590
126 164
595
