sys:1: DtypeWarning: Columns (3) have mixed types.Specify dtype option on import or set low_memory=False.
sys:1: DtypeWarning: Columns (6) have mixed types.Specify dtype option on import or set low_memory=False.
18 0
0
25 3
5
22 17
10
21 10
15
24 20
20
28 15
25
23 13
30
22 23
35
21 24
40
27 23
45
23 25
50
26 28
55
36 27
60
24 27
65
21 30
70
25 21
75
17 18
80
20 19
85
29 20
90
19 24
95
19 22
100
24 23
105
26 23
110
24 26
115
25 15
120
30 26
125
24 18
130
18 40
135
29 27
140
23 20
145
35 23
150
35 22
155
27 20
160
32 32
165
29 27
170
27 22
175
27 35
180
29 27
185
29 26
190
18 26
195
19 33
200
20 25
205
21 29
210
31 16
215
28 27
220
26 23
225
22 22
230
28 28
235
28 25
240
32 30
245
29 28
250
36 27
255
21 23
260
24 30
265
27 34
270
25 27
275
24 23
280
35 22
285
24 21
290
19 28
295
30 27
300
23 36
305
32 31
310
27 24
315
21 25
320
21 20
325
22 31
330
15 28
335
27 21
340
28 22
345
25 27
350
25 21
355
30 26
360
24 30
365
27 25
370
29 23
375
16 32
380
25 23
385
24 27
390
23 28
395
23 16
400
29 18
405
18 33
410
26 21
415
30 21
420
18 21
425
25 28
430
18 25
435
20 29
440
22 22
445
29 19
450
32 25
455
21 25
460
24 23
465
27 26
470
28 21
475
18 30
480
23 26
485
18 16
490
15 24
495
21 26
500
21 22
505
24 10
510
12 17
515
29 15
520
23 25
525
18 23
530
19 20
535
19 24
540
29 20
545
26 28
550
28 20
555
29 23
560
21 21
565
27 27
570
23 26
575
20 18
580
19 27
585
23 17
590
20 24
595
9 0
0
8 1
5
10 5
10
8 6
15
11 11
20
11 7
25
11 6
30
10 8
35
15 9
40
7 11
45
8 11
50
15 11
55
14 15
60
11 12
65
21 17
70
19 10
75
16 16
80
23 21
85
21 23
90
15 12
95
22 27
100
17 20
105
14 14
110
15 16
115
10 11
120
21 15
125
13 17
130
13 17
135
22 7
140
18 24
145
17 17
150
14 15
155
15 19
160
9 14
165
24 14
170
13 15
175
15 12
180
9 11
185
9 16
190
17 14
195
13 15
200
18 12
205
9 9
210
13 13
215
13 16
220
13 12
225
14 14
230
15 13
235
8 20
240
9 10
245
11 9
250
13 9
255
26 10
260
11 12
265
22 15
270
22 21
275
22 21
280
21 18
285
17 15
290
21 28
295
19 17
300
22 19
305
25 20
310
17 15
315
27 16
320
17 21
325
12 24
330
18 21
335
17 14
340
14 18
345
21 16
350
16 23
355
10 17
360
15 12
365
8 10
370
22 12
375
13 15
380
12 13
385
10 17
390
14 11
395
13 21
400
14 9
405
12 17
410
18 11
415
10 20
420
14 9
425
16 19
430
18 10
435
21 22
440
14 21
445
14 17
450
12 20
455
21 9
460
15 16
465
14 16
470
16 11
475
13 19
480
21 11
485
19 16
490
14 18
495
15 14
500
16 12
505
21 15
510
24 23
515
24 21
520
13 25
525
17 18
530
16 18
535
19 11
540
10 22
545
13 9
550
10 8
555
12 21
560
12 16
565
19 9
570
16 17
575
14 18
580
15 14
585
22 16
590
12 12
595
18 0
0
19 4
5
18 4
10
29 10
15
21 11
20
24 24
25
22 15
30
15 27
35
28 15
40
27 18
45
21 27
50
24 24
55
26 18
60
22 26
65
24 29
70
26 21
75
27 25
80
28 19
85
21 24
90
25 25
95
20 23
100
22 19
105
28 25
110
28 27
115
26 26
120
24 28
125
31 29
130
21 16
135
18 22
140
30 27
145
20 27
150
22 23
155
21 26
160
21 18
165
17 32
170
22 22
175
36 22
180
24 18
185
30 28
190
27 26
195
25 33
200
26 30
205
27 22
210
29 20
215
20 30
220
16 22
225
16 23
230
17 30
235
24 23
240
20 18
245
27 17
250
23 18
255
31 23
260
23 26
265
27 24
270
20 20
275
21 27
280
18 22
285
31 19
290
20 26
295
27 27
300
22 22
305
23 17
310
19 22
315
21 30
320
35 11
325
32 19
330
25 34
335
21 32
340
31 36
345
20 15
350
21 23
355
38 20
360
25 21
365
24 17
370
19 32
375
23 19
380
13 26
385
17 29
390
27 20
395
19 15
400
21 23
405
25 24
410
28 17
415
28 21
420
23 12
425
27 26
430
18 29
435
22 17
440
23 20
445
26 30
450
31 27
455
15 19
460
31 25
465
25 30
470
22 27
475
27 30
480
32 22
485
23 26
490
29 30
495
22 25
500
15 28
505
37 29
510
33 29
515
31 25
520
37 32
525
44 38
530
34 38
535
26 31
540
31 34
545
38 37
550
32 33
555
25 23
560
29 34
565
27 36
570
19 31
575
28 37
580
18 24
585
24 29
590
24 22
595
23 0
0
28 3
5
31 6
10
22 11
15
28 19
20
27 17
25
22 23
30
30 23
35
25 35
40
26 22
45
31 15
50
20 29
55
34 21
60
23 20
65
28 29
70
23 29
75
13 21
80
21 20
85
30 15
90
20 28
95
30 34
100
29 17
105
30 26
110
27 29
115
32 23
120
29 20
125
33 30
130
26 22
135
34 37
140
20 23
145
31 34
150
30 34
155
34 26
160
23 35
165
22 20
170
33 29
175
32 32
180
22 20
185
24 24
190
32 32
195
23 30
200
31 28
205
23 19
210
27 38
215
29 32
220
27 31
225
21 26
230
27 26
235
33 30
240
28 21
245
31 22
250
21 37
255
24 29
260
33 23
265
16 26
270
21 22
275
27 29
280
27 23
285
32 26
290
21 24
295
37 24
300
28 28
305
31 26
310
34 38
315
32 33
320
26 20
325
29 29
330
32 21
335
26 34
340
26 27
345
28 29
350
23 17
355
24 27
360
28 24
365
32 29
370
35 26
375
33 33
380
35 28
385
26 27
390
23 23
395
29 33
400
29 31
405
25 31
410
18 26
415
30 19
420
28 23
425
23 34
430
34 17
435
32 28
440
24 32
445
24 29
450
23 22
455
22 30
460
24 28
465
30 23
470
33 26
475
31 25
480
28 38
485
23 31
490
24 38
495
30 26
500
36 25
505
24 27
510
30 32
515
44 29
520
25 36
525
29 35
530
43 42
535
32 35
540
33 29
545
28 34
550
32 35
555
30 28
560
22 41
565
33 29
570
29 28
575
26 27
580
26 33
585
31 40
590
23 29
595
35 1
0
22 6
5
27 10
10
25 14
15
27 14
20
29 21
25
28 23
30
26 29
35
29 21
40
23 21
45
29 33
50
28 31
55
22 31
60
32 21
65
30 22
70
24 27
75
18 26
80
30 28
85
20 26
90
25 23
95
32 28
100
29 23
105
27 28
110
26 21
115
31 29
120
14 30
125
30 15
130
29 32
135
31 17
140
28 35
145
28 29
150
13 36
155
25 19
160
28 22
165
22 24
170
28 22
175
30 32
180
23 34
185
26 25
190
23 21
195
18 22
200
25 25
205
32 33
210
28 28
215
29 15
220
20 20
225
34 25
230
28 27
235
20 25
240
26 34
245
24 27
250
31 29
255
27 23
260
25 31
265
26 22
270
30 23
275
20 31
280
29 19
285
26 25
290
26 24
295
25 30
300
24 21
305
25 18
310
26 24
315
21 25
320
19 23
325
23 22
330
28 20
335
24 20
340
19 26
345
25 18
350
34 27
355
34 31
360
28 30
365
35 21
370
32 32
375
25 25
380
17 31
385
34 21
390
33 27
395
22 24
400
22 31
405
25 26
410
25 23
415
34 34
420
30 22
425
28 19
430
33 26
435
26 30
440
24 30
445
24 26
450
29 33
455
42 28
460
28 38
465
26 26
470
35 36
475
37 26
480
31 35
485
38 39
490
31 34
495
45 39
500
21 37
505
35 28
510
28 33
515
41 35
520
37 44
525
32 40
530
30 35
535
26 45
540
26 27
545
31 22
550
30 28
555
32 35
560
37 27
565
35 31
570
15 34
575
24 37
580
35 25
585
29 26
590
33 32
595
21 0
0
17 2
5
28 7
10
21 18
15
24 17
20
18 13
25
20 21
30
27 22
35
27 12
40
17 20
45
30 20
50
15 20
55
25 30
60
26 18
65
23 14
70
20 25
75
18 29
80
27 27
85
23 28
90
17 19
95
22 17
100
26 14
105
30 30
110
29 22
115
23 34
120
21 21
125
21 23
130
25 29
135
21 14
140
20 25
145
28 18
150
23 19
155
25 25
160
31 28
165
28 30
170
23 23
175
27 26
180
22 24
185
24 20
190
28 20
195
23 25
200
15 21
205
25 21
210
24 20
215
16 19
220
16 18
225
19 28
230
18 27
235
26 14
240
27 21
245
26 21
250
22 22
255
26 13
260
35 30
265
25 20
270
28 34
275
30 33
280
30 26
285
36 31
290
29 24
295
28 23
300
36 31
305
22 28
310
33 38
315
28 24
320
20 21
325
36 24
330
38 23
335
25 32
340
40 15
345
30 32
350
26 34
355
32 27
360
35 44
365
37 31
370
27 38
375
28 25
380
32 29
385
27 30
390
33 26
395
27 33
400
32 33
405
26 32
410
43 35
415
29 26
420
32 32
425
38 22
430
27 39
435
26 34
440
24 28
445
21 27
450
34 31
455
27 25
460
25 28
465
40 25
470
35 34
475
26 35
480
28 42
485
36 36
490
42 33
495
34 38
500
46 39
505
45 43
510
41 45
515
44 44
520
37 41
525
49 40
530
33 46
535
47 49
540
35 40
545
40 52
550
51 41
555
31 36
560
28 37
565
41 43
570
31 36
575
31 26
580
29 31
585
38 35
590
30 39
595
23 2
0
20 2
5
16 6
10
32 13
15
19 16
20
17 24
25
33 27
30
19 17
35
20 17
40
31 23
45
23 13
50
23 29
55
25 23
60
24 31
65
28 17
70
31 29
75
27 24
80
23 30
85
27 18
90
30 18
95
29 33
100
19 27
105
19 20
110
33 25
115
34 27
120
19 25
125
29 32
130
27 28
135
32 21
140
28 28
145
19 22
150
27 25
155
19 17
160
24 27
165
29 45
170
28 29
175
22 20
180
24 21
185
25 28
190
30 15
195
24 23
200
29 28
205
31 30
210
20 30
215
31 27
220
28 34
225
23 25
230
23 21
235
39 25
240
31 21
245
29 31
250
34 41
255
37 22
260
28 27
265
27 36
270
31 26
275
28 23
280
26 28
285
42 34
290
22 24
295
26 35
300
28 34
305
34 20
310
27 29
315
35 33
320
22 23
325
27 34
330
28 25
335
32 23
340
27 37
345
24 24
350
32 32
355
37 27
360
46 22
365
34 37
370
26 38
375
29 37
380
28 21
385
44 37
390
31 28
395
24 47
400
31 38
405
36 30
410
24 26
415
34 33
420
30 23
425
31 29
430
25 28
435
37 35
440
35 33
445
28 41
450
27 27
455
40 29
460
29 35
465
35 30
470
35 33
475
36 29
480
25 30
485
32 43
490
43 29
495
43 35
500
43 32
505
32 37
510
35 42
515
40 27
520
40 35
525
42 43
530
31 31
535
33 47
540
38 34
545
35 34
550
33 34
555
33 40
560
22 36
565
33 43
570
22 29
575
26 28
580
35 27
585
32 18
590
32 47
595
28 0
0
26 4
5
21 13
10
33 17
15
26 15
20
32 28
25
22 23
30
21 34
35
26 25
40
28 26
45
25 23
50
21 24
55
27 18
60
24 27
65
25 23
70
35 24
75
23 34
80
29 26
85
15 26
90
21 16
95
23 22
100
30 33
105
21 31
110
31 24
115
23 23
120
28 27
125
23 14
130
29 22
135
21 30
140
31 29
145
31 24
150
25 19
155
25 25
160
25 26
165
30 20
170
28 26
175
30 28
180
23 24
185
26 35
190
26 27
195
21 16
200
27 24
205
19 27
210
27 18
215
22 26
220
27 24
225
22 26
230
28 28
235
27 25
240
34 18
245
29 33
250
27 32
255
35 34
260
37 21
265
31 34
270
29 30
275
37 34
280
33 33
285
34 28
290
34 28
295
22 41
300
23 30
305
30 27
310
37 29
315
23 26
320
26 37
325
34 24
330
21 27
335
31 26
340
23 30
345
28 26
350
29 32
355
29 29
360
27 25
365
28 27
370
30 31
375
23 22
380
35 26
385
27 29
390
21 31
395
17 32
400
29 24
405
19 24
410
19 32
415
32 17
420
30 23
425
25 28
430
26 28
435
28 22
440
22 34
445
25 25
450
24 24
455
24 23
460
32 20
465
19 35
470
21 30
475
31 35
480
15 18
485
23 20
490
28 18
495
34 19
500
30 38
505
22 31
510
29 26
515
19 28
520
28 23
525
24 17
530
23 25
535
25 26
540
19 23
545
15 27
550
28 25
555
25 15
560
20 19
565
30 29
570
29 27
575
29 28
580
25 31
585
20 15
590
22 30
595
17 0
0
29 2
5
31 5
10
22 19
15
26 15
20
21 21
25
24 23
30
23 19
35
19 19
40
20 25
45
21 16
50
17 26
55
27 22
60
25 25
65
21 18
70
32 26
75
23 16
80
24 24
85
25 21
90
28 32
95
24 21
100
19 25
105
21 28
110
28 25
115
20 21
120
25 15
125
28 34
130
30 31
135
25 18
140
23 24
145
21 32
150
25 23
155
26 24
160
21 21
165
25 29
170
28 26
175
21 20
180
24 22
185
20 31
190
26 16
195
33 24
200
25 30
205
22 17
210
26 25
215
31 31
220
23 31
225
20 27
230
28 23
235
27 28
240
29 33
245
22 22
250
37 29
255
22 22
260
24 26
265
29 26
270
29 22
275
20 26
280
21 35
285
34 21
290
28 34
295
28 19
300
34 28
305
26 28
310
30 21
315
17 22
320
24 26
325
38 26
330
20 23
335
35 32
340
20 26
345
24 32
350
33 30
355
31 21
360
26 30
365
29 30
370
32 20
375
24 25
380
25 39
385
28 19
390
30 28
395
23 29
400
22 35
405
22 19
410
26 24
415
27 27
420
25 21
425
30 23
430
30 30
435
27 27
440
24 28
445
32 22
450
30 29
455
27 28
460
35 41
465
26 31
470
23 35
475
30 24
480
36 33
485
38 28
490
23 40
495
23 30
500
34 29
505
31 31
510
32 22
515
32 34
520
36 38
525
30 29
530
31 34
535
29 31
540
34 27
545
34 32
550
21 35
555
25 34
560
22 28
565
22 36
570
29 22
575
27 26
580
23 33
585
19 25
590
23 17
595
31 3
0
14 3
5
31 12
10
27 11
15
23 17
20
34 19
25
28 17
30
28 20
35
24 28
40
21 30
45
24 21
50
23 32
55
22 20
60
27 24
65
23 22
70
17 24
75
20 29
80
33 30
85
23 17
90
19 18
95
26 31
100
30 17
105
26 22
110
29 34
115
30 20
120
15 30
125
34 23
130
15 21
135
28 23
140
25 28
145
27 22
150
24 32
155
30 24
160
25 23
165
28 24
170
18 31
175
22 16
180
34 28
185
22 22
190
27 28
195
26 21
200
19 33
205
26 26
210
27 25
215
26 26
220
28 25
225
22 15
230
22 34
235
27 25
240
27 22
245
29 26
250
25 30
255
25 16
260
18 25
265
30 28
270
28 25
275
27 20
280
23 23
285
21 24
290
20 26
295
23 31
300
35 32
305
22 16
310
23 24
315
22 24
320
13 25
325
20 26
330
27 25
335
20 14
340
19 21
345
18 25
350
34 19
355
26 25
360
29 18
365
32 16
370
25 30
375
30 33
380
21 25
385
25 28
390
28 28
395
25 23
400
22 19
405
25 39
410
22 30
415
22 25
420
26 23
425
28 28
430
33 24
435
25 31
440
17 21
445
39 29
450
36 23
455
19 26
460
28 27
465
27 29
470
24 23
475
26 39
480
25 25
485
37 26
490
38 31
495
35 27
500
32 28
505
34 39
510
41 35
515
40 41
520
29 39
525
29 42
530
25 38
535
34 28
540
35 28
545
34 34
550
35 31
555
35 30
560
23 39
565
27 33
570
26 35
575
26 25
580
27 30
585
28 25
590
33 30
595
25 0
0
28 4
5
28 9
10
31 15
15
22 21
20
26 19
25
18 22
30
25 19
35
22 15
40
24 20
45
29 22
50
33 31
55
28 18
60
23 27
65
29 28
70
30 23
75
20 26
80
30 36
85
22 22
90
35 23
95
23 24
100
27 31
105
18 22
110
22 29
115
27 17
120
34 31
125
23 31
130
25 26
135
23 22
140
14 27
145
24 24
150
27 22
155
23 27
160
24 19
165
23 29
170
25 26
175
17 25
180
29 22
185
27 24
190
34 25
195
20 18
200
35 31
205
22 27
210
23 24
215
22 24
220
28 23
225
21 26
230
21 26
235
24 24
240
38 27
245
24 19
250
23 19
255
30 24
260
24 24
265
22 21
270
31 32
275
25 35
280
15 25
285
25 21
290
30 26
295
32 24
300
27 30
305
28 29
310
29 30
315
22 26
320
30 32
325
33 21
330
21 24
335
21 34
340
17 26
345
25 19
350
27 18
355
31 29
360
30 21
365
24 27
370
24 24
375
15 30
380
30 24
385
33 30
390
28 17
395
19 26
400
24 26
405
23 29
410
23 30
415
35 22
420
40 25
425
35 35
430
32 24
435
26 25
440
39 37
445
32 28
450
24 26
455
31 31
460
33 43
465
25 36
470
29 32
475
29 33
480
32 31
485
28 36
490
32 26
495
33 24
500
31 32
505
37 39
510
42 35
515
38 41
520
45 33
525
30 35
530
25 48
535
27 35
540
29 39
545
46 32
550
36 25
555
31 45
560
34 35
565
33 39
570
25 31
575
26 19
580
32 32
585
41 31
590
27 40
595
29 2
0
20 2
5
19 3
10
27 9
15
33 19
20
32 15
25
23 28
30
19 22
35
22 30
40
17 23
45
30 17
50
37 33
55
23 21
60
17 26
65
34 19
70
26 25
75
24 27
80
22 27
85
21 25
90
23 17
95
26 29
100
26 21
105
25 25
110
26 25
115
30 22
120
33 25
125
26 31
130
26 26
135
26 31
140
27 23
145
26 26
150
21 25
155
20 26
160
19 23
165
21 23
170
28 23
175
21 25
180
19 11
185
24 19
190
32 31
195
32 29
200
25 28
205
31 28
210
21 24
215
27 23
220
26 12
225
24 27
230
24 26
235
35 31
240
34 26
245
34 23
250
27 38
255
30 25
260
31 34
265
33 32
270
25 28
275
27 24
280
26 40
285
27 25
290
33 24
295
19 31
300
31 22
305
24 18
310
34 33
315
26 30
320
32 33
325
28 28
330
25 27
335
27 23
340
16 32
345
21 27
350
21 28
355
22 25
360
36 23
365
24 21
370
27 29
375
21 35
380
36 20
385
25 27
390
25 22
395
34 25
400
26 34
405
30 23
410
38 38
415
18 35
420
35 16
425
34 27
430
30 28
435
23 22
440
34 31
445
28 26
450
28 38
455
34 30
460
39 35
465
36 45
470
39 43
475
43 36
480
37 23
485
40 40
490
44 39
495
42 42
500
38 43
505
53 41
510
47 39
515
36 55
520
29 46
525
44 47
530
37 30
535
35 45
540
34 37
545
37 46
550
36 52
555
29 27
560
31 32
565
30 33
570
39 39
575
29 28
580
42 26
585
38 32
590
37 47
595
16 1
0
33 3
5
28 3
10
25 11
15
26 15
20
21 23
25
30 20
30
30 20
35
27 21
40
15 16
45
23 23
50
31 30
55
18 36
60
27 19
65
28 30
70
20 20
75
23 24
80
26 14
85
22 28
90
26 23
95
25 31
100
27 24
105
24 27
110
17 26
115
26 19
120
16 26
125
15 15
130
22 25
135
25 18
140
21 23
145
21 27
150
15 23
155
25 20
160
20 18
165
21 20
170
30 21
175
21 24
180
21 19
185
22 30
190
19 20
195
22 15
200
14 14
205
25 31
210
16 17
215
24 22
220
21 23
225
20 24
230
28 18
235
23 20
240
26 25
245
25 16
250
27 23
255
28 27
260
26 22
265
30 23
270
19 29
275
20 25
280
19 29
285
29 24
290
30 34
295
34 22
300
30 24
305
18 20
310
23 30
315
22 21
320
29 23
325
24 22
330
31 29
335
27 26
340
19 35
345
28 27
350
28 29
355
35 19
360
22 24
365
22 21
370
17 23
375
27 27
380
22 25
385
34 26
390
34 18
395
24 38
400
26 29
405
35 24
410
25 28
415
30 35
420
34 31
425
32 22
430
21 35
435
28 29
440
37 21
445
37 28
450
41 23
455
47 33
460
36 30
465
31 43
470
35 40
475
35 44
480
39 45
485
43 38
490
27 40
495
32 40
500
38 35
505
33 33
510
33 34
515
41 42
520
37 48
525
38 38
530
28 38
535
41 31
540
44 57
545
37 37
550
32 33
555
30 36
560
36 39
565
29 34
570
36 34
575
47 38
580
40 41
585
35 38
590
31 46
595
15 1
0
23 2
5
20 7
10
23 15
15
20 21
20
19 16
25
10 15
30
23 14
35
20 15
40
24 19
45
19 25
50
29 25
55
22 12
60
21 21
65
21 24
70
24 21
75
16 28
80
21 14
85
22 30
90
14 20
95
32 18
100
25 25
105
22 18
110
20 19
115
17 31
120
25 26
125
22 12
130
26 23
135
22 27
140
19 28
145
21 18
150
29 26
155
39 22
160
36 26
165
27 32
170
31 26
175
27 31
180
38 32
185
26 33
190
21 19
195
28 27
200
28 24
205
25 37
210
23 27
215
25 28
220
30 21
225
28 31
230
30 31
235
40 28
240
25 28
245
30 33
250
40 23
255
17 18
260
34 25
265
25 31
270
25 29
275
36 27
280
32 31
285
25 40
290
30 29
295
24 30
300
31 27
305
30 19
310
32 31
315
35 34
320
30 21
325
38 29
330
23 31
335
27 40
340
32 34
345
20 26
350
30 31
355
32 30
360
34 33
365
30 21
370
29 37
375
34 23
380
21 33
385
24 39
390
29 24
395
26 38
400
28 21
405
35 28
410
30 29
415
26 33
420
32 27
425
27 33
430
33 25
435
33 25
440
28 30
445
41 26
450
23 25
455
24 39
460
35 33
465
40 31
470
33 40
475
44 32
480
23 29
485
31 18
490
26 35
495
26 30
500
33 32
505
32 33
510
41 34
515
37 39
520
30 48
525
36 23
530
30 27
535
31 27
540
34 34
545
34 29
550
27 57
555
37 31
560
32 25
565
32 29
570
32 31
575
46 32
580
37 38
585
30 46
590
19 29
595
22 1
0
26 6
5
25 9
10
24 8
15
27 14
20
28 26
25
25 29
30
20 26
35
29 23
40
32 25
45
31 22
50
36 28
55
22 37
60
33 30
65
18 26
70
16 18
75
26 23
80
36 17
85
22 28
90
18 29
95
13 29
100
23 22
105
22 14
110
22 20
115
17 18
120
17 22
125
22 13
130
24 17
135
25 23
140
27 23
145
22 21
150
24 23
155
39 21
160
34 24
165
18 33
170
29 33
175
29 21
180
25 36
185
29 19
190
30 25
195
26 21
200
29 31
205
26 35
210
28 36
215
30 37
220
29 14
225
23 22
230
26 27
235
29 37
240
32 23
245
29 22
250
36 30
255
37 34
260
38 37
265
26 36
270
23 28
275
27 32
280
38 27
285
31 19
290
33 32
295
32 35
300
24 33
305
24 31
310
38 30
315
30 34
320
28 28
325
19 25
330
25 25
335
33 28
340
32 27
345
28 26
350
28 37
355
22 41
360
30 17
365
38 34
370
18 20
375
30 25
380
23 38
385
31 28
390
31 22
395
30 26
400
31 31
405
23 27
410
24 22
415
26 37
420
28 16
425
28 21
430
27 32
435
20 28
440
28 21
445
33 34
450
29 30
455
39 25
460
33 26
465
24 32
470
30 35
475
39 30
480
28 20
485
26 36
490
41 23
495
20 36
500
21 35
505
39 24
510
20 27
515
29 37
520
22 17
525
29 27
530
23 27
535
19 29
540
28 22
545
16 21
550
23 21
555
25 27
560
26 30
565
22 19
570
32 27
575
32 21
580
22 30
585
21 22
590
22 33
595
28 0
0
26 1
5
30 9
10
31 15
15
27 20
20
26 20
25
28 17
30
23 26
35
28 21
40
19 29
45
22 18
50
24 28
55
24 27
60
22 21
65
26 33
70
22 21
75
20 26
80
28 21
85
25 21
90
20 18
95
22 19
100
26 33
105
21 30
110
27 28
115
21 24
120
21 24
125
22 23
130
25 26
135
21 15
140
20 20
145
13 29
150
20 21
155
29 17
160
27 34
165
24 28
170
21 28
175
26 25
180
19 24
185
29 18
190
23 25
195
24 16
200
20 24
205
28 29
210
25 18
215
20 15
220
22 24
225
24 25
230
30 28
235
20 19
240
26 32
245
20 17
250
26 20
255
31 33
260
26 29
265
18 24
270
23 20
275
20 28
280
27 27
285
33 21
290
29 23
295
27 30
300
28 19
305
25 21
310
19 23
315
20 25
320
22 27
325
23 21
330
22 24
335
20 26
340
22 26
345
25 22
350
32 25
355
39 23
360
21 21
365
21 19
370
21 32
375
25 28
380
29 20
385
23 18
390
16 17
395
21 34
400
21 25
405
24 21
410
28 27
415
25 36
420
32 16
425
35 25
430
32 19
435
28 25
440
31 35
445
24 40
450
25 27
455
34 25
460
26 28
465
33 38
470
32 27
475
23 39
480
43 36
485
34 35
490
33 23
495
22 34
500
36 33
505
30 28
510
39 30
515
29 48
520
27 34
525
25 26
530
33 36
535
24 33
540
28 21
545
35 28
550
22 34
555
33 26
560
33 31
565
27 30
570
29 33
575
22 29
580
24 27
585
29 23
590
20 26
595
23 0
0
37 6
5
22 3
10
19 10
15
16 19
20
28 20
25
23 21
30
28 20
35
26 23
40
26 23
45
29 31
50
19 14
55
31 21
60
17 24
65
24 22
70
25 28
75
23 30
80
23 19
85
26 24
90
26 26
95
25 34
100
17 19
105
20 20
110
29 23
115
21 29
120
27 23
125
20 21
130
20 23
135
19 35
140
22 13
145
25 24
150
15 16
155
27 19
160
14 20
165
20 22
170
24 20
175
24 20
180
19 27
185
20 19
190
24 21
195
21 21
200
20 18
205
33 25
210
29 20
215
23 27
220
16 22
225
31 25
230
24 26
235
21 29
240
24 18
245
19 20
250
35 27
255
20 20
260
28 29
265
20 25
270
25 26
275
26 27
280
21 25
285
27 18
290
22 33
295
15 22
300
28 19
305
25 16
310
30 18
315
26 32
320
13 23
325
24 18
330
21 22
335
20 20
340
24 27
345
22 19
350
30 20
355
28 16
360
28 23
365
22 26
370
33 28
375
24 21
380
24 24
385
25 25
390
24 24
395
26 21
400
23 24
405
20 20
410
29 36
415
16 24
420
32 27
425
21 22
430
27 18
435
19 25
440
25 26
445
26 25
450
21 26
455
24 16
460
26 25
465
20 27
470
37 31
475
30 27
480
33 34
485
36 30
490
41 32
495
29 27
500
24 28
505
25 37
510
34 35
515
32 35
520
33 39
525
47 29
530
33 38
535
30 47
540
27 38
545
38 41
550
29 26
555
27 31
560
25 29
565
31 29
570
14 33
575
37 33
580
28 30
585
30 25
590
21 25
595
22 0
0
31 7
5
22 11
10
22 15
15
26 13
20
24 14
25
21 18
30
19 20
35
23 22
40
32 32
45
29 21
50
21 24
55
24 19
60
26 22
65
12 17
70
25 28
75
22 24
80
21 12
85
24 26
90
28 27
95
23 31
100
30 18
105
28 28
110
26 27
115
27 22
120
23 26
125
21 27
130
25 20
135
20 32
140
32 23
145
21 18
150
30 30
155
29 28
160
19 33
165
21 28
170
29 34
175
20 20
180
20 31
185
19 21
190
24 23
195
22 17
200
27 26
205
30 20
210
25 20
215
25 19
220
23 23
225
30 29
230
26 24
235
17 18
240
31 19
245
26 35
250
30 30
255
31 27
260
32 37
265
24 21
270
21 19
275
25 32
280
30 19
285
26 32
290
33 15
295
29 29
300
32 34
305
26 26
310
30 28
315
27 20
320
33 27
325
31 30
330
14 24
335
24 30
340
35 38
345
25 27
350
28 36
355
29 26
360
28 23
365
24 26
370
24 29
375
30 26
380
34 33
385
23 27
390
28 26
395
28 18
400
32 34
405
27 23
410
25 29
415
18 31
420
19 16
425
29 23
430
31 22
435
31 29
440
26 28
445
39 17
450
34 36
455
30 30
460
38 25
465
28 51
470
40 39
475
23 39
480
36 41
485
27 30
490
37 34
495
39 31
500
32 41
505
42 34
510
26 46
515
35 34
520
43 31
525
33 37
530
30 44
535
29 42
540
34 33
545
38 38
550
25 23
555
26 33
560
34 31
565
17 27
570
27 28
575
27 36
580
40 25
585
34 39
590
39 31
595
26 2
0
23 3
5
19 8
10
28 11
15
20 19
20
25 14
25
15 15
30
15 18
35
26 17
40
25 24
45
26 15
50
23 19
55
16 24
60
29 26
65
25 23
70
25 19
75
21 29
80
32 27
85
22 25
90
26 27
95
21 28
100
21 25
105
21 28
110
25 20
115
25 24
120
22 19
125
31 19
130
19 22
135
22 22
140
29 24
145
27 25
150
20 29
155
21 24
160
28 18
165
24 30
170
21 17
175
25 27
180
19 27
185
27 28
190
28 16
195
22 30
200
25 25
205
25 29
210
30 23
215
19 27
220
27 24
225
18 28
230
21 24
235
27 16
240
32 21
245
26 19
250
24 18
255
26 27
260
29 24
265
28 16
270
30 31
275
25 22
280
26 32
285
30 28
290
30 32
295
22 24
300
31 26
305
41 30
310
34 22
315
21 28
320
34 26
325
24 34
330
21 24
335
21 28
340
22 24
345
22 28
350
30 21
355
24 20
360
23 28
365
28 24
370
25 22
375
23 21
380
23 29
385
32 21
390
15 22
395
24 23
400
21 22
405
27 31
410
22 24
415
26 30
420
23 20
425
27 18
430
30 21
435
28 31
440
30 29
445
26 26
450
32 30
455
33 25
460
34 26
465
31 33
470
30 42
475
35 30
480
34 42
485
31 23
490
40 48
495
40 37
500
35 33
505
34 34
510
33 29
515
45 39
520
29 47
525
29 28
530
44 51
535
47 47
540
39 43
545
35 37
550
34 37
555
28 24
560
37 35
565
37 31
570
40 33
575
38 34
580
31 49
585
30 35
590
33 34
595
25 1
0
22 5
5
30 6
10
28 9
15
16 11
20
29 17
25
31 23
30
15 22
35
23 23
40
19 26
45
29 22
50
26 31
55
26 18
60
22 21
65
23 18
70
20 23
75
23 22
80
25 19
85
28 25
90
24 29
95
26 25
100
22 24
105
31 25
110
25 26
115
19 28
120
26 28
125
22 22
130
25 25
135
19 27
140
18 26
145
20 15
150
25 16
155
15 19
160
8 13
165
19 23
170
13 18
175
18 12
180
27 23
185
16 15
190
18 18
195
21 23
200
22 20
205
26 16
210
15 20
215
20 22
220
17 29
225
31 28
230
25 11
235
22 22
240
26 19
245
21 18
250
14 24
255
25 24
260
31 21
265
21 26
270
27 17
275
36 18
280
29 32
285
31 33
290
37 27
295
30 25
300
37 28
305
31 30
310
33 27
315
20 28
320
23 26
325
26 22
330
27 25
335
29 28
340
23 32
345
20 23
350
29 24
355
27 32
360
33 19
365
25 32
370
33 28
375
24 27
380
24 28
385
20 29
390
35 32
395
30 22
400
28 23
405
24 32
410
28 23
415
25 28
420
25 27
425
24 33
430
37 27
435
30 37
440
35 26
445
32 38
450
27 26
455
31 20
460
35 33
465
39 33
470
42 51
475
38 38
480
28 33
485
37 39
490
40 39
495
44 37
500
44 45
505
38 47
510
29 41
515
38 40
520
34 38
525
46 39
530
39 47
535
41 36
540
32 35
545
37 33
550
42 43
555
31 43
560
35 36
565
40 35
570
34 42
575
40 31
580
35 36
585
34 38
590
53 41
595
15 1
0
20 6
5
14 6
10
24 6
15
20 15
20
23 11
25
21 21
30
17 16
35
26 16
40
23 24
45
27 18
50
31 21
55
26 30
60
28 18
65
23 27
70
24 18
75
23 16
80
23 27
85
18 26
90
21 30
95
19 24
100
15 15
105
33 16
110
21 21
115
20 21
120
19 24
125
20 27
130
26 28
135
35 20
140
19 21
145
17 30
150
26 30
155
26 20
160
26 16
165
31 29
170
27 23
175
25 32
180
23 25
185
25 22
190
28 35
195
23 20
200
33 33
205
26 28
210
25 24
215
28 23
220
23 27
225
29 26
230
23 30
235
34 27
240
20 24
245
27 32
250
28 26
255
27 26
260
18 23
265
28 24
270
22 29
275
35 24
280
36 26
285
30 25
290
23 29
295
32 28
300
29 21
305
29 33
310
29 22
315
38 37
320
28 31
325
36 30
330
36 27
335
27 35
340
17 33
345
29 27
350
30 27
355
27 27
360
35 36
365
42 28
370
26 26
375
35 30
380
32 27
385
30 36
390
27 31
395
25 20
400
28 31
405
33 41
410
36 26
415
25 37
420
35 38
425
35 29
430
33 34
435
37 31
440
40 28
445
36 37
450
17 37
455
38 33
460
36 26
465
40 36
470
37 36
475
25 26
480
32 33
485
37 33
490
38 33
495
45 35
500
27 35
505
44 39
510
51 37
515
39 36
520
35 46
525
48 33
530
42 42
535
36 42
540
26 35
545
33 39
550
34 43
555
28 27
560
30 34
565
37 34
570
42 37
575
27 42
580
32 42
585
31 31
590
45 39
595
22 1
0
18 4
5
28 6
10
32 13
15
24 22
20
23 24
25
24 27
30
34 23
35
22 24
40
29 35
45
23 38
50
29 23
55
28 20
60
28 21
65
23 26
70
24 37
75
16 18
80
25 19
85
26 32
90
23 23
95
18 14
100
22 23
105
25 28
110
26 30
115
21 20
120
16 22
125
22 14
130
23 18
135
23 24
140
20 16
145
30 33
150
27 27
155
20 24
160
30 16
165
25 24
170
29 22
175
27 26
180
23 26
185
40 32
190
28 23
195
25 41
200
32 27
205
28 24
210
23 27
215
32 27
220
28 19
225
35 31
230
30 24
235
37 41
240
29 36
245
26 38
250
46 36
255
23 32
260
33 26
265
34 30
270
31 34
275
23 33
280
30 29
285
33 33
290
23 36
295
29 32
300
32 20
305
24 26
310
32 27
315
38 23
320
30 25
325
27 36
330
28 32
335
27 25
340
29 26
345
26 23
350
25 28
355
18 37
360
30 29
365
33 30
370
26 28
375
25 28
380
26 30
385
24 23
390
31 21
395
33 32
400
18 30
405
12 23
410
27 34
415
26 17
420
30 25
425
32 28
430
27 25
435
28 25
440
27 33
445
30 25
450
35 23
455
23 26
460
34 31
465
28 29
470
13 41
475
38 26
480
30 23
485
26 23
490
31 25
495
26 23
500
29 27
505
40 44
510
25 25
515
27 31
520
28 24
525
16 37
530
20 27
535
22 15
540
20 39
545
25 21
550
21 23
555
28 23
560
32 26
565
31 27
570
33 22
575
39 33
580
20 32
585
19 25
590
30 32
595
28 0
0
19 3
5
24 10
10
19 7
15
25 7
20
25 21
25
26 16
30
21 17
35
22 28
40
19 22
45
19 19
50
27 19
55
25 23
60
36 24
65
20 27
70
24 27
75
19 26
80
28 18
85
19 27
90
25 19
95
29 28
100
21 28
105
17 18
110
31 25
115
23 17
120
21 26
125
20 18
130
22 25
135
23 20
140
23 28
145
23 21
150
27 23
155
16 27
160
14 25
165
21 22
170
20 23
175
17 18
180
16 28
185
26 18
190
24 13
195
11 21
200
24 15
205
21 38
210
18 16
215
18 18
220
19 16
225
21 21
230
27 20
235
20 16
240
26 22
245
23 19
250
28 27
255
20 20
260
15 26
265
26 15
270
24 17
275
27 20
280
27 27
285
21 29
290
33 30
295
37 23
300
19 25
305
21 19
310
28 30
315
18 23
320
17 23
325
30 21
330
21 23
335
25 17
340
19 30
345
22 24
350
23 22
355
22 27
360
33 21
365
29 23
370
23 25
375
20 24
380
25 28
385
27 27
390
20 27
395
24 21
400
28 18
405
34 29
410
22 32
415
28 33
420
24 22
425
27 23
430
24 11
435
37 29
440
20 30
445
23 30
450
23 27
455
18 23
460
31 29
465
27 32
470
31 28
475
36 20
480
38 29
485
24 32
490
28 36
495
22 27
500
23 32
505
40 35
510
37 31
515
27 39
520
35 35
525
27 24
530
26 43
535
26 21
540
28 26
545
25 27
550
24 30
555
30 24
560
30 19
565
26 35
570
26 32
575
29 27
580
19 30
585
17 20
590
26 29
595
35 1
0
26 6
5
24 11
10
31 21
15
33 15
20
27 14
25
29 24
30
21 19
35
31 24
40
23 21
45
32 31
50
28 25
55
22 29
60
20 29
65
36 25
70
22 27
75
26 28
80
21 22
85
16 27
90
29 21
95
34 19
100
18 20
105
23 34
110
23 21
115
27 24
120
22 30
125
34 32
130
17 31
135
20 22
140
35 27
145
34 30
150
25 24
155
30 30
160
25 30
165
31 27
170
23 31
175
23 25
180
18 28
185
28 22
190
21 25
195
22 26
200
22 28
205
27 23
210
17 19
215
26 26
220
27 29
225
22 15
230
24 26
235
27 18
240
26 39
245
31 25
250
23 17
255
17 23
260
34 27
265
22 26
270
23 23
275
33 21
280
23 24
285
29 31
290
25 29
295
27 25
300
32 20
305
26 22
310
23 24
315
31 30
320
37 28
325
25 25
330
34 28
335
29 35
340
23 33
345
31 23
350
29 24
355
31 34
360
23 23
365
25 21
370
25 32
375
22 26
380
29 24
385
23 22
390
30 29
395
26 23
400
31 31
405
27 34
410
31 35
415
34 30
420
23 23
425
21 27
430
33 32
435
29 23
440
31 26
445
20 27
450
26 28
455
34 31
460
31 29
465
25 32
470
30 32
475
30 27
480
29 28
485
22 32
490
39 30
495
24 30
500
47 24
505
40 44
510
29 41
515
33 43
520
26 37
525
33 35
530
34 37
535
33 27
540
30 29
545
21 36
550
33 26
555
28 24
560
26 34
565
28 34
570
34 28
575
36 38
580
31 31
585
25 31
590
30 36
595
17 1
0
28 1
5
25 7
10
33 10
15
40 17
20
20 17
25
16 26
30
23 28
35
20 20
40
31 28
45
19 19
50
30 14
55
26 26
60
34 24
65
26 24
70
19 37
75
21 22
80
24 27
85
33 25
90
25 27
95
23 29
100
28 26
105
21 23
110
39 24
115
23 30
120
21 21
125
41 28
130
21 24
135
20 28
140
19 25
145
22 22
150
34 23
155
22 25
160
19 33
165
27 27
170
26 26
175
31 33
180
24 21
185
35 25
190
21 26
195
30 28
200
27 29
205
21 27
210
27 31
215
29 27
220
18 21
225
22 28
230
23 23
235
29 27
240
25 23
245
34 25
250
30 24
255
26 29
260
24 21
265
25 24
270
33 28
275
26 37
280
31 31
285
20 36
290
29 15
295
27 30
300
40 24
305
27 19
310
35 30
315
23 18
320
30 29
325
32 25
330
26 20
335
22 24
340
18 30
345
36 40
350
36 26
355
23 23
360
33 25
365
19 23
370
23 25
375
18 31
380
20 28
385
23 30
390
27 31
395
26 18
400
26 26
405
15 25
410
23 24
415
34 28
420
28 28
425
28 19
430
33 28
435
33 22
440
31 31
445
28 28
450
26 33
455
35 30
460
31 28
465
23 34
470
41 36
475
37 33
480
42 41
485
26 41
490
38 31
495
40 27
500
33 39
505
31 31
510
37 37
515
33 38
520
34 37
525
34 42
530
36 37
535
22 36
540
23 36
545
26 26
550
38 27
555
36 24
560
24 35
565
33 27
570
30 37
575
33 24
580
36 33
585
33 36
590
35 31
595
27 1
0
30 6
5
28 9
10
19 11
15
26 18
20
27 18
25
17 10
30
26 20
35
26 21
40
25 31
45
20 19
50
29 18
55
31 25
60
19 23
65
25 25
70
24 27
75
25 18
80
24 27
85
26 32
90
21 20
95
14 18
100
20 22
105
24 21
110
29 22
115
27 16
120
28 22
125
29 37
130
36 25
135
24 24
140
25 32
145
42 38
150
30 28
155
30 28
160
25 34
165
24 43
170
23 23
175
32 23
180
20 25
185
25 26
190
26 30
195
31 26
200
23 30
205
23 24
210
30 21
215
26 28
220
33 23
225
27 31
230
28 32
235
27 25
240
27 29
245
40 29
250
26 31
255
28 22
260
25 38
265
20 20
270
28 29
275
31 21
280
29 32
285
21 17
290
28 32
295
34 29
300
36 19
305
24 34
310
34 30
315
26 26
320
31 35
325
30 34
330
34 23
335
27 38
340
30 34
345
36 20
350
34 34
355
30 36
360
31 31
365
30 24
370
26 28
375
32 24
380
27 34
385
44 30
390
32 26
395
30 37
400
21 30
405
25 30
410
33 31
415
30 26
420
20 25
425
32 30
430
25 26
435
36 24
440
35 29
445
32 30
450
26 30
455
48 39
460
28 36
465
28 27
470
40 37
475
31 46
480
42 38
485
34 37
490
39 46
495
23 31
500
38 37
505
40 32
510
35 37
515
33 37
520
26 30
525
28 34
530
42 41
535
29 29
540
27 36
545
35 37
550
36 45
555
32 24
560
40 35
565
33 33
570
28 32
575
32 33
580
49 41
585
22 33
590
34 36
595
27 0
0
25 10
5
25 7
10
22 15
15
18 10
20
28 6
25
27 18
30
14 17
35
18 26
40
33 20
45
16 20
50
26 22
55
30 16
60
21 21
65
26 21
70
19 37
75
22 26
80
25 28
85
23 23
90
23 22
95
25 25
100
21 23
105
24 16
110
32 21
115
29 28
120
26 18
125
18 20
130
26 28
135
19 21
140
27 24
145
15 24
150
17 20
155
18 24
160
19 24
165
24 26
170
24 18
175
19 21
180
19 19
185
20 22
190
20 25
195
14 21
200
26 22
205
23 13
210
24 24
215
16 21
220
10 25
225
20 20
230
21 18
235
28 19
240
26 22
245
24 18
250
21 16
255
21 19
260
21 22
265
28 33
270
22 15
275
26 23
280
28 19
285
26 30
290
16 25
295
36 22
300
24 22
305
32 17
310
20 31
315
21 24
320
29 24
325
26 22
330
33 31
335
17 24
340
26 27
345
28 21
350
21 23
355
40 18
360
16 32
365
28 23
370
30 25
375
33 27
380
20 23
385
32 21
390
20 29
395
39 31
400
25 24
405
38 28
410
26 38
415
30 35
420
29 33
425
28 28
430
30 26
435
26 28
440
40 29
445
40 36
450
32 35
455
33 41
460
29 36
465
47 40
470
34 26
475
41 37
480
34 31
485
24 50
490
41 28
495
39 43
500
39 32
505
34 40
510
43 42
515
50 49
520
23 39
525
30 38
530
46 48
535
37 34
540
38 44
545
37 30
550
44 41
555
39 37
560
40 31
565
31 35
570
35 39
575
35 41
580
47 40
585
32 50
590
40 28
595
27 1
0
33 8
5
20 12
10
22 14
15
17 12
20
30 23
25
25 18
30
22 23
35
21 13
40
17 27
45
22 22
50
21 19
55
24 14
60
21 22
65
22 20
70
21 15
75
32 26
80
26 24
85
21 26
90
11 31
95
18 16
100
21 21
105
31 12
110
23 28
115
26 20
120
25 24
125
24 18
130
32 25
135
20 38
140
24 29
145
27 41
150
33 22
155
26 31
160
23 18
165
28 27
170
32 18
175
25 26
180
30 34
185
25 21
190
27 28
195
24 32
200
26 23
205
25 23
210
21 27
215
29 23
220
22 22
225
32 24
230
34 29
235
27 28
240
25 29
245
22 26
250
21 25
255
18 20
260
31 23
265
35 15
270
30 27
275
32 31
280
37 34
285
29 37
290
26 32
295
31 28
300
12 28
305
34 18
310
27 25
315
26 27
320
24 28
325
37 27
330
31 30
335
30 36
340
17 29
345
29 27
350
38 22
355
23 33
360
19 28
365
31 27
370
26 20
375
23 32
380
31 25
385
34 28
390
28 27
395
21 27
400
26 34
405
28 23
410
27 26
415
26 23
420
25 37
425
28 27
430
38 22
435
27 29
440
32 29
445
31 33
450
28 29
455
28 25
460
46 24
465
33 40
470
29 33
475
37 33
480
30 39
485
35 37
490
41 30
495
38 28
500
27 35
505
32 32
510
36 38
515
43 39
520
36 37
525
27 36
530
34 40
535
25 26
540
34 28
545
30 26
550
40 22
555
31 41
560
33 30
565
36 36
570
26 29
575
31 40
580
31 34
585
32 33
590
29 44
595
23 0
0
27 3
5
29 13
10
17 11
15
20 15
20
18 12
25
33 22
30
24 25
35
19 19
40
20 25
45
25 18
50
21 20
55
17 19
60
21 12
65
21 34
70
24 25
75
24 19
80
16 21
85
26 13
90
17 30
95
27 22
100
22 20
105
18 17
110
19 21
115
23 23
120
24 22
125
18 16
130
18 27
135
22 22
140
23 20
145
27 28
150
32 18
155
21 17
160
28 22
165
20 25
170
26 26
175
23 30
180
27 22
185
23 17
190
28 25
195
24 21
200
20 27
205
22 26
210
22 24
215
30 23
220
27 26
225
24 25
230
14 16
235
23 20
240
26 26
245
27 24
250
25 28
255
22 26
260
34 22
265
18 25
270
31 27
275
32 25
280
20 30
285
24 31
290
30 21
295
20 21
300
26 27
305
26 31
310
29 23
315
20 32
320
34 21
325
32 25
330
23 29
335
20 22
340
26 19
345
22 26
350
22 26
355
21 27
360
29 25
365
18 27
370
25 15
375
22 28
380
35 19
385
23 33
390
21 21
395
21 28
400
24 29
405
23 23
410
24 34
415
18 27
420
28 27
425
30 22
430
22 29
435
34 24
440
24 20
445
23 20
450
27 23
455
21 33
460
31 22
465
20 25
470
23 36
475
29 25
480
27 24
485
20 22
490
26 23
495
34 25
500
31 30
505
23 21
510
27 30
515
28 20
520
29 30
525
28 28
530
16 32
535
24 28
540
30 30
545
25 17
550
23 22
555
21 28
560
20 27
565
24 26
570
31 31
575
26 23
580
30 33
585
24 23
590
30 26
595
20 3
0
26 5
5
24 13
10
17 7
15
19 16
20
24 16
25
22 20
30
19 17
35
21 21
40
19 22
45
25 20
50
32 23
55
22 26
60
24 19
65
20 19
70
21 24
75
19 28
80
30 19
85
22 22
90
27 25
95
26 22
100
20 28
105
15 18
110
26 30
115
30 25
120
19 14
125
23 22
130
24 24
135
9 23
140
17 30
145
22 14
150
26 23
155
19 15
160
26 22
165
17 21
170
20 22
175
21 17
180
22 19
185
21 25
190
16 25
195
17 17
200
21 18
205
21 27
210
16 21
215
19 13
220
20 15
225
24 23
230
28 22
235
23 22
240
20 16
245
24 28
250
20 19
255
22 15
260
17 31
265
21 25
270
18 18
275
13 25
280
26 14
285
20 21
290
29 14
295
19 22
300
15 20
305
28 20
310
16 24
315
26 18
320
22 20
325
21 19
330
21 30
335
22 27
340
18 19
345
17 14
350
21 23
355
16 21
360
31 17
365
17 18
370
21 23
375
26 13
380
16 23
385
22 22
390
19 21
395
19 17
400
20 22
405
24 19
410
29 17
415
20 21
420
36 24
425
22 26
430
20 27
435
22 23
440
17 24
445
32 20
450
29 28
455
17 22
460
26 29
465
25 22
470
32 32
475
17 27
480
25 21
485
17 22
490
18 26
495
32 21
500
24 25
505
19 29
510
26 18
515
18 23
520
27 29
525
21 25
530
19 23
535
25 18
540
21 27
545
17 15
550
26 29
555
22 15
560
32 24
565
27 29
570
14 22
575
18 27
580
19 22
585
23 26
590
16 20
595
