0
1
2
3
4
5
6
7
8
9
10
11
12
13
14
15
16
17
18
19
20
21
22
23
24
25
26
27
28
29
30
31
32
33
34
35
36
37
38
39
40
41
42
43
44
45
46
47
48
49
50
51
52
53
54
Traceback (most recent call last):
  File "inbede_for.py", line 121, in <module>
    after_5min=datetime.datetime(year,month,day,hour,minute+5,second)
ValueError: minute must be in 0..59
0
5
10
15
20
25
30
35
40
45
50
55
60
65
70
75
80
85
90
95
100
105
110
115
120
125
130
135
140
145
150
155
160
165
170
175
180
185
190
195
200
205
210
215
220
225
230
235
240
245
250
255
260
265
270
275
280
285
290
295
300
305
310
315
320
325
330
335
340
345
350
355
360
365
370
375
380
385
390
395
400
405
410
415
420
425
430
435
440
445
450
455
460
465
470
475
480
485
490
495
500
505
510
515
520
525
530
535
540
545
550
555
560
565
570
575
580
585
590
595
0
5
10
15
20
25
30
35
40
45
50
55
60
65
70
75
80
85
90
95
100
105
110
115
120
125
130
135
140
145
150
155
160
165
170
175
180
185
190
195
200
205
210
215
220
225
230
235
240
245
250
255
260
265
270
275
280
285
290
295
300
305
310
315
320
325
330
335
340
345
350
355
360
365
370
375
380
385
390
395
400
405
410
415
420
425
430
435
440
445
450
455
460
465
470
475
480
485
490
495
500
505
510
515
520
525
530
535
540
545
550
555
560
565
570
575
580
585
590
595
0
5
10
15
20
25
30
35
40
45
50
55
60
65
70
75
80
85
90
95
100
105
110
115
120
125
130
135
140
145
150
155
160
165
170
175
180
185
190
195
200
205
210
215
220
225
230
235
240
245
250
255
260
265
270
275
280
285
290
295
300
305
310
315
320
325
330
335
340
345
350
355
360
365
370
375
380
385
390
395
400
405
410
415
420
425
430
435
440
445
450
455
460
465
470
475
480
485
490
495
500
505
510
515
520
525
530
535
540
545
550
555
560
565
570
575
580
585
590
595
0
5
10
15
20
25
30
35
40
45
50
55
60
65
70
75
80
85
90
95
100
105
110
115
120
125
130
135
140
145
150
155
160
165
170
175
180
185
190
195
200
205
210
215
220
225
230
235
240
245
250
255
260
265
270
275
280
285
290
295
300
305
310
315
320
325
330
335
340
345
350
355
360
365
370
375
380
385
390
395
400
405
410
415
420
425
430
435
440
445
450
455
460
465
470
475
480
485
490
495
500
505
510
515
520
525
530
535
540
545
550
555
560
565
570
575
580
585
590
595
0
5
10
15
20
25
30
35
40
45
50
55
60
65
70
75
80
85
90
95
100
105
110
115
120
125
130
135
140
145
150
155
160
165
170
175
180
185
190
195
200
205
210
215
220
225
230
235
240
245
250
255
260
265
270
275
280
285
290
295
300
305
310
315
320
325
330
335
340
345
350
355
360
365
370
375
380
385
390
395
400
405
410
415
420
425
430
435
440
445
450
455
460
465
470
475
480
485
490
495
500
505
510
515
520
525
530
535
540
545
550
555
560
565
570
575
580
585
590
595
0
5
10
15
20
25
30
35
40
45
50
55
60
65
70
75
80
85
90
95
100
105
110
115
120
125
130
135
140
145
150
155
160
165
170
175
180
185
190
195
200
205
210
215
220
225
230
235
240
245
250
255
260
265
270
275
280
285
290
295
300
305
310
315
320
325
330
335
340
345
350
355
360
365
370
375
380
385
390
395
400
405
410
415
420
425
430
435
440
445
450
455
460
465
470
475
480
485
490
495
500
505
510
515
520
525
530
535
540
545
550
555
560
565
570
575
580
585
590
595
0
5
10
15
20
25
30
35
40
45
50
55
60
65
70
75
80
85
90
95
100
105
110
115
120
125
130
135
140
145
150
155
160
165
170
175
180
185
190
195
200
205
210
215
220
225
230
235
240
245
250
255
260
265
270
275
280
285
290
295
300
305
310
315
320
325
330
335
340
345
350
355
360
365
370
375
380
385
390
395
400
405
410
415
420
425
430
435
440
445
450
455
460
465
470
475
480
485
490
495
500
505
510
515
520
525
530
535
540
545
550
555
560
565
570
575
580
585
590
595
0
5
10
15
20
25
30
35
40
45
50
55
60
65
70
75
80
85
90
95
100
105
110
115
120
125
130
135
140
145
150
155
160
165
170
175
180
185
190
195
200
205
210
215
220
225
230
235
240
245
250
255
260
265
270
275
280
285
290
295
300
305
310
315
320
325
330
335
340
345
350
355
360
365
370
375
380
385
390
395
400
405
410
415
420
425
430
435
440
445
450
455
460
465
470
475
480
485
490
495
500
505
510
515
520
525
530
535
540
545
550
555
560
565
570
575
580
585
590
595
0
5
10
15
20
25
30
35
40
45
50
55
60
65
70
75
80
85
90
95
100
105
110
115
120
125
130
135
140
145
150
155
160
165
170
175
180
185
190
195
200
205
210
215
220
225
230
235
240
245
250
255
260
265
270
275
280
285
290
295
300
305
310
315
320
325
330
335
340
345
350
355
360
365
370
375
380
385
390
395
400
405
410
415
420
425
430
435
440
445
450
455
460
465
470
475
480
485
490
495
500
505
510
515
520
525
530
535
540
545
550
555
560
565
570
575
580
585
590
595
0
5
10
15
20
25
30
35
40
45
50
55
60
65
70
75
80
85
90
95
100
105
110
115
120
125
130
135
140
145
150
155
160
165
170
175
180
185
190
195
200
205
210
215
220
225
230
235
240
245
250
255
260
265
270
275
280
285
290
295
300
305
310
315
320
325
330
335
340
345
350
355
360
365
370
375
380
385
390
395
400
405
410
415
420
425
430
435
440
445
450
455
460
465
470
475
480
485
490
495
500
505
510
515
520
525
530
535
540
545
550
555
560
565
570
575
580
585
590
595
0
5
10
15
20
25
30
35
40
45
50
55
60
65
70
75
80
85
90
95
100
105
110
115
120
125
130
135
140
145
150
155
160
165
170
175
180
185
190
195
200
205
210
215
220
225
230
235
240
245
250
255
260
265
270
275
280
285
290
295
300
305
310
315
320
325
330
335
340
345
350
355
360
365
370
375
380
385
390
395
400
405
410
415
420
425
430
435
440
445
450
455
460
465
470
475
480
485
490
495
500
505
510
515
520
525
530
535
540
545
550
555
560
565
570
575
580
585
590
595
0
5
10
15
20
25
30
35
40
45
50
55
60
65
70
75
80
85
90
95
100
105
110
115
120
125
130
135
140
145
150
155
160
165
170
175
180
185
190
195
200
205
210
215
220
225
230
235
240
245
250
255
260
265
270
275
280
285
290
295
300
305
310
315
320
325
330
335
340
345
350
355
360
365
370
375
380
385
390
395
400
405
410
415
420
425
430
435
440
445
450
455
460
465
470
475
480
485
490
495
500
505
510
515
520
525
530
535
540
545
550
555
560
565
570
575
580
585
590
595
0
5
10
15
20
25
30
35
40
45
50
55
60
65
70
75
80
85
90
95
100
105
110
115
120
125
130
135
140
145
150
155
160
165
170
175
180
185
190
195
200
205
210
215
220
225
230
235
240
245
250
255
260
265
270
275
280
285
290
295
300
305
310
315
320
325
330
335
340
345
350
355
360
365
370
375
380
385
390
395
400
405
410
415
420
425
430
435
440
445
450
455
460
465
470
475
480
485
490
495
500
505
510
515
520
525
530
535
540
545
550
555
560
565
570
575
580
585
590
595
0
5
10
15
20
25
30
35
40
45
50
55
60
65
70
75
80
85
90
95
100
105
110
115
120
125
130
135
140
145
150
155
160
165
170
175
180
185
190
195
200
205
210
215
220
225
230
235
240
245
250
255
260
265
270
275
280
285
290
295
300
305
310
315
320
325
330
335
340
345
350
355
360
365
370
375
380
385
390
395
400
405
410
415
420
425
430
435
440
445
450
455
460
465
470
475
480
485
490
495
500
505
510
515
520
525
530
535
540
545
550
555
560
565
570
575
580
585
590
595
0
5
10
15
20
25
30
35
40
45
50
55
60
65
70
75
80
85
90
95
100
105
110
115
120
125
130
135
140
145
150
155
160
165
170
175
180
185
190
195
200
205
210
215
220
225
230
235
240
245
250
255
260
265
270
275
280
285
290
295
300
305
310
315
320
325
330
335
340
345
350
355
360
365
370
375
380
385
390
395
400
405
410
415
420
425
430
435
440
445
450
455
460
465
470
475
480
485
490
495
500
505
510
515
520
525
530
535
540
545
550
555
560
565
570
575
580
585
590
595
0
5
10
15
20
25
30
35
40
45
50
55
60
65
70
75
80
85
90
95
100
105
110
115
120
125
130
135
140
145
150
155
160
165
170
175
180
185
190
195
200
205
210
215
220
225
230
235
240
245
250
255
260
265
270
275
280
285
290
295
300
305
310
315
320
325
330
335
340
345
350
355
360
365
370
375
380
385
390
395
400
405
410
415
420
425
430
435
440
445
450
455
460
465
470
475
480
485
490
495
500
505
510
515
520
525
530
535
540
545
550
555
560
565
570
575
580
585
590
595
0
5
10
15
20
25
30
35
40
45
50
55
60
65
70
75
80
85
90
95
100
105
110
115
120
125
130
135
140
145
150
155
160
165
170
175
180
185
190
195
200
205
210
215
220
225
230
235
240
245
250
255
260
265
270
275
280
285
290
295
300
305
310
315
320
325
330
335
340
345
350
355
360
365
370
375
380
385
390
395
400
405
410
415
420
425
430
435
440
445
450
455
460
465
470
475
480
485
490
495
500
505
510
515
520
525
530
535
540
545
550
555
560
565
570
575
580
585
590
595
0
5
10
15
20
25
30
35
40
45
50
55
60
65
70
75
80
85
90
95
100
105
110
115
120
125
130
135
140
145
150
155
160
165
170
175
180
185
190
195
200
205
210
215
220
225
230
235
240
245
250
255
260
265
270
275
280
285
290
295
300
305
310
315
320
325
330
335
340
345
350
355
360
365
370
375
380
385
390
395
400
405
410
415
420
425
430
435
440
445
450
455
460
465
470
475
480
485
490
495
500
505
510
515
520
525
530
535
540
545
550
555
560
565
570
575
580
585
590
595
0
5
10
15
20
25
30
35
40
45
50
55
60
65
70
75
80
85
90
95
100
105
110
115
120
125
130
135
140
145
150
155
160
165
170
175
180
185
190
195
200
205
210
215
220
225
230
235
240
245
250
255
260
265
270
275
280
285
290
295
300
305
310
315
320
325
330
335
340
345
350
355
360
365
370
375
380
385
390
395
400
405
410
415
420
425
430
435
440
445
450
455
460
465
470
475
480
485
490
495
500
505
510
515
520
525
530
535
540
545
550
555
560
565
570
575
580
585
590
595
0
5
10
15
20
25
30
35
40
45
50
55
60
65
70
75
80
85
90
95
100
105
110
115
120
125
130
135
140
145
150
155
160
165
170
175
180
185
190
195
200
205
210
215
220
225
230
235
240
245
250
255
260
265
270
275
280
285
290
295
300
305
310
315
320
325
330
335
340
345
350
355
360
365
370
375
380
385
390
395
400
405
410
415
420
425
430
435
440
445
450
455
460
465
470
475
480
485
490
495
500
505
510
515
520
525
530
535
540
545
550
555
560
565
570
575
580
585
590
595
0
5
10
15
20
25
30
35
40
45
50
55
60
65
70
75
80
85
90
95
100
105
110
115
120
125
130
135
140
145
150
155
160
165
170
175
180
185
190
195
200
205
210
215
220
225
230
235
240
245
250
255
260
265
270
275
280
285
290
295
300
305
310
315
320
325
330
335
340
345
350
355
360
365
370
375
380
385
390
395
400
405
410
415
420
425
430
435
440
445
450
455
460
465
470
475
480
485
490
495
500
505
510
515
520
525
530
535
540
545
550
555
560
565
570
575
580
585
590
595
0
5
10
15
20
25
30
35
40
45
50
55
60
65
70
75
80
85
90
95
100
105
110
115
120
125
130
135
140
145
150
155
160
165
170
175
180
185
190
195
200
205
210
215
220
225
230
235
240
245
250
255
260
265
270
275
280
285
290
295
300
305
310
315
320
325
330
335
340
345
350
355
360
365
370
375
380
385
390
395
400
405
410
415
420
425
430
435
440
445
450
455
460
465
470
475
480
485
490
495
500
505
510
515
520
525
530
535
540
545
550
555
560
565
570
575
580
585
590
595
0
5
10
15
20
25
30
35
40
45
50
55
60
65
70
75
80
85
90
95
100
105
110
115
120
125
130
135
140
145
150
155
160
165
170
175
180
185
190
195
200
205
210
215
220
225
230
235
240
245
250
255
260
265
270
275
280
285
290
295
300
305
310
315
320
325
330
335
340
345
350
355
360
365
370
375
380
385
390
395
400
405
410
415
420
425
430
435
440
445
450
455
460
465
470
475
480
485
490
495
500
505
510
515
520
525
530
535
540
545
550
555
560
565
570
575
580
585
590
595
0
5
10
15
20
25
30
35
40
45
50
55
60
65
70
75
80
85
90
95
100
105
110
115
120
125
130
135
140
145
150
155
160
165
170
175
180
185
190
195
200
205
210
215
220
225
230
235
240
245
250
255
260
265
270
275
280
285
290
295
300
305
310
315
320
325
330
335
340
345
350
355
360
365
370
375
380
385
390
395
400
405
410
415
420
425
430
435
440
445
450
455
460
465
470
475
480
485
490
495
500
505
510
515
520
525
530
535
540
545
550
555
560
565
570
575
580
585
590
595
0
5
10
15
20
25
30
35
40
45
50
55
60
65
70
75
80
85
90
95
100
105
110
115
120
125
130
135
140
145
150
155
160
165
170
175
180
185
190
195
200
205
210
215
220
225
230
235
240
245
250
255
260
265
270
275
280
285
290
295
300
305
310
315
320
325
330
335
340
345
350
355
360
365
370
375
380
385
390
395
400
405
410
415
420
425
430
435
440
445
450
455
460
465
470
475
480
485
490
495
500
505
510
515
520
525
530
535
540
545
550
555
560
565
570
575
580
585
590
595
0
5
10
15
20
25
30
35
40
45
50
55
60
65
70
75
80
85
90
95
100
105
110
115
120
125
130
135
140
145
150
155
160
165
170
175
180
185
190
195
200
205
210
215
220
225
230
235
240
245
250
255
260
265
270
275
280
285
290
295
300
305
310
315
320
325
330
335
340
345
350
355
360
365
370
375
380
385
390
395
400
405
410
415
420
425
430
435
440
445
450
455
460
465
470
475
480
485
490
495
500
505
510
515
520
525
530
535
540
545
550
555
560
565
570
575
580
585
590
595
0
5
10
15
20
25
30
35
40
45
50
55
60
65
70
75
80
85
90
95
100
105
110
115
120
125
130
135
140
145
150
155
160
165
170
175
180
185
190
195
200
205
210
215
220
225
230
235
240
245
250
255
260
265
270
275
280
285
290
295
300
305
310
315
320
325
330
335
340
345
350
355
360
365
370
375
380
385
390
395
400
405
410
415
420
425
430
435
440
445
450
455
460
465
470
475
480
485
490
495
500
505
510
515
520
525
530
535
540
545
550
555
560
565
570
575
580
585
590
595
0
5
10
15
20
25
30
35
40
45
50
55
60
65
70
75
80
85
90
95
100
105
110
115
120
125
130
135
140
145
150
155
160
165
170
175
180
185
190
195
200
205
210
215
220
225
230
235
240
245
250
255
260
265
270
275
280
285
290
295
300
305
310
315
320
325
330
335
340
345
350
355
360
365
370
375
380
385
390
395
400
405
410
415
420
425
430
435
440
445
450
455
460
465
470
475
480
485
490
495
500
505
510
515
520
525
530
535
540
545
550
555
560
565
570
575
580
585
590
595
0
5
10
15
20
25
30
35
40
45
50
55
60
65
70
75
80
85
90
95
100
105
110
115
120
125
130
135
140
145
150
155
160
165
170
175
180
185
190
195
200
205
210
215
220
225
230
235
240
245
250
255
260
265
270
275
280
285
290
295
300
305
310
315
320
325
330
335
340
345
350
355
360
365
370
375
380
385
390
395
400
405
410
415
420
425
430
435
440
445
450
455
460
465
470
475
480
485
490
495
500
505
510
515
520
525
530
535
540
545
550
555
560
565
570
575
580
585
590
595
0
5
10
15
20
25
30
35
40
45
50
55
60
65
70
75
80
85
90
95
100
105
110
115
120
125
130
135
140
145
150
155
160
165
170
175
180
185
190
195
200
205
210
215
220
225
230
235
240
245
250
255
260
265
270
275
280
285
290
295
300
305
310
315
320
325
330
335
340
345
350
355
360
365
370
375
380
385
390
395
400
405
410
415
420
425
430
435
440
445
450
455
460
465
470
475
480
485
490
495
500
505
510
515
520
525
530
535
540
545
550
555
560
565
570
575
580
585
590
595
0
5
10
15
20
25
30
35
40
45
50
55
60
65
70
75
80
85
90
95
100
105
110
115
120
125
130
135
140
145
150
155
160
165
170
175
180
185
190
195
200
205
210
215
220
225
230
235
240
245
250
255
260
265
270
275
280
285
290
295
300
305
310
315
320
325
330
335
340
345
350
355
360
365
370
375
380
385
390
395
400
405
410
415
420
425
430
435
440
445
450
455
460
465
470
475
480
485
490
495
500
505
510
515
520
525
530
535
540
545
550
555
560
565
570
575
580
585
590
595
sys:1: DtypeWarning: Columns (3) have mixed types.Specify dtype option on import or set low_memory=False.
sys:1: DtypeWarning: Columns (6) have mixed types.Specify dtype option on import or set low_memory=False.
30 0
0
24 4
5
17 7
10
31 12
15
35 14
20
28 20
25
22 22
30
25 20
35
21 25
40
30 22
45
20 22
50
34 17
55
30 26
60
12 20
65
32 22
70
28 23
75
32 26
80
24 23
85
28 30
90
21 32
95
28 40
100
25 25
105
37 31
110
34 34
115
26 20
120
21 37
125
27 27
130
31 29
135
22 23
140
33 17
145
24 32
150
29 33
155
20 27
160
29 33
165
24 26
170
27 31
175
33 24
180
30 28
185
39 17
190
24 37
195
20 25
200
29 32
205
24 22
210
20 26
215
23 28
220
20 24
225
29 26
230
26 26
235
21 25
240
26 28
245
26 29
250
25 20
255
22 30
260
31 24
265
27 18
270
20 20
275
21 28
280
24 31
285
27 30
290
30 20
295
30 23
300
22 23
305
16 20
310
29 27
315
28 19
320
30 24
325
20 33
330
18 21
335
23 31
340
18 27
345
33 25
350
27 31
355
26 24
360
22 25
365
26 21
370
26 14
375
28 28
380
27 18
385
30 21
390
28 35
395
24 21
400
27 26
405
22 23
410
31 34
415
21 16
420
27 27
425
35 31
430
27 25
435
22 23
440
33 38
445
32 20
450
29 27
455
33 32
460
37 29
465
25 26
470
36 26
475
30 23
480
33 30
485
31 51
490
47 31
495
34 32
500
40 37
505
35 31
510
38 42
515
41 35
520
25 41
525
30 55
530
22 49
535
37 37
540
36 28
545
41 34
550
31 33
555
29 40
560
32 35
565
24 28
570
27 39
575
34 31
580
35 26
585
26 26
590
26 26
595
30 0
0
27 5
5
27 7
10
23 21
15
23 17
20
24 21
25
30 22
30
30 27
35
29 25
40
21 16
45
22 26
50
31 24
55
17 23
60
35 35
65
31 23
70
26 27
75
22 23
80
25 26
85
22 20
90
27 29
95
20 38
100
30 20
105
23 20
110
29 19
115
23 25
120
26 22
125
20 28
130
22 27
135
17 28
140
28 23
145
25 24
150
28 26
155
27 15
160
21 23
165
20 19
170
15 22
175
24 28
180
29 28
185
20 21
190
22 24
195
21 20
200
15 19
205
16 27
210
26 22
215
9 11
220
18 16
225
23 15
230
25 28
235
27 23
240
18 16
245
24 14
250
21 17
255
23 23
260
22 23
265
26 32
270
28 17
275
29 35
280
23 17
285
20 28
290
26 18
295
24 23
300
24 24
305
31 31
310
21 26
315
23 21
320
27 27
325
33 21
330
14 18
335
26 22
340
22 22
345
28 31
350
26 22
355
28 26
360
34 26
365
34 25
370
31 31
375
27 29
380
27 24
385
32 26
390
27 29
395
31 30
400
22 28
405
19 42
410
31 26
415
24 29
420
32 27
425
31 16
430
18 24
435
29 23
440
24 34
445
34 31
450
28 28
455
33 28
460
25 30
465
33 28
470
21 27
475
32 37
480
30 33
485
29 21
490
29 32
495
27 37
500
42 31
505
32 46
510
34 35
515
36 29
520
28 35
525
41 29
530
32 41
535
37 39
540
39 37
545
42 47
550
33 39
555
47 44
560
30 43
565
32 27
570
35 28
575
26 40
580
26 40
585
37 27
590
33 34
595
23 1
0
8 3
5
22 5
10
16 13
15
22 18
20
19 21
25
19 7
30
16 16
35
16 16
40
12 15
45
24 17
50
20 20
55
19 18
60
23 19
65
23 12
70
22 21
75
17 26
80
18 22
85
15 17
90
23 19
95
21 20
100
21 22
105
16 21
110
21 15
115
24 24
120
19 13
125
29 20
130
22 29
135
14 29
140
26 21
145
25 24
150
24 22
155
17 17
160
29 23
165
31 22
170
21 23
175
24 22
180
21 21
185
17 27
190
23 23
195
21 21
200
17 14
205
29 26
210
18 28
215
29 22
220
25 32
225
21 18
230
25 15
235
29 22
240
25 27
245
25 26
250
31 34
255
26 24
260
32 29
265
28 28
270
29 37
275
28 31
280
32 21
285
25 25
290
29 26
295
22 31
300
25 30
305
19 26
310
29 20
315
29 23
320
26 28
325
18 25
330
34 35
335
23 24
340
24 27
345
25 23
350
28 19
355
28 22
360
28 27
365
30 26
370
27 29
375
27 29
380
21 21
385
27 25
390
26 25
395
32 25
400
30 26
405
20 34
410
27 36
415
34 35
420
23 25
425
32 24
430
22 24
435
32 23
440
23 35
445
28 22
450
34 22
455
35 30
460
14 25
465
34 40
470
25 29
475
28 31
480
26 24
485
24 29
490
34 29
495
30 33
500
27 30
505
21 30
510
32 23
515
27 30
520
37 20
525
30 27
530
30 33
535
28 36
540
17 30
545
34 27
550
29 20
555
32 23
560
31 28
565
29 32
570
29 36
575
26 30
580
33 26
585
33 30
590
36 25
595
18 0
0
12 4
5
19 6
10
21 12
15
16 11
20
23 19
25
15 18
30
23 18
35
19 19
40
24 18
45
26 18
50
20 29
55
21 26
60
15 19
65
17 18
70
16 13
75
20 19
80
23 20
85
27 20
90
27 13
95
21 15
100
21 24
105
25 31
110
22 25
115
26 21
120
23 23
125
16 22
130
18 17
135
17 20
140
25 23
145
28 12
150
29 20
155
21 24
160
20 29
165
28 27
170
18 22
175
26 17
180
28 23
185
27 21
190
22 26
195
20 25
200
24 29
205
30 19
210
28 28
215
28 29
220
26 21
225
26 22
230
20 20
235
25 23
240
28 35
245
22 28
250
28 24
255
19 19
260
24 23
265
33 26
270
25 29
275
22 29
280
28 25
285
25 21
290
29 29
295
30 17
300
19 31
305
18 26
310
28 27
315
33 20
320
24 25
325
29 25
330
21 20
335
17 22
340
23 33
345
31 29
350
18 19
355
17 24
360
26 29
365
29 30
370
14 19
375
13 22
380
23 21
385
22 14
390
28 18
395
17 13
400
23 24
405
27 31
410
28 19
415
17 29
420
15 23
425
23 17
430
18 19
435
26 17
440
22 24
445
25 14
450
20 33
455
21 26
460
25 26
465
22 30
470
34 22
475
21 27
480
28 26
485
25 17
490
36 24
495
26 26
500
24 30
505
32 21
510
26 31
515
31 26
520
40 32
525
34 29
530
31 28
535
18 38
540
18 24
545
22 27
550
20 19
555
28 28
560
30 23
565
15 18
570
24 25
575
20 25
580
14 25
585
19 16
590
24 17
595
28 0
0
23 3
5
20 14
10
16 10
15
26 11
20
22 8
25
22 27
30
31 19
35
22 19
40
19 15
45
22 18
50
25 23
55
19 29
60
23 14
65
21 20
70
31 26
75
30 25
80
19 27
85
26 23
90
29 27
95
20 22
100
27 29
105
23 27
110
31 24
115
23 26
120
19 26
125
18 22
130
34 29
135
18 24
140
20 18
145
27 22
150
21 24
155
18 22
160
18 18
165
26 25
170
22 17
175
27 21
180
22 17
185
23 25
190
26 19
195
15 30
200
18 25
205
17 18
210
15 24
215
20 18
220
25 17
225
26 21
230
32 23
235
27 28
240
27 30
245
31 21
250
22 26
255
16 22
260
26 26
265
29 19
270
26 32
275
30 21
280
17 19
285
18 19
290
30 19
295
30 26
300
18 31
305
20 25
310
20 26
315
21 25
320
19 20
325
19 27
330
26 23
335
26 22
340
31 27
345
17 24
350
21 32
355
29 14
360
27 17
365
28 23
370
20 26
375
24 20
380
28 22
385
27 21
390
24 30
395
17 21
400
22 28
405
21 16
410
19 25
415
23 27
420
19 21
425
17 25
430
22 16
435
20 19
440
27 24
445
23 19
450
30 20
455
24 29
460
27 29
465
31 22
470
23 21
475
22 25
480
30 25
485
26 24
490
27 22
495
31 27
500
21 32
505
31 29
510
23 28
515
29 36
520
34 35
525
31 20
530
28 33
535
29 34
540
29 23
545
40 28
550
32 45
555
32 32
560
36 32
565
42 36
570
32 45
575
26 34
580
25 31
585
22 38
590
27 32
595
24 1
0
25 4
5
28 10
10
27 11
15
22 12
20
15 22
25
20 15
30
21 15
35
28 22
40
26 23
45
23 21
50
15 22
55
31 16
60
22 22
65
19 24
70
22 23
75
24 20
80
21 23
85
34 18
90
22 25
95
24 16
100
29 33
105
19 23
110
27 25
115
25 24
120
18 25
125
26 24
130
21 14
135
18 22
140
24 20
145
25 25
150
23 27
155
23 25
160
20 30
165
33 27
170
32 19
175
23 30
180
30 21
185
24 27
190
20 25
195
27 23
200
20 29
205
30 29
210
19 23
215
19 17
220
27 26
225
19 27
230
20 22
235
30 30
240
32 21
245
21 36
250
27 24
255
21 24
260
31 33
265
20 25
270
20 24
275
26 25
280
22 18
285
25 27
290
22 20
295
25 22
300
19 38
305
26 26
310
27 19
315
22 24
320
30 22
325
30 31
330
24 25
335
38 28
340
15 33
345
14 20
350
30 17
355
29 22
360
18 27
365
26 20
370
11 23
375
22 21
380
23 15
385
25 23
390
20 24
395
22 27
400
29 23
405
29 23
410
27 26
415
16 21
420
31 25
425
23 23
430
26 37
435
19 23
440
25 24
445
27 27
450
28 21
455
24 22
460
22 32
465
25 28
470
34 15
475
26 30
480
28 33
485
26 19
490
32 34
495
31 25
500
24 25
505
27 34
510
35 31
515
34 42
520
30 32
525
26 31
530
24 28
535
30 40
540
30 22
545
27 28
550
35 39
555
24 27
560
28 33
565
27 30
570
36 27
575
28 26
580
19 22
585
23 21
590
26 20
595
23 0
0
22 2
5
25 12
10
32 11
15
22 10
20
33 15
25
13 22
30
15 26
35
36 23
40
22 19
45
22 17
50
29 25
55
17 24
60
18 35
65
29 23
70
21 26
75
34 23
80
26 22
85
24 26
90
25 27
95
24 31
100
24 26
105
20 24
110
29 25
115
28 21
120
19 34
125
25 17
130
24 18
135
21 26
140
25 19
145
24 24
150
21 21
155
23 31
160
23 24
165
24 25
170
23 26
175
25 33
180
29 21
185
16 15
190
25 23
195
27 18
200
17 22
205
20 28
210
22 22
215
18 26
220
24 18
225
16 22
230
24 23
235
21 31
240
20 26
245
28 18
250
27 19
255
27 19
260
32 27
265
25 32
270
26 21
275
25 27
280
22 24
285
30 24
290
33 34
295
29 30
300
29 20
305
23 30
310
28 32
315
27 26
320
25 21
325
27 20
330
23 29
335
16 19
340
23 31
345
23 14
350
25 31
355
23 24
360
20 20
365
18 24
370
21 19
375
16 17
380
20 15
385
19 14
390
30 20
395
27 28
400
19 26
405
28 22
410
24 29
415
24 26
420
38 22
425
19 28
430
34 29
435
40 33
440
29 36
445
34 35
450
38 21
455
39 31
460
34 23
465
41 41
470
31 37
475
29 34
480
32 27
485
43 38
490
29 30
495
48 30
500
24 49
505
41 32
510
41 40
515
30 41
520
36 39
525
37 47
530
38 26
535
37 41
540
22 41
545
37 48
550
25 31
555
25 29
560
34 25
565
36 36
570
36 27
575
35 46
580
32 39
585
30 33
590
23 45
595
20 0
0
27 3
5
19 8
10
27 8
15
22 18
20
31 15
25
22 21
30
29 14
35
23 14
40
29 21
45
22 30
50
30 27
55
32 24
60
28 29
65
21 27
70
34 26
75
21 39
80
30 30
85
23 20
90
30 32
95
32 24
100
18 29
105
31 28
110
34 32
115
30 23
120
19 25
125
24 27
130
23 21
135
42 32
140
24 33
145
22 25
150
31 30
155
28 26
160
25 30
165
20 25
170
25 24
175
20 25
180
27 20
185
20 25
190
27 34
195
28 15
200
29 22
205
22 23
210
27 21
215
15 31
220
22 13
225
21 23
230
27 34
235
25 21
240
21 29
245
23 29
250
19 20
255
17 32
260
21 16
265
19 27
270
31 25
275
20 15
280
31 28
285
28 21
290
27 22
295
29 27
300
21 25
305
22 25
310
24 23
315
18 24
320
25 24
325
10 17
330
19 13
335
35 24
340
26 28
345
19 19
350
38 16
355
33 25
360
28 27
365
20 26
370
25 23
375
26 22
380
26 20
385
14 24
390
27 23
395
22 23
400
23 28
405
22 27
410
31 24
415
28 26
420
28 17
425
26 25
430
25 39
435
25 25
440
29 29
445
21 20
450
27 25
455
18 28
460
35 26
465
27 26
470
36 29
475
28 35
480
31 30
485
21 36
490
33 31
495
35 26
500
25 28
505
28 28
510
32 24
515
26 42
520
39 35
525
39 29
530
29 33
535
37 40
540
32 36
545
35 51
550
36 29
555
37 34
560
38 37
565
36 32
570
28 41
575
33 29
580
25 34
585
31 40
590
47 41
595
23 1
0
20 1
5
24 3
10
18 12
15
17 12
20
23 21
25
16 14
30
20 13
35
21 25
40
27 16
45
27 18
50
24 22
55
23 25
60
20 15
65
13 18
70
22 31
75
23 23
80
21 26
85
21 17
90
23 21
95
25 17
100
22 31
105
28 24
110
24 20
115
21 21
120
30 23
125
27 25
130
17 26
135
13 21
140
13 25
145
22 17
150
23 21
155
27 20
160
20 22
165
13 21
170
26 21
175
19 16
180
21 19
185
24 19
190
15 29
195
31 17
200
22 20
205
23 23
210
13 18
215
16 26
220
20 21
225
20 17
230
20 17
235
21 20
240
27 21
245
25 21
250
22 29
255
27 21
260
28 22
265
27 18
270
25 21
275
17 24
280
26 30
285
19 13
290
26 28
295
33 31
300
24 22
305
31 24
310
22 21
315
38 19
320
21 32
325
19 28
330
23 29
335
27 20
340
23 28
345
21 27
350
32 24
355
22 19
360
25 27
365
33 21
370
29 26
375
30 26
380
38 23
385
22 29
390
26 37
395
33 31
400
38 30
405
18 31
410
33 23
415
24 24
420
27 26
425
28 26
430
18 26
435
22 21
440
26 20
445
34 33
450
31 32
455
28 28
460
24 32
465
26 23
470
32 33
475
38 25
480
32 29
485
32 47
490
27 40
495
29 31
500
31 34
505
27 28
510
26 27
515
31 29
520
31 31
525
30 24
530
41 39
535
29 32
540
26 26
545
40 35
550
22 35
555
37 43
560
42 27
565
36 29
570
35 35
575
26 52
580
30 37
585
19 24
590
17 20
595
11 0
0
13 4
5
23 7
10
15 9
15
23 16
20
17 13
25
15 13
30
20 14
35
13 14
40
17 17
45
9 11
50
22 10
55
25 15
60
23 25
65
19 23
70
17 17
75
23 29
80
25 20
85
22 23
90
20 17
95
16 21
100
23 14
105
19 21
110
25 17
115
16 18
120
21 25
125
14 17
130
27 22
135
14 17
140
23 26
145
30 18
150
26 22
155
27 26
160
22 19
165
35 24
170
25 34
175
26 29
180
20 19
185
22 24
190
34 30
195
23 27
200
19 25
205
18 17
210
19 20
215
21 23
220
23 18
225
21 28
230
32 22
235
18 24
240
21 29
245
20 15
250
22 27
255
28 22
260
29 35
265
27 25
270
31 24
275
23 28
280
20 28
285
33 23
290
27 26
295
30 27
300
20 26
305
37 33
310
22 36
315
22 20
320
29 18
325
31 19
330
27 32
335
27 18
340
18 26
345
30 18
350
21 22
355
27 27
360
26 37
365
24 23
370
26 22
375
27 28
380
24 31
385
31 21
390
28 33
395
21 26
400
29 28
405
27 30
410
33 24
415
25 24
420
26 26
425
27 23
430
28 26
435
29 33
440
24 22
445
27 33
450
32 27
455
28 25
460
30 26
465
27 26
470
24 28
475
34 23
480
29 31
485
22 28
490
32 34
495
30 28
500
33 23
505
29 23
510
21 31
515
32 29
520
35 20
525
29 28
530
31 36
535
26 41
540
32 33
545
30 29
550
30 27
555
38 25
560
24 36
565
29 30
570
22 47
575
34 24
580
31 28
585
23 29
590
28 33
595
21 1
0
17 3
5
24 4
10
21 10
15
18 13
20
20 20
25
15 28
30
17 19
35
14 27
40
14 19
45
27 12
50
23 23
55
25 13
60
27 20
65
18 26
70
12 20
75
14 20
80
14 20
85
19 15
90
7 17
95
15 10
100
16 22
105
17 10
110
16 12
115
18 21
120
19 19
125
9 13
130
19 21
135
25 15
140
14 15
145
20 16
150
15 14
155
19 15
160
16 20
165
21 14
170
12 20
175
17 23
180
20 13
185
17 19
190
17 18
195
18 13
200
13 9
205
17 13
210
14 16
215
24 12
220
13 25
225
24 24
230
17 15
235
16 17
240
20 20
245
23 20
250
20 16
255
26 22
260
14 26
265
21 17
270
18 8
275
16 20
280
24 23
285
17 16
290
20 21
295
16 15
300
7 18
305
20 21
310
14 19
315
19 14
320
19 15
325
16 21
330
21 14
335
14 14
340
6 20
345
15 11
350
18 20
355
15 17
360
22 12
365
15 13
370
12 15
375
21 19
380
19 26
385
15 14
390
22 14
395
21 23
400
20 20
405
20 17
410
21 24
415
18 15
420
22 13
425
19 22
430
16 21
435
19 20
440
21 14
445
18 14
450
19 20
455
26 23
460
16 19
465
16 22
470
20 13
475
25 23
480
21 19
485
21 19
490
23 23
495
22 24
500
18 17
505
13 29
510
15 16
515
22 19
520
17 22
525
14 12
530
22 21
535
17 12
540
19 18
545
23 17
550
25 16
555
21 26
560
24 24
565
29 26
570
17 22
575
17 22
580
23 19
585
21 24
590
16 18
595
29 2
0
22 2
5
20 10
10
22 8
15
22 18
20
18 23
25
16 20
30
18 15
35
17 18
40
23 24
45
18 14
50
19 22
55
17 17
60
20 15
65
17 18
70
20 18
75
19 22
80
24 24
85
20 13
90
21 16
95
22 22
100
29 19
105
18 26
110
19 17
115
20 21
120
16 20
125
20 20
130
21 23
135
21 24
140
22 20
145
17 25
150
24 23
155
18 22
160
20 12
165
27 19
170
17 22
175
27 19
180
19 30
185
21 19
190
16 24
195
23 17
200
23 25
205
14 8
210
14 22
215
21 17
220
21 20
225
24 17
230
23 23
235
20 19
240
31 26
245
11 16
250
21 20
255
25 20
260
21 18
265
25 26
270
19 27
275
25 24
280
20 22
285
22 20
290
22 21
295
21 20
300
30 17
305
24 20
310
16 22
315
26 31
320
27 25
325
17 24
330
25 16
335
21 20
340
18 24
345
30 26
350
31 31
355
23 27
360
24 14
365
24 20
370
24 27
375
22 19
380
22 19
385
22 16
390
22 27
395
16 16
400
21 18
405
25 31
410
14 30
415
19 21
420
26 25
425
23 17
430
15 20
435
21 17
440
18 21
445
19 24
450
24 15
455
18 17
460
24 19
465
19 33
470
22 27
475
23 23
480
25 24
485
22 24
490
24 32
495
30 20
500
18 20
505
31 23
510
25 22
515
35 35
520
20 28
525
31 35
530
27 32
535
21 31
540
31 26
545
30 22
550
19 27
555
22 24
560
27 24
565
33 23
570
23 31
575
19 24
580
22 28
585
20 29
590
22 21
595
18 0
0
27 2
5
28 4
10
19 14
15
26 17
20
17 17
25
16 27
30
26 14
35
20 18
40
21 20
45
18 23
50
13 12
55
19 15
60
25 24
65
16 14
70
24 21
75
29 23
80
25 23
85
22 22
90
21 20
95
30 24
100
17 26
105
27 24
110
26 18
115
21 18
120
28 18
125
19 16
130
31 29
135
22 25
140
23 27
145
27 33
150
35 28
155
27 32
160
29 27
165
25 36
170
30 24
175
22 28
180
14 17
185
24 22
190
30 24
195
25 18
200
13 30
205
15 22
210
25 26
215
19 17
220
20 25
225
19 26
230
21 11
235
24 24
240
25 19
245
22 24
250
25 20
255
23 20
260
31 21
265
22 26
270
25 25
275
12 22
280
20 19
285
17 23
290
16 20
295
21 23
300
20 23
305
15 19
310
25 21
315
29 24
320
15 18
325
22 22
330
19 17
335
27 28
340
24 27
345
16 22
350
21 16
355
28 21
360
24 18
365
21 19
370
17 25
375
15 26
380
25 23
385
20 19
390
16 19
395
23 18
400
17 21
405
17 12
410
19 22
415
24 19
420
28 28
425
20 21
430
17 27
435
22 20
440
22 26
445
26 18
450
20 21
455
20 23
460
19 29
465
24 27
470
30 20
475
29 17
480
32 25
485
34 24
490
22 34
495
29 29
500
27 23
505
27 25
510
31 34
515
23 30
520
33 33
525
17 27
530
29 33
535
30 36
540
33 31
545
32 23
550
36 31
555
36 39
560
28 25
565
24 33
570
31 22
575
21 34
580
26 24
585
27 32
590
14 27
595
28 0
0
23 2
5
17 12
10
27 10
15
23 15
20
26 25
25
24 18
30
22 18
35
21 17
40
19 24
45
23 17
50
31 24
55
26 27
60
18 30
65
17 20
70
27 17
75
26 21
80
26 26
85
22 13
90
31 30
95
26 28
100
28 32
105
27 24
110
22 31
115
27 32
120
24 19
125
30 21
130
28 26
135
19 25
140
24 28
145
27 23
150
20 18
155
32 27
160
29 23
165
22 31
170
24 25
175
24 27
180
27 25
185
16 22
190
19 22
195
20 19
200
19 23
205
20 22
210
15 23
215
24 24
220
27 24
225
15 28
230
23 27
235
29 19
240
25 21
245
27 17
250
23 30
255
17 25
260
29 16
265
27 20
270
25 19
275
22 26
280
16 26
285
22 24
290
21 25
295
23 28
300
38 23
305
30 21
310
20 19
315
25 23
320
25 28
325
31 27
330
24 16
335
23 32
340
23 29
345
32 32
350
26 27
355
25 24
360
25 20
365
33 29
370
28 24
375
33 24
380
24 26
385
24 36
390
35 23
395
30 36
400
21 29
405
26 27
410
28 28
415
28 22
420
27 37
425
19 20
430
26 20
435
24 26
440
32 25
445
26 28
450
30 24
455
29 26
460
26 26
465
23 31
470
25 31
475
21 25
480
25 25
485
34 23
490
29 40
495
37 36
500
22 29
505
31 33
510
29 30
515
20 37
520
31 35
525
36 30
530
27 25
535
27 26
540
27 31
545
33 34
550
23 31
555
37 22
560
28 40
565
21 35
570
25 25
575
29 23
580
22 25
585
26 31
590
24 26
595
29 1
0
37 3
5
25 8
10
25 13
15
35 19
20
28 21
25
18 25
30
27 24
35
26 23
40
16 23
45
26 22
50
20 25
55
27 26
60
24 29
65
23 27
70
19 17
75
23 20
80
23 19
85
29 23
90
24 30
95
29 13
100
25 36
105
28 29
110
31 24
115
25 25
120
25 23
125
30 16
130
25 31
135
25 30
140
25 22
145
35 31
150
25 33
155
27 23
160
19 27
165
31 23
170
26 31
175
19 24
180
22 20
185
35 19
190
25 31
195
26 31
200
33 29
205
20 31
210
21 39
215
26 23
220
17 19
225
29 32
230
25 18
235
28 22
240
31 18
245
30 26
250
26 32
255
17 31
260
24 32
265
27 27
270
27 22
275
16 18
280
22 27
285
17 20
290
33 15
295
25 25
300
33 23
305
17 19
310
22 23
315
19 24
320
24 22
325
24 26
330
18 27
335
28 20
340
22 29
345
24 20
350
28 25
355
33 25
360
27 21
365
25 23
370
20 25
375
28 21
380
29 29
385
33 35
390
16 26
395
28 28
400
25 18
405
25 31
410
32 15
415
32 20
420
25 23
425
18 29
430
28 26
435
24 29
440
26 18
445
26 22
450
19 21
455
24 34
460
24 34
465
26 33
470
33 33
475
28 38
480
22 27
485
41 26
490
27 22
495
22 32
500
32 24
505
36 28
510
25 30
515
33 35
520
33 43
525
34 29
530
44 33
535
28 38
540
32 35
545
29 33
550
42 39
555
28 30
560
29 31
565
32 29
570
19 33
575
33 28
580
32 33
585
29 21
590
27 25
595
20 0
0
23 5
5
25 7
10
21 11
15
30 9
20
22 12
25
16 19
30
24 26
35
20 22
40
30 17
45
25 33
50
20 23
55
29 23
60
13 26
65
22 19
70
17 26
75
15 13
80
21 21
85
21 24
90
19 17
95
22 20
100
12 23
105
23 11
110
21 15
115
29 22
120
18 24
125
18 23
130
17 30
135
21 19
140
23 18
145
22 18
150
18 21
155
16 18
160
18 20
165
15 18
170
19 13
175
19 22
180
22 22
185
27 17
190
24 23
195
20 16
200
16 25
205
18 23
210
12 24
215
16 21
220
19 13
225
26 15
230
20 22
235
18 15
240
11 21
245
25 17
250
16 20
255
14 27
260
27 9
265
30 16
270
29 22
275
26 27
280
24 27
285
26 24
290
24 17
295
26 22
300
29 21
305
24 26
310
18 19
315
38 21
320
21 21
325
27 25
330
21 27
335
21 31
340
22 24
345
23 31
350
24 26
355
34 26
360
25 27
365
12 26
370
38 19
375
27 22
380
22 23
385
24 31
390
25 30
395
32 34
400
31 26
405
20 32
410
28 32
415
31 23
420
39 22
425
27 24
430
22 27
435
20 25
440
32 30
445
23 22
450
35 18
455
31 28
460
23 28
465
32 28
470
28 32
475
26 28
480
27 26
485
34 33
490
20 26
495
35 34
500
31 31
505
33 36
510
43 42
515
33 41
520
36 33
525
35 34
530
33 42
535
32 30
540
27 32
545
29 41
550
33 28
555
30 21
560
41 32
565
35 39
570
37 29
575
17 38
580
34 32
585
34 33
590
34 30
595
13 0
0
15 1
5
26 3
10
9 17
15
15 11
20
16 10
25
22 10
30
14 17
35
25 18
40
11 15
45
19 10
50
25 16
55
20 21
60
20 17
65
22 29
70
14 22
75
22 15
80
14 23
85
21 23
90
12 20
95
27 8
100
22 13
105
16 18
110
18 23
115
20 22
120
32 17
125
22 25
130
20 22
135
14 22
140
18 22
145
29 25
150
27 15
155
17 26
160
19 22
165
23 26
170
29 22
175
29 22
180
21 16
185
17 25
190
24 29
195
26 19
200
25 23
205
16 27
210
22 24
215
24 23
220
18 22
225
19 19
230
28 16
235
19 26
240
34 20
245
28 27
250
22 29
255
19 28
260
25 22
265
21 21
270
33 31
275
23 24
280
29 18
285
24 24
290
19 26
295
24 25
300
26 18
305
29 32
310
28 31
315
28 25
320
30 34
325
31 21
330
26 25
335
26 27
340
27 23
345
35 31
350
28 24
355
26 20
360
25 35
365
34 28
370
21 31
375
29 31
380
21 16
385
31 23
390
18 27
395
26 23
400
25 18
405
27 22
410
28 32
415
29 32
420
28 37
425
26 23
430
26 22
435
35 35
440
24 23
445
22 21
450
17 37
455
22 21
460
29 26
465
31 21
470
34 28
475
33 30
480
31 34
485
19 27
490
31 27
495
38 25
500
20 35
505
33 28
510
19 32
515
32 27
520
40 25
525
25 27
530
35 44
535
33 36
540
26 28
545
29 33
550
29 23
555
27 30
560
31 25
565
30 32
570
27 24
575
24 33
580
35 18
585
25 26
590
21 29
595
16 1
0
13 4
5
20 7
10
32 8
15
25 15
20
20 22
25
12 21
30
19 21
35
22 18
40
30 17
45
25 20
50
23 23
55
24 32
60
25 23
65
19 22
70
27 20
75
29 21
80
20 24
85
16 26
90
20 18
95
31 20
100
27 23
105
21 29
110
23 26
115
23 28
120
23 18
125
24 34
130
25 22
135
20 28
140
13 26
145
24 20
150
18 20
155
30 13
160
18 24
165
26 22
170
21 19
175
28 20
180
24 20
185
19 23
190
35 24
195
18 25
200
30 27
205
31 20
210
22 27
215
23 21
220
20 24
225
25 22
230
27 25
235
42 27
240
21 31
245
34 31
250
24 28
255
18 26
260
20 25
265
19 24
270
34 27
275
28 20
280
29 26
285
26 39
290
22 24
295
26 23
300
22 20
305
31 24
310
22 26
315
17 26
320
11 24
325
24 28
330
20 19
335
19 27
340
17 13
345
24 17
350
16 27
355
23 11
360
21 24
365
15 26
370
19 17
375
24 21
380
23 23
385
18 17
390
12 22
395
28 22
400
27 16
405
25 21
410
22 28
415
21 25
420
14 24
425
22 19
430
27 21
435
15 16
440
29 25
445
25 18
450
28 22
455
22 30
460
34 23
465
25 27
470
37 28
475
32 27
480
37 30
485
33 35
490
39 27
495
25 33
500
31 27
505
33 35
510
27 26
515
26 24
520
31 32
525
35 29
530
25 38
535
20 38
540
19 28
545
16 20
550
15 15
555
18 19
560
20 27
565
16 25
570
15 16
575
23 14
580
19 11
585
19 17
590
19 21
595
21 0
0
21 6
5
22 7
10
14 2
15
24 16
20
30 18
25
22 18
30
23 19
35
19 24
40
27 23
45
25 16
50
24 25
55
19 20
60
18 14
65
19 17
70
19 20
75
25 25
80
18 17
85
22 24
90
19 20
95
19 25
100
28 24
105
24 18
110
28 21
115
30 20
120
20 18
125
18 23
130
33 28
135
20 20
140
20 28
145
17 32
150
25 21
155
9 25
160
21 17
165
26 23
170
25 17
175
22 18
180
19 26
185
19 13
190
22 21
195
23 30
200
19 26
205
27 19
210
28 21
215
16 24
220
22 16
225
15 17
230
19 21
235
18 26
240
24 21
245
18 14
250
17 23
255
25 21
260
14 23
265
25 17
270
13 18
275
18 27
280
20 10
285
16 15
290
24 18
295
14 24
300
16 18
305
20 21
310
22 19
315
21 17
320
31 27
325
21 23
330
17 21
335
17 15
340
26 22
345
20 26
350
34 23
355
29 27
360
17 21
365
26 16
370
25 11
375
12 33
380
20 25
385
25 19
390
18 27
395
17 22
400
17 20
405
19 21
410
19 14
415
12 17
420
25 11
425
24 26
430
19 20
435
25 14
440
22 16
445
25 23
450
21 16
455
23 30
460
23 29
465
24 20
470
24 25
475
14 34
480
20 19
485
30 22
490
25 19
495
33 30
500
21 24
505
21 25
510
23 25
515
21 26
520
33 29
525
22 27
530
24 28
535
22 20
540
23 25
545
30 21
550
40 18
555
19 36
560
35 23
565
17 30
570
27 34
575
24 30
580
23 25
585
19 26
590
20 20
595
21 0
0
26 5
5
21 9
10
31 12
15
24 15
20
14 14
25
21 20
30
16 16
35
19 13
40
8 27
45
15 13
50
24 15
55
16 13
60
19 11
65
23 24
70
21 17
75
22 14
80
22 22
85
28 14
90
15 32
95
24 25
100
20 22
105
27 20
110
23 14
115
22 23
120
16 22
125
17 23
130
18 19
135
17 25
140
18 17
145
31 21
150
18 27
155
27 14
160
23 26
165
22 23
170
20 20
175
27 27
180
17 20
185
22 20
190
31 29
195
25 18
200
22 23
205
25 34
210
23 25
215
13 21
220
13 26
225
24 19
230
24 19
235
27 22
240
31 15
245
22 31
250
19 22
255
28 19
260
22 24
265
18 27
270
25 30
275
10 18
280
22 21
285
16 16
290
23 17
295
34 22
300
27 23
305
23 24
310
26 21
315
16 17
320
18 21
325
28 25
330
20 19
335
18 24
340
16 19
345
26 16
350
25 21
355
22 23
360
27 21
365
14 24
370
23 23
375
15 23
380
19 26
385
20 16
390
26 19
395
24 23
400
21 17
405
22 18
410
28 24
415
25 27
420
19 22
425
18 21
430
21 17
435
18 25
440
19 27
445
22 19
450
30 13
455
26 16
460
24 34
465
22 30
470
22 15
475
29 21
480
32 30
485
18 28
490
20 26
495
28 32
500
25 23
505
30 22
510
29 40
515
31 34
520
26 26
525
23 29
530
28 32
535
28 25
540
18 30
545
25 31
550
38 27
555
31 27
560
35 32
565
20 25
570
29 33
575
22 27
580
28 35
585
19 19
590
29 21
595
20 0
0
19 6
5
19 6
10
25 5
15
28 13
20
28 22
25
26 18
30
21 19
35
19 21
40
25 27
45
21 22
50
22 23
55
18 25
60
16 22
65
27 22
70
24 25
75
17 22
80
22 22
85
21 15
90
34 20
95
21 23
100
18 23
105
14 27
110
27 16
115
25 25
120
26 16
125
25 20
130
18 21
135
14 23
140
18 17
145
21 23
150
23 25
155
29 15
160
23 31
165
24 21
170
25 21
175
25 25
180
16 30
185
30 25
190
20 24
195
32 28
200
23 18
205
22 28
210
24 24
215
18 22
220
18 24
225
15 27
230
20 18
235
27 18
240
28 25
245
23 18
250
13 30
255
24 19
260
24 28
265
17 20
270
24 22
275
26 24
280
23 20
285
21 18
290
23 18
295
23 17
300
25 29
305
30 23
310
14 23
315
27 22
320
27 20
325
11 22
330
28 32
335
33 28
340
22 23
345
38 22
350
30 27
355
20 28
360
30 22
365
21 23
370
18 25
375
19 25
380
17 22
385
35 23
390
26 22
395
23 22
400
23 28
405
22 30
410
32 19
415
22 26
420
30 30
425
23 23
430
26 20
435
18 23
440
28 27
445
19 21
450
28 22
455
32 24
460
34 30
465
44 32
470
27 35
475
44 24
480
40 41
485
25 40
490
31 38
495
25 26
500
21 32
505
26 29
510
30 27
515
26 28
520
30 37
525
27 30
530
30 40
535
32 23
540
23 25
545
27 26
550
28 22
555
37 31
560
28 39
565
29 20
570
42 37
575
27 31
580
29 35
585
20 19
590
35 30
595
22 0
0
24 2
5
21 9
10
23 16
15
24 11
20
26 15
25
22 26
30
26 15
35
20 27
40
29 20
45
18 24
50
24 22
55
29 22
60
21 21
65
21 21
70
18 18
75
25 21
80
19 20
85
30 15
90
24 23
95
27 37
100
24 22
105
27 13
110
20 17
115
31 30
120
25 24
125
23 29
130
19 17
135
26 30
140
28 37
145
28 26
150
19 20
155
22 31
160
25 24
165
22 21
170
29 22
175
28 18
180
21 26
185
29 28
190
25 18
195
24 24
200
18 27
205
27 23
210
22 31
215
32 24
220
21 21
225
19 22
230
30 32
235
21 23
240
26 17
245
19 25
250
18 21
255
27 19
260
17 19
265
20 16
270
20 31
275
33 22
280
21 38
285
26 26
290
21 21
295
32 21
300
18 23
305
28 29
310
22 20
315
24 20
320
24 19
325
22 27
330
28 22
335
28 26
340
18 18
345
19 26
350
32 22
355
41 29
360
18 17
365
25 31
370
19 32
375
28 25
380
28 17
385
24 20
390
27 28
395
24 27
400
34 33
405
28 21
410
24 28
415
24 24
420
21 21
425
34 26
430
24 21
435
16 25
440
28 23
445
25 25
450
23 25
455
21 27
460
22 26
465
32 21
470
28 28
475
33 32
480
25 32
485
38 22
490
28 37
495
28 35
500
33 26
505
29 25
510
21 35
515
28 34
520
37 36
525
31 26
530
35 38
535
22 33
540
33 26
545
26 26
550
35 34
555
27 28
560
30 41
565
33 27
570
38 25
575
27 27
580
31 33
585
27 37
590
40 39
595
28 2
0
24 4
5
21 11
10
23 15
15
16 13
20
21 15
25
27 18
30
20 20
35
24 20
40
23 24
45
26 23
50
25 28
55
20 28
60
24 21
65
10 23
70
19 27
75
19 14
80
18 14
85
20 13
90
23 19
95
18 28
100
14 15
105
21 16
110
23 18
115
14 19
120
21 25
125
26 14
130
17 25
135
24 23
140
22 19
145
22 25
150
20 13
155
21 27
160
18 16
165
17 32
170
22 23
175
16 15
180
16 12
185
12 22
190
18 18
195
21 15
200
20 23
205
21 17
210
22 19
215
19 17
220
18 22
225
14 16
230
21 15
235
23 25
240
21 25
245
28 13
250
15 20
255
17 17
260
22 22
265
23 15
270
17 18
275
28 17
280
27 24
285
19 25
290
26 20
295
27 33
300
21 26
305
18 20
310
22 25
315
24 23
320
25 19
325
18 22
330
30 28
335
17 20
340
23 17
345
25 21
350
29 26
355
29 23
360
28 27
365
28 22
370
22 17
375
21 29
380
25 29
385
26 21
390
22 16
395
18 28
400
26 31
405
24 30
410
27 23
415
24 17
420
31 35
425
32 29
430
33 27
435
24 23
440
31 25
445
29 32
450
27 28
455
31 27
460
33 36
465
26 28
470
31 35
475
32 42
480
34 28
485
28 18
490
31 30
495
25 24
500
33 36
505
28 24
510
20 38
515
36 27
520
33 28
525
35 27
530
21 32
535
29 38
540
21 28
545
30 20
550
28 38
555
29 29
560
31 26
565
33 28
570
24 33
575
26 22
580
28 22
585
25 38
590
32 29
595
15 1
0
14 4
5
23 12
10
17 11
15
18 8
20
13 17
25
9 16
30
22 11
35
14 8
40
17 13
45
16 10
50
15 25
55
22 14
60
16 25
65
25 17
70
32 15
75
16 23
80
22 21
85
18 18
90
26 19
95
18 19
100
17 25
105
26 16
110
21 20
115
20 22
120
15 16
125
17 24
130
27 25
135
25 18
140
19 25
145
28 16
150
15 22
155
24 22
160
13 21
165
20 21
170
19 17
175
16 26
180
22 20
185
18 12
190
24 25
195
19 14
200
12 18
205
22 21
210
27 18
215
18 22
220
22 25
225
18 21
230
18 20
235
25 19
240
32 19
245
24 20
250
23 16
255
15 21
260
28 19
265
23 28
270
27 17
275
28 24
280
25 25
285
32 24
290
31 29
295
21 26
300
21 28
305
16 21
310
27 23
315
22 15
320
30 27
325
18 23
330
15 21
335
19 27
340
23 25
345
29 17
350
25 21
355
23 26
360
25 18
365
22 26
370
24 26
375
21 27
380
23 21
385
33 24
390
24 24
395
29 27
400
25 26
405
22 28
410
31 24
415
21 19
420
27 23
425
28 23
430
32 22
435
22 29
440
25 22
445
26 34
450
20 28
455
19 23
460
28 28
465
33 25
470
35 34
475
30 30
480
29 34
485
21 27
490
29 31
495
33 26
500
25 23
505
20 29
510
35 31
515
41 27
520
26 26
525
32 35
530
35 36
535
28 23
540
35 38
545
18 33
550
35 25
555
26 35
560
32 28
565
32 40
570
27 34
575
21 32
580
31 20
585
24 21
590
18 33
595
24 0
0
15 5
5
18 7
10
23 13
15
15 16
20
21 13
25
13 24
30
16 14
35
11 10
40
34 15
45
25 20
50
17 25
55
19 33
60
18 11
65
17 19
70
20 18
75
17 23
80
18 12
85
22 22
90
21 24
95
16 16
100
19 16
105
15 18
110
17 21
115
19 24
120
19 13
125
23 11
130
22 24
135
23 26
140
24 24
145
21 13
150
21 10
155
24 24
160
18 24
165
20 27
170
29 17
175
19 22
180
19 14
185
15 17
190
22 29
195
25 23
200
18 24
205
20 26
210
22 13
215
21 21
220
20 18
225
16 20
230
21 23
235
30 25
240
31 17
245
19 20
250
27 24
255
21 27
260
27 24
265
22 24
270
19 25
275
25 17
280
30 27
285
33 18
290
29 23
295
20 36
300
33 28
305
25 21
310
26 28
315
28 34
320
22 24
325
21 22
330
17 23
335
24 28
340
18 21
345
25 26
350
28 16
355
15 30
360
22 22
365
20 23
370
25 15
375
20 24
380
26 25
385
22 22
390
15 25
395
17 25
400
29 21
405
21 18
410
20 23
415
20 17
420
18 23
425
14 23
430
27 6
435
16 15
440
19 22
445
21 23
450
20 25
455
23 23
460
23 22
465
24 25
470
26 22
475
23 20
480
26 23
485
17 18
490
18 23
495
19 19
500
28 24
505
32 20
510
23 27
515
27 23
520
32 20
525
19 31
530
17 24
535
23 22
540
15 29
545
20 18
550
27 20
555
17 24
560
33 20
565
25 21
570
16 23
575
19 25
580
19 20
585
19 23
590
23 15
595
32 0
0
20 6
5
17 8
10
21 15
15
14 12
20
14 17
25
24 13
30
19 10
35
22 29
40
17 15
45
19 15
50
10 16
55
30 24
60
15 17
65
12 16
70
14 16
75
27 9
80
14 16
85
20 19
90
23 18
95
19 17
100
24 27
105
17 19
110
26 24
115
21 18
120
18 15
125
20 24
130
24 24
135
15 22
140
22 18
145
23 17
150
13 26
155
15 22
160
21 30
165
18 18
170
23 18
175
26 14
180
19 17
185
19 17
190
16 20
195
25 20
200
21 14
205
21 22
210
13 19
215
23 18
220
15 32
225
7 12
230
12 16
235
9 14
240
19 15
245
20 11
250
19 15
255
9 20
260
25 16
265
13 17
270
19 15
275
20 20
280
17 19
285
17 12
290
21 24
295
22 18
300
21 17
305
28 24
310
20 13
315
16 19
320
16 28
325
19 20
330
23 17
335
18 27
340
22 20
345
20 22
350
24 21
355
22 21
360
19 21
365
27 17
370
15 19
375
26 17
380
21 19
385
26 20
390
18 18
395
20 21
400
22 15
405
20 26
410
18 24
415
21 21
420
18 18
425
19 29
430
29 19
435
18 14
440
16 18
445
26 26
450
30 22
455
30 19
460
27 31
465
22 20
470
20 28
475
33 26
480
21 28
485
21 33
490
22 21
495
30 24
500
36 23
505
20 29
510
28 31
515
29 27
520
24 30
525
28 25
530
25 22
535
30 30
540
23 36
545
20 34
550
31 19
555
27 28
560
25 24
565
28 28
570
15 35
575
14 25
580
28 19
585
21 20
590
16 13
595
27 1
0
23 6
5
15 10
10
19 12
15
20 12
20
22 17
25
16 13
30
24 14
35
17 14
40
23 14
45
15 20
50
32 21
55
20 20
60
20 27
65
23 17
70
17 22
75
16 17
80
25 27
85
26 27
90
23 20
95
25 31
100
22 26
105
24 13
110
22 18
115
22 27
120
20 22
125
23 14
130
20 16
135
25 24
140
23 33
145
26 31
150
30 15
155
27 28
160
20 20
165
26 18
170
34 35
175
15 23
180
20 25
185
22 22
190
25 16
195
22 14
200
17 17
205
24 22
210
25 31
215
16 27
220
20 20
225
18 21
230
22 19
235
23 20
240
24 13
245
22 21
250
16 16
255
19 23
260
18 23
265
26 26
270
23 17
275
25 18
280
19 26
285
22 20
290
26 25
295
17 23
300
23 20
305
21 31
310
27 21
315
20 26
320
21 23
325
19 20
330
27 17
335
15 17
340
17 26
345
25 17
350
14 23
355
20 15
360
28 19
365
21 20
370
21 22
375
25 19
380
19 27
385
29 18
390
22 23
395
26 19
400
23 33
405
21 28
410
25 22
415
27 24
420
16 24
425
20 28
430
23 22
435
27 16
440
23 14
445
20 23
450
23 18
455
23 20
460
24 19
465
25 25
470
36 35
475
23 36
480
20 24
485
23 21
490
21 24
495
32 28
500
24 25
505
32 28
510
26 27
515
26 28
520
35 33
525
20 22
530
25 26
535
25 32
540
26 27
545
23 32
550
30 25
555
23 25
560
24 30
565
19 16
570
26 24
575
21 35
580
23 22
585
16 20
590
24 21
595
34 0
0
15 5
5
15 8
10
23 11
15
15 14
20
23 13
25
23 12
30
25 26
35
24 13
40
25 27
45
24 19
50
31 23
55
15 20
60
23 30
65
23 13
70
18 21
75
23 23
80
25 24
85
18 28
90
31 23
95
16 24
100
21 22
105
22 17
110
17 26
115
33 19
120
26 26
125
33 23
130
22 26
135
32 22
140
24 19
145
16 32
150
24 21
155
25 20
160
22 19
165
26 22
170
29 24
175
24 25
180
23 26
185
19 28
190
23 23
195
24 19
200
21 25
205
26 25
210
19 21
215
20 26
220
11 22
225
14 15
230
27 12
235
20 27
240
18 20
245
31 19
250
22 21
255
14 20
260
25 17
265
14 23
270
17 24
275
21 19
280
21 14
285
27 21
290
13 19
295
22 21
300
14 24
305
24 16
310
17 31
315
31 22
320
22 29
325
28 12
330
19 26
335
29 18
340
27 17
345
20 22
350
29 26
355
30 33
360
27 29
365
18 22
370
21 18
375
18 22
380
17 18
385
16 22
390
21 26
395
27 18
400
21 21
405
25 20
410
19 24
415
20 18
420
23 22
425
20 23
430
21 22
435
21 17
440
28 20
445
24 28
450
38 26
455
28 25
460
25 29
465
29 24
470
31 28
475
37 27
480
30 34
485
40 30
490
38 33
495
27 39
500
32 38
505
32 39
510
24 31
515
28 28
520
32 31
525
30 27
530
30 35
535
27 39
540
28 27
545
26 28
550
25 38
555
30 33
560
33 22
565
29 25
570
32 37
575
26 29
580
24 34
585
21 28
590
23 23
595
26 2
0
17 3
5
31 13
10
20 10
15
24 10
20
29 19
25
25 17
30
24 16
35
17 26
40
24 29
45
29 25
50
13 23
55
29 16
60
25 23
65
21 21
70
23 29
75
26 24
80
26 23
85
18 26
90
25 21
95
20 24
100
36 16
105
22 17
110
27 40
115
32 22
120
29 28
125
19 20
130
20 26
135
25 24
140
26 27
145
23 33
150
26 14
155
18 21
160
21 27
165
22 22
170
26 21
175
24 25
180
20 23
185
19 21
190
23 23
195
21 24
200
28 20
205
34 19
210
23 22
215
16 22
220
23 32
225
15 28
230
29 24
235
21 21
240
11 15
245
25 21
250
26 19
255
30 24
260
23 22
265
30 27
270
19 28
275
23 18
280
21 29
285
29 24
290
19 22
295
31 26
300
32 22
305
20 20
310
21 30
315
19 22
320
27 22
325
25 22
330
28 29
335
15 18
340
19 24
345
20 40
350
16 12
355
27 18
360
34 19
365
24 18
370
31 26
375
34 25
380
30 25
385
24 33
390
26 32
395
21 27
400
21 26
405
25 23
410
33 28
415
20 32
420
25 24
425
23 27
430
23 20
435
27 29
440
24 31
445
43 21
450
30 23
455
30 27
460
32 35
465
22 25
470
33 30
475
34 37
480
35 24
485
27 27
490
35 34
495
24 36
500
25 26
505
39 32
510
24 39
515
35 30
520
27 36
525
30 30
530
23 27
535
31 29
540
29 24
545
32 36
550
37 36
555
33 31
560
22 30
565
27 22
570
24 30
575
29 23
580
28 38
585
23 28
590
26 18
595
17 0
0
18 4
5
16 5
10
22 7
15
23 18
20
20 12
25
28 23
30
15 15
35
25 21
40
24 25
45
16 15
50
21 18
55
21 18
60
26 11
65
30 22
70
21 25
75
22 23
80
16 23
85
22 25
90
21 23
95
13 22
100
20 20
105
24 21
110
21 24
115
20 20
120
21 20
125
24 23
130
19 20
135
22 16
140
18 25
145
26 23
150
12 25
155
25 18
160
18 25
165
13 21
170
24 16
175
17 25
180
27 16
185
17 19
190
21 21
195
20 15
200
20 17
205
22 21
210
24 24
215
23 22
220
23 17
225
19 18
230
23 24
235
21 25
240
22 23
245
26 24
250
25 15
255
21 30
260
27 22
265
32 25
270
26 25
275
20 26
280
22 25
285
24 22
290
26 23
295
27 28
300
25 21
305
23 24
310
23 25
315
24 26
320
31 28
325
25 27
330
23 28
335
26 28
340
16 22
345
28 24
350
27 20
355
41 23
360
34 35
365
23 32
370
27 22
375
24 24
380
24 22
385
37 26
390
29 23
395
20 26
400
30 36
405
31 26
410
24 26
415
30 23
420
29 40
425
31 31
430
26 32
435
33 28
440
36 29
445
33 25
450
25 30
455
33 41
460
36 26
465
33 32
470
37 30
475
30 35
480
27 29
485
31 36
490
22 38
495
31 35
500
23 34
505
34 29
510
33 27
515
32 43
520
40 24
525
27 40
530
35 29
535
31 27
540
39 21
545
26 43
550
31 22
555
37 33
560
32 36
565
29 36
570
32 33
575
28 41
580
34 36
585
39 27
590
29 24
595
19 0
0
21 5
5
19 8
10
14 10
15
17 13
20
24 14
25
18 25
30
18 14
35
14 17
40
21 22
45
20 17
50
20 20
55
30 14
60
13 11
65
22 22
70
20 22
75
28 17
80
12 18
85
21 17
90
19 25
95
22 20
100
23 20
105
15 15
110
13 19
115
16 18
120
16 17
125
16 14
130
16 23
135
19 9
140
24 21
145
20 24
150
29 17
155
26 17
160
25 28
165
16 21
170
28 22
175
21 28
180
26 23
185
16 22
190
16 13
195
16 16
200
25 31
205
25 19
210
17 20
215
21 19
220
15 24
225
25 20
230
21 20
235
27 30
240
20 14
245
19 26
250
20 20
255
20 24
260
18 20
265
12 15
270
28 10
275
19 23
280
24 22
285
19 19
290
19 19
295
24 16
300
24 34
305
20 14
310
24 27
315
22 22
320
24 23
325
23 18
330
24 19
335
25 28
340
27 21
345
24 22
350
23 31
355
29 23
360
26 25
365
31 22
370
25 27
375
21 18
380
25 35
385
22 20
390
29 28
395
22 29
400
17 23
405
28 36
410
17 17
415
28 20
420
31 30
425
25 13
430
19 27
435
30 25
440
24 24
445
17 19
450
23 28
455
25 26
460
23 25
465
28 28
470
33 15
475
23 25
480
36 24
485
25 36
490
18 31
495
29 17
500
35 24
505
33 36
510
26 27
515
34 34
520
26 29
525
32 35
530
25 18
535
23 37
540
19 24
545
32 28
550
33 21
555
33 28
560
20 25
565
25 30
570
26 24
575
22 27
580
18 33
585
34 21
590
24 19
595
